

<!DOCTYPE html>
<html>
<head>
	<meta charset='UTF-8' /> 
	<meta name='description' content='' />
	<meta name='robots' content='noodp, noydir' />
	<meta name='viewport' content='width=device-width, initial-scale=1' />
	<meta id="timeStampFormat" name="timeStampFormat" content='MMM d, yyyy hh:mm:ss a'/>
	
	<link href='http://fonts.googleapis.com/css?family=Source+Sans+Pro:400,600' rel='stylesheet' type='text/css' />
	<link href="http://fonts.googleapis.com/icon?family=Material+Icons" rel="stylesheet" />
	<link href='http://cdn.rawgit.com/extent-framework/extent-github-cdn/b65cd69/v3html/css/extent.css' type='text/css' rel='stylesheet' />
	
	<title>Jtv.com Automation Execution Reports</title>

	<style type='text/css'>
		/* json-tree */
		.jstBracket,.jstComma,.jstValue{white-space:pre-wrap}.jstValue{font-size:10px;font-weight:400;font-family:"Lucida Console",Monaco,monospace}.jstProperty{color:#666;word-wrap:break-word}.jstBool{color:#2525CC}.jstNum{color:#D036D0}.jstNull{color:gray}.jstStr{color:#2DB669}.jstFold:after{content:' -';cursor:pointer}.jstExpand{white-space:normal}.jstExpand:after{content:' +';cursor:pointer}.jstFolded{white-space:normal!important}.jstHiddenBlock{display:none}
			


		
	</style>
	
	<script type="text/javascript">
		/*! json-tree - v0.2.2 - 2017-09-25, MIT LICENSE */
		var JSONTree=function(){var n={"&":"&amp;","<":"&lt;",">":"&gt;",'"':"&quot;","'":"&#x27;","/":"&#x2F;"},t=0,r=0;this.create=function(n,t){return r+=1,N(u(n,0,!1),{class:"jstValue"})};var e=function(t){return t.replace(/[&<>'"]/g,function(t){return n[t]})},s=function(){return r+"_"+t++},u=function(n,t,r){if(null===n)return f(r?t:0);switch(typeof n){case"boolean":return l(n,r?t:0);case"number":return i(n,r?t:0);case"string":return o(n,r?t:0);default:return n instanceof Array?a(n,t,r):c(n,t,r)}},c=function(n,t,r){var e=s(),u=Object.keys(n).map(function(r){return j(r,n[r],t+1,!0)}).join(m()),c=[g("{",r?t:0,e),N(u,{id:e}),p("}",t)].join("\n");return N(c,{})},a=function(n,t,r){var e=s(),c=n.map(function(n){return u(n,t+1,!0)}).join(m());return[g("[",r?t:0,e),N(c,{id:e}),p("]",t)].join("\n")},o=function(n,t){var r=e(JSON.stringify(n));return N(v(r,t),{class:"jstStr"})},i=function(n,t){return N(v(n,t),{class:"jstNum"})},l=function(n,t){return N(v(n,t),{class:"jstBool"})},f=function(n){return N(v("null",n),{class:"jstNull"})},j=function(n,t,r){var s=v(e(JSON.stringify(n))+": ",r),c=N(u(t,r,!1),{});return N(s+c,{class:"jstProperty"})},m=function(){return N(",\n",{class:"jstComma"})},N=function(n,t){return d("span",t,n)},d=function(n,t,r){return"<"+n+Object.keys(t).map(function(n){return" "+n+'="'+t[n]+'"'}).join("")+">"+r+"</"+n+">"},g=function(n,t,r){return N(v(n,t),{class:"jstBracket"})+N("",{class:"jstFold",onclick:"JSONTree.toggle('"+r+"')"})};this.toggle=function(n){var t=document.getElementById(n),r=t.parentNode,e=t.previousElementSibling;""===t.className?(t.className="jstHiddenBlock",r.className="jstFolded",e.className="jstExpand"):(t.className="",r.className="",e.className="jstFold")};var p=function(n,t){return N(v(n,t),{})},v=function(n,t){return Array(2*t+1).join(" ")+n};return this}();
	</script>
</head>
	<body class='extent dark default hide-overflow bdd-report'>
		<div id='theme-selector' alt='Click to toggle theme. To enable by default, use theme configuration.' title='Click to toggle theme. To enable by default, use theme configuration.'>
			<span><i class='material-icons'>desktop_windows</i></span>
		</div>
<nav>
	<div class="nav-wrapper">
		<a href="#!" class="brand-logo black"><img src="https://cdn.rawgit.com/extent-framework/extent-github-cdn/d74480e/commons/img/logo.png"></a>
		<!-- slideout menu -->
		<ul id='slide-out' class='side-nav fixed hide-on-med-and-down'>
			<li class='waves-effect active'><a href='#!' view='test-view' onclick="configureView(0);chartsView('test');"><i class='material-icons'>dashboard</i></a></li>
						<li class='waves-effect'><a href='#!' view='category-view' onclick="configureView(1)"><i class='material-icons'>label_outline</i></a></li>
			<li class='waves-effect'><a href='#!' view='exception-view' onclick="configureView(2)"><i class='material-icons'>bug_report</i></a></li>
			<li class='waves-effect'><a href='#!' onclick="configureView(-1);chartsView('dashboard');" view='dashboard-view'><i class='material-icons'>track_changes</i></a></li>
		</ul>
		<!-- report name -->
		<span class='report-name'>Jtv.com Automation Execution Reports</span>
		<!-- report headline -->
		<span class='report-headline'></span>
		<!-- nav-right -->
		<ul id='nav-mobile' class='right hide-on-med-and-down nav-right'>
			<a href='#!'>
			<span class='label blue darken-3 suite-start-time'>Aug 12, 2019 10:10:54 AM</span>
			</a>
		</ul>
	</div>
</nav>		<!-- container -->
		<div class='container'>
<div id='test-view' class='view'>
	<section id='controls'>
		<div class='controls grey lighten-4'>
			<!-- test toggle -->
			<div class='chip transparent'>
				<a class='dropdown-button tests-toggle' data-activates='tests-toggle' data-constrainwidth='true' data-beloworigin='true' data-hover='true' href='#'>
				<i class='material-icons'>warning</i> Status
				</a>
				<ul id='tests-toggle' class='dropdown-content'>
										<li status='pass'><a href='#!'>Pass <i class='material-icons green-text'>check_circle</i></a></li>
					<li status='fail'><a href='#!'>Fail <i class='material-icons red-text'>cancel</i></a></li>
					<li status='skip'><a href='#!'>Skip <i class='material-icons cyan-text'>redo</i></a></li>
					<li class='divider'></li>
					<li status='clear' clear='true'><a href='#!'>Clear Filters <i class='material-icons'>clear</i></a></li>
				</ul>
			</div>
			<!-- test toggle -->
			<!-- category toggle -->
			<div class='chip transparent'>
				<a class='dropdown-button category-toggle' data-activates='category-toggle' data-constrainwidth='false' data-beloworigin='true' data-hover='true' href='#'>
				<i class='material-icons'>local_offer</i> Category
				</a>
				<ul id='category-toggle' class='dropdown-content'>
					<li><a href='#'>@salesTax</a></li>
					<li><a href='#'>@smoke</a></li>
					<li><a href='#'>@checkout</a></li>
					<li><a href='#'>@createAccount</a></li>
					<li><a href='#'>@createAccountExistingEmail</a></li>
					<li><a href='#'>@createAccountExistingEmail1</a></li>
					<li><a href='#'>@createAccountNewEmail</a></li>
					<li><a href='#'>@Guestcheckout</a></li>
					<li><a href='#'>@login</a></li>
					<li><a href='#'>@managePayment</a></li>
					<li><a href='#'>@paypalCheckout</a></li>
					<li><a href='#'>@preferredAccount</a></li>
					<li><a href='#'>@quickbuy</a></li>
					<li><a href='#'>@searchpage</a></li>
					<li><a href='#'>@regression</a></li>
					<li><a href='#'>@customerShoppingBag</a></li>
					<li><a href='#'>@stretchPay</a></li>
					<li class='divider'></li>
					<li class='clear'><a href='#!' clear='true'>Clear Filters</a></li>
				</ul>
			</div>
			<!-- category toggle -->
			<!-- clear filters -->
			<div class='chip transparent hide'>
				<a class='' id='clear-filters' alt='Clear Filters' title='Clear Filters'>
				<i class='material-icons'>close</i> Clear
				</a>
			</div>
			<!-- clear filters -->
			<!-- enable dashboard -->
			<div id='toggle-test-view-charts' class='chip transparent'>
				<a class='pink-text' id='enable-dashboard' alt='Enable Dashboard' title='Enable Dashboard'>
				<i class='material-icons'>track_changes</i> Dashboard
				</a>
			</div>
			<!-- enable dashboard -->
			<!-- search -->
			<div class='chip transparent' alt='Search Tests' title='Search Tests'>
				<a href="#" class='search-div'>
				<i class='material-icons'>search</i> Search
				</a>
				<div class='input-field left hide'>
					<input id='search-tests' type='text' class='validate browser-default' placeholder='Search Tests...'>
				</div>
			</div>
			<!-- search -->
		</div>
	</section>
<div id='test-view-charts' class='subview-full'>
    <div id='charts-row' class='row nm-v nm-h'>
        <div class='col s12 m4 l4 np-h'>
            <div class='card-panel nm-v'>
                <div class='left panel-name'>Features</div>
                <div class='chart-box' style="max-height:94px;">
                    <canvas id='parent-analysis' width='90' height='70'></canvas>
                </div>
                <div class='block text-small'>
                    <span class='tooltipped' data-position='top' data-tooltip='36.364%'><span class='strong'>4</span> feature(s) passed</span>
                </div>
                <div class='block text-small'>
                    <span class='strong tooltipped' data-position='top' data-tooltip='63.636%'>7</span> feature(s) failed, <span class='strong tooltipped' data-position='top' data-tooltip='0%'>0</span> others
                </div>
            </div>
        </div>
        <div class='col s12 m4 l4 np-h'>
            <div class='card-panel nm-v'>
                <div class='left panel-name'>Scenarios</div>
                <div class='chart-box' style="max-height:94px;">
                    <canvas id='child-analysis' width='90' height='70'></canvas>
                </div>
                <div class='block text-small'>
                    <span class='tooltipped' data-position='top' data-tooltip='57.143%'><span class='strong'>12</span> scenario(s) passed</span>
                </div>
                <div class='block text-small'>
                    <span class='strong tooltipped' data-position='top' data-tooltip='42.857%'>9</span> scenario(s) failed, <span class='strong tooltipped' data-position='top' data-tooltip='0%'>0</span> others
                </div>
            </div>
        </div>
        <div class='col s12 m4 l4 np-h'>
            <div class='card-panel nm-v'>
                <div class='left panel-name'>Steps</div>
                <div class='chart-box' style="max-height:94px;">
                    <canvas id='grandchild-analysis' width='90' height='70'></canvas>
                </div>
                <div class='block text-small'>
                    <span class='tooltipped' data-position='top' data-tooltip='88.652%'><span class='strong'>125</span> step(s) passed</span>
                </div>
                <div class='block text-small'>
                    <span class='strong tooltipped' data-position='top' data-tooltip='6.383%'>9</span> step(s) failed, <span class='strong tooltipped' data-position='top' data-tooltip='4.965%'>7</span> others
                </div>
            </div>
        </div>
    </div>
    <div id="timeline-chart" class="row nm-v nm-h">
        <div class="col s12 m12 l12 np-h">
            <div class="card-panel">
                <div class='left panel-name'>Timeline (seconds)</div>
                <div class="chart-box" style="width:98%;max-height:145px;">
                    <canvas id="timeline" height="120"></canvas>
                </div>
            </div>
        </div>
    </div>
</div>	<div class='subview-left left'>
		<div class='view-summary'>
			<ul id='test-collection' class='test-collection'>
				<li class='test displayed active has-leaf pass' status='pass' bdd='true' test-id='1'>
					<div class='test-heading'>
						<span class='test-name'>Sales Tax computed correctly on placing orders</span>
						<span class='test-time'>Aug 12, 2019 10:10:54 AM</span>
						<span class='test-status right pass'>pass</span>
					</div>
					<div class='test-content hide'>
<div class="sr-filters bdd-filters">
    <a class="btn-floating waves-effect waves-light pass green" title="pass"><i class='material-icons'>check_circle</i></a>
    <a class="btn-floating waves-effect waves-light fail red" title="fail"><i class='material-icons'>cancel</i></a>
    <a class="btn-floating waves-effect waves-light skip blue" title="skip"><i class='material-icons'>redo</i></a>
    <a class="btn-floating waves-effect waves-light clear grey" title="clear"><i class='material-icons'>clear</i></a>
</div>
<div class='scenariooutline node' test-id='2' status='pass'>
    <div class='category-list'>
        <span class='category label'>@smoke</span>
    </div>
    <span class='duration right label'>0h 0m 45s+443ms</span>
    <div class="bdd-test">
        <div class="scenario-name"><span class='status pass' title='pass'><i class='material-icons'>check_circle</i></span> ScenarioOutline: Sales Tax gets updated on change of Shipping address</div>
        <table class='runtime-table table-striped table'><tr><td>First Name</td><td>Last Name</td><td>Phone</td><td>Address1</td><td>Address2</td><td>City</td><td>Country</td><td>State</td><td>Zip Code</td><td></td></tr><tr><td>Sedhu</td><td>M</td><td>1234567890</td><td>1301 Dunwoody Gables Drive</td><td></td><td>Dunwoody</td><td>United States</td><td>GA</td><td>30338</td><td></td></tr></table>
    </div>
    <ul class='steps'>
        <li test-id='3' class='node scenario pass' status='pass'>
            <div class="step-name" title=""><span class='status pass' title='pass'><i class='material-icons'>check_circle</i></span>Sales Tax gets updated on change of Shipping address</div>
            <ul class='gc steps'>
                    <li test-id='4' class='gc asterisk pass' status='pass'>
                        <h6 class="step-name" title=""><span class='status pass' title='pass'><i class='material-icons'>check_circle</i></span>Hooks.setUp(Scenario)</h6>
                            <div class="node-step"></div>
                    </li>
                    <li test-id='5' class='gc given pass' status='pass'>
                        <h6 class="step-name" title="HomePageSteps.i_navigate_to_the_home_page()"><span class='status pass' title='pass'><i class='material-icons'>check_circle</i></span>Given the user navigates to the home page</h6>
                            <div class="node-step"></div>
                    </li>
                    <li test-id='6' class='gc when pass' status='pass'>
                        <h6 class="step-name" title="HomePageSteps.user_selects_item()"><span class='status pass' title='pass'><i class='material-icons'>check_circle</i></span>When the user selects an item and Adds to Bag</h6>
                            <div class="node-step"></div>
                    </li>
                    <li test-id='7' class='gc and pass' status='pass'>
                        <h6 class="step-name" title="ProductDetailsSteps.userNavigatesToBag_checkout()"><span class='status pass' title='pass'><i class='material-icons'>check_circle</i></span>And the user navigates to Bag screen and places Guest checkout</h6>
                            <div class="node-step"></div>
                    </li>
                    <li test-id='8' class='gc and pass' status='pass'>
                        <h6 class="step-name" title="ShippingPageSteps.enterShippingAddress_Billing(DataTable)"><span class='status pass' title='pass'><i class='material-icons'>check_circle</i></span>And the user enters the Shipping address and continues to Billing</h6>
                            <div class="node-step"><table class='runtime-table table-striped table'><tr><td>Sedhu</td><td>M</td><td>1234567890</td><td>1301 Dunwoody Gables Drive</td><td></td><td>Dunwoody</td><td>United States</td><td>GA</td><td>30338</td></tr></table></div>
                    </li>
                    <li test-id='9' class='gc and pass' status='pass'>
                        <h6 class="step-name" title="BillingSteps.userFillsCardInfo(DataTable)"><span class='status pass' title='pass'><i class='material-icons'>check_circle</i></span>And the user enters payment information and email</h6>
                            <div class="node-step"><table class='runtime-table table-striped table'><tr><td>Alexandra Hope</td><td>4539838659946540</td><td>07</td><td>2020</td><td>123</td><td>msm@jtv.com</td></tr></table></div>
                    </li>
                    <li test-id='10' class='gc and pass' status='pass'>
                        <h6 class="step-name" title="ShippingPageSteps.userChangesShippingAddress(DataTable)"><span class='status pass' title='pass'><i class='material-icons'>check_circle</i></span>And user changes the shipping address</h6>
                            <div class="node-step"><table class='runtime-table table-striped table'><tr><td>Sedhu</td><td>M</td><td>1234567890</td><td>414 N Forest Park Blvd</td><td></td><td>Knoxville</td><td>United States</td><td>TN</td><td>37919</td></tr></table></div>
                    </li>
                    <li test-id='11' class='gc then pass' status='pass'>
                        <h6 class="step-name" title="ShippingPageSteps.VerifySalesTaxComputed()"><span class='status pass' title='pass'><i class='material-icons'>check_circle</i></span>Then the Sales Tax gets computed based on the new Shipping address</h6>
                            <div class="node-step"></div>
                    </li>
                    <li test-id='12' class='gc asterisk pass' status='pass'>
                        <h6 class="step-name" title=""><span class='status pass' title='pass'><i class='material-icons'>check_circle</i></span>Hooks.quit(Scenario)</h6>
                            <div class="node-step">Scenario Passed</div>
                    </li>
            </ul>
        </li>
    </ul>
</div>
					</div>
				</li>
				<li class='test displayed active has-leaf pass' status='pass' bdd='true' test-id='13'>
					<div class='test-heading'>
						<span class='test-name'>As a Guest, user should be able to checkout a product</span>
						<span class='test-time'>Aug 12, 2019 10:11:40 AM</span>
						<span class='test-status right pass'>pass</span>
					</div>
					<div class='test-content hide'>
<div class="sr-filters bdd-filters">
    <a class="btn-floating waves-effect waves-light pass green" title="pass"><i class='material-icons'>check_circle</i></a>
    <a class="btn-floating waves-effect waves-light fail red" title="fail"><i class='material-icons'>cancel</i></a>
    <a class="btn-floating waves-effect waves-light skip blue" title="skip"><i class='material-icons'>redo</i></a>
    <a class="btn-floating waves-effect waves-light clear grey" title="clear"><i class='material-icons'>clear</i></a>
</div>
<div class='scenario node' test-id='14' status='pass'>
    <div class='category-list'>
        <span class='category label'>@checkout</span>
        <span class='category label'>@smoke</span>
    </div>
    <span class='duration right label'>0h 0m 41s+88ms</span>
    <div class="bdd-test">
        <div class="scenario-name"><span class='status pass' title='pass'><i class='material-icons'>check_circle</i></span> Scenario: Registered User checkouts a product and place an order with P.O.Box address</div>
    </div>
    <ul class='steps'>
        <li test-id='15' class='node asterisk pass' status='pass'>
            <div class="step-name" title=""><span class='status pass' title='pass'><i class='material-icons'>check_circle</i></span>Hooks.setUp(Scenario)</div>
                <div class="node-step"></div>
        </li>
        <li test-id='16' class='node given pass' status='pass'>
            <div class="step-name" title="LoginSteps.i_navigate_to_the_Login_page()"><span class='status pass' title='pass'><i class='material-icons'>check_circle</i></span>Given the user navigate to the Login page</div>
                <div class="node-step"></div>
        </li>
        <li test-id='17' class='node when pass' status='pass'>
            <div class="step-name" title="LoginSteps.i_login_with_email_and_Password(DataTable)"><span class='status pass' title='pass'><i class='material-icons'>check_circle</i></span>When the user login with following credentials</div>
                <div class="node-step"><table class='runtime-table table-striped table'><tr><td>sedhu.madhavan@jtv.com</td><td>reliance</td></tr></table></div>
        </li>
        <li test-id='18' class='node and pass' status='pass'>
            <div class="step-name" title="HomePageSteps.i_navigate_to_the_home_page()"><span class='status pass' title='pass'><i class='material-icons'>check_circle</i></span>And the user navigates to the home page</div>
                <div class="node-step"></div>
        </li>
        <li test-id='19' class='node and pass' status='pass'>
            <div class="step-name" title="HomePageSteps.user_selects_item()"><span class='status pass' title='pass'><i class='material-icons'>check_circle</i></span>And the user selects an item and Adds to Bag</div>
                <div class="node-step"></div>
        </li>
        <li test-id='20' class='node and pass' status='pass'>
            <div class="step-name" title="ProductDetailsSteps.userNavigatesToBagAndCheckoutOrder()"><span class='status pass' title='pass'><i class='material-icons'>check_circle</i></span>And the user navigates to Bag screen</div>
                <div class="node-step"></div>
        </li>
        <li test-id='21' class='node asterisk pass' status='pass'>
            <div class="step-name" title=""><span class='status pass' title='pass'><i class='material-icons'>check_circle</i></span>Hooks.quit(Scenario)</div>
                <div class="node-step">Scenario Passed</div>
        </li>
    </ul>
</div>
<div class='scenariooutline node' test-id='51' status='pass'>
    <div class='category-list'>
        <span class='category label'>@smoke</span>
    </div>
    <span class='duration right label'>0h 0m 49s+59ms</span>
    <div class="bdd-test">
        <div class="scenario-name"><span class='status pass' title='pass'><i class='material-icons'>check_circle</i></span> ScenarioOutline: User checkouts a product as Guest and place an order</div>
        <table class='runtime-table table-striped table'><tr><td>First Name</td><td>Last Name</td><td>Phone</td><td>Address1</td><td>Address2</td><td>City</td><td>Country</td><td>State</td><td>Zip Code</td><td></td></tr><tr><td>Sedhu</td><td>M</td><td>1234567890</td><td>1301 Dunwoody Gables Drive</td><td></td><td>Dunwoody</td><td>United States</td><td>GA</td><td>30338</td><td></td></tr></table>
    </div>
    <ul class='steps'>
        <li test-id='52' class='node scenario pass' status='pass'>
            <div class="step-name" title=""><span class='status pass' title='pass'><i class='material-icons'>check_circle</i></span>User checkouts a product as Guest and place an order</div>
            <ul class='gc steps'>
                    <li test-id='53' class='gc asterisk pass' status='pass'>
                        <h6 class="step-name" title=""><span class='status pass' title='pass'><i class='material-icons'>check_circle</i></span>Hooks.setUp(Scenario)</h6>
                            <div class="node-step"></div>
                    </li>
                    <li test-id='54' class='gc given pass' status='pass'>
                        <h6 class="step-name" title="HomePageSteps.i_navigate_to_the_home_page()"><span class='status pass' title='pass'><i class='material-icons'>check_circle</i></span>Given the user navigates to the home page</h6>
                            <div class="node-step"></div>
                    </li>
                    <li test-id='55' class='gc when pass' status='pass'>
                        <h6 class="step-name" title="HomePageSteps.user_selects_item()"><span class='status pass' title='pass'><i class='material-icons'>check_circle</i></span>When the user selects an item and Adds to Bag</h6>
                            <div class="node-step"></div>
                    </li>
                    <li test-id='56' class='gc and pass' status='pass'>
                        <h6 class="step-name" title="ProductDetailsSteps.userNavigatesToBag_checkout()"><span class='status pass' title='pass'><i class='material-icons'>check_circle</i></span>And the user navigates to Bag screen and places Guest checkout</h6>
                            <div class="node-step"></div>
                    </li>
                    <li test-id='57' class='gc and pass' status='pass'>
                        <h6 class="step-name" title="ShippingPageSteps.enterShippingAddress_Billing(DataTable)"><span class='status pass' title='pass'><i class='material-icons'>check_circle</i></span>And the user enters the Shipping address and continues to Billing</h6>
                            <div class="node-step"><table class='runtime-table table-striped table'><tr><td>Sedhu</td><td>M</td><td>1234567890</td><td>1301 Dunwoody Gables Drive</td><td></td><td>Dunwoody</td><td>United States</td><td>GA</td><td>30338</td></tr></table></div>
                    </li>
                    <li test-id='58' class='gc and pass' status='pass'>
                        <h6 class="step-name" title="BillingSteps.userFillsCardInfo(DataTable)"><span class='status pass' title='pass'><i class='material-icons'>check_circle</i></span>And the user enters payment information and email</h6>
                            <div class="node-step"><table class='runtime-table table-striped table'><tr><td>Alexandra Hope</td><td>4539838659946540</td><td>07</td><td>2020</td><td>123</td><td>msm@jtv.com</td></tr></table></div>
                    </li>
                    <li test-id='59' class='gc and pass' status='pass'>
                        <h6 class="step-name" title="ReviewOrderSteps.reviewAndPlaceOrder(DataTable)"><span class='status pass' title='pass'><i class='material-icons'>check_circle</i></span>And the user reviews and places the Order</h6>
                            <div class="node-step"><table class='runtime-table table-striped table'><tr><td>Sedhu</td><td>M</td><td>1234567890</td><td>1301 Dunwoody Gables Drive</td><td></td><td>Dunwoody</td><td>United States</td><td>GA</td><td>30338</td></tr></table></div>
                    </li>
                    <li test-id='60' class='gc then pass' status='pass'>
                        <h6 class="step-name" title="OrderReponseSteps.order_successfully_placed()"><span class='status pass' title='pass'><i class='material-icons'>check_circle</i></span>Then the order is successfully placed</h6>
                            <div class="node-step"></div>
                    </li>
                    <li test-id='61' class='gc asterisk pass' status='pass'>
                        <h6 class="step-name" title=""><span class='status pass' title='pass'><i class='material-icons'>check_circle</i></span>Hooks.quit(Scenario)</h6>
                            <div class="node-step">Scenario Passed</div>
                    </li>
            </ul>
        </li>
    </ul>
</div>
					</div>
				</li>
				<li class='test displayed active has-leaf fail' status='fail' bdd='true' test-id='22'>
					<div class='test-heading'>
						<span class='test-name'>As a new user he should be able to create account with Jtv.com</span>
						<span class='test-time'>Aug 12, 2019 10:12:21 AM</span>
						<span class='test-status right fail'>fail</span>
					</div>
					<div class='test-content hide'>
<div class="sr-filters bdd-filters">
    <a class="btn-floating waves-effect waves-light pass green" title="pass"><i class='material-icons'>check_circle</i></a>
    <a class="btn-floating waves-effect waves-light fail red" title="fail"><i class='material-icons'>cancel</i></a>
    <a class="btn-floating waves-effect waves-light skip blue" title="skip"><i class='material-icons'>redo</i></a>
    <a class="btn-floating waves-effect waves-light clear grey" title="clear"><i class='material-icons'>clear</i></a>
</div>
<div class='scenariooutline node' test-id='23' status='pass'>
    <div class='category-list'>
        <span class='category label'>@createAccount</span>
    </div>
    <span class='duration right label'>0h 0m 22s+502ms</span>
    <div class="bdd-test">
        <div class="scenario-name"><span class='status pass' title='pass'><i class='material-icons'>check_circle</i></span> ScenarioOutline: User Creates new account with jtv.com</div>
        <table class='runtime-table table-striped table'><tr><td>First Name</td><td>Last Name</td><td>Email</td><td>Phone Number</td><td>Password</td><td>Confirm Password</td></tr><tr><td>Sedhu</td><td>Madhavan</td><td>msedhu12xyz@gmail.com</td><td>6618037747</td><td>knoxville</td><td>knoxville</td></tr></table>
    </div>
    <ul class='steps'>
        <li test-id='24' class='node scenario pass' status='pass'>
            <div class="step-name" title=""><span class='status pass' title='pass'><i class='material-icons'>check_circle</i></span>User Creates new account with jtv.com</div>
            <ul class='gc steps'>
                    <li test-id='25' class='gc asterisk pass' status='pass'>
                        <h6 class="step-name" title=""><span class='status pass' title='pass'><i class='material-icons'>check_circle</i></span>Hooks.setUp(Scenario)</h6>
                            <div class="node-step"></div>
                    </li>
                    <li test-id='26' class='gc given pass' status='pass'>
                        <h6 class="step-name" title="HomePageSteps.user_navigates_CreateAccountPage()"><span class='status pass' title='pass'><i class='material-icons'>check_circle</i></span>Given the user navigate to the Create Account page</h6>
                            <div class="node-step"></div>
                    </li>
                    <li test-id='27' class='gc when pass' status='pass'>
                        <h6 class="step-name" title="CreateAccountSteps.createNewAccount(DataTable)"><span class='status pass' title='pass'><i class='material-icons'>check_circle</i></span>When the user creates an account with new email address</h6>
                            <div class="node-step"><table class='runtime-table table-striped table'><tr><td>Sedhu</td><td>Madhavan</td><td>msedhu12xyz@gmail.com</td><td>6618037747</td><td>knoxville</td><td>knoxville</td></tr></table></div>
                    </li>
                    <li test-id='28' class='gc then pass' status='pass'>
                        <h6 class="step-name" title="CreateAccountSteps.accountShouldGetCreated()"><span class='status pass' title='pass'><i class='material-icons'>check_circle</i></span>Then the Account should get created successfully</h6>
                            <div class="node-step"></div>
                    </li>
                    <li test-id='29' class='gc asterisk pass' status='pass'>
                        <h6 class="step-name" title=""><span class='status pass' title='pass'><i class='material-icons'>check_circle</i></span>Hooks.quit(Scenario)</h6>
                            <div class="node-step">Scenario Passed</div>
                    </li>
            </ul>
        </li>
    </ul>
</div>
<div class='scenariooutline node' test-id='30' status='pass'>
    <div class='category-list'>
        <span class='category label'>@createAccountExistingEmail</span>
        <span class='category label'>@smoke</span>
    </div>
    <span class='duration right label'>0h 0m 10s+756ms</span>
    <div class="bdd-test">
        <div class="scenario-name"><span class='status pass' title='pass'><i class='material-icons'>check_circle</i></span> ScenarioOutline: User Registers with existing Email address</div>
        <table class='runtime-table table-striped table'><tr><td>First Name</td><td>Last Name</td><td>Email</td><td>Phone Number</td><td>Password</td><td>Confirm Password</td></tr><tr><td>jtv</td><td>user</td><td>msedhu@gmail.com</td><td>6618037747</td><td>knoxville</td><td>knoxville</td></tr></table>
    </div>
    <ul class='steps'>
        <li test-id='31' class='node scenario pass' status='pass'>
            <div class="step-name" title=""><span class='status pass' title='pass'><i class='material-icons'>check_circle</i></span>User Registers with existing Email address</div>
            <ul class='gc steps'>
                    <li test-id='32' class='gc asterisk pass' status='pass'>
                        <h6 class="step-name" title=""><span class='status pass' title='pass'><i class='material-icons'>check_circle</i></span>Hooks.setUp(Scenario)</h6>
                            <div class="node-step"></div>
                    </li>
                    <li test-id='33' class='gc given pass' status='pass'>
                        <h6 class="step-name" title="HomePageSteps.user_navigates_CreateAccountPage()"><span class='status pass' title='pass'><i class='material-icons'>check_circle</i></span>Given the user navigate to the Create Account page</h6>
                            <div class="node-step"></div>
                    </li>
                    <li test-id='34' class='gc when pass' status='pass'>
                        <h6 class="step-name" title="CreateAccountSteps.userCreatesAccountExistingEmail(DataTable)"><span class='status pass' title='pass'><i class='material-icons'>check_circle</i></span>When the user creates an account with existing email address</h6>
                            <div class="node-step"><table class='runtime-table table-striped table'><tr><td>jtv</td><td>user</td><td>msedhu@gmail.com</td><td>6618037747</td><td>knoxville</td><td>knoxville</td></tr></table></div>
                    </li>
                    <li test-id='35' class='gc then pass' status='pass'>
                        <h6 class="step-name" title="CreateAccountSteps.verifyErrorMsg(String)"><span class='status pass' title='pass'><i class='material-icons'>check_circle</i></span>Then Error message "Email already exists" appears</h6>
                            <div class="node-step"></div>
                    </li>
                    <li test-id='36' class='gc asterisk pass' status='pass'>
                        <h6 class="step-name" title=""><span class='status pass' title='pass'><i class='material-icons'>check_circle</i></span>Hooks.quit(Scenario)</h6>
                            <div class="node-step">Scenario Passed</div>
                    </li>
            </ul>
        </li>
    </ul>
</div>
<div class='scenario node' test-id='37' status='fail'>
    <div class='category-list'>
        <span class='category label'>@createAccount</span>
        <span class='category label'>@smoke</span>
        <span class='category label'>@createAccountExistingEmail1</span>
    </div>
    <span class='duration right label'>0h 0m 24s+954ms</span>
    <div class="bdd-test">
        <div class="scenario-name"><span class='status fail' title='fail'><i class='material-icons'>cancel</i></span> Scenario: Guest cannot create account with existing email address</div>
    </div>
    <ul class='steps'>
        <li test-id='38' class='node asterisk pass' status='pass'>
            <div class="step-name" title=""><span class='status pass' title='pass'><i class='material-icons'>check_circle</i></span>Hooks.setUp(Scenario)</div>
                <div class="node-step"></div>
        </li>
        <li test-id='39' class='node given pass' status='pass'>
            <div class="step-name" title="HomePageSteps.i_navigate_to_the_home_page()"><span class='status pass' title='pass'><i class='material-icons'>check_circle</i></span>Given the user navigates to the home page</div>
                <div class="node-step"></div>
        </li>
        <li test-id='40' class='node when pass' status='pass'>
            <div class="step-name" title="HomePageSteps.user_selects_item()"><span class='status pass' title='pass'><i class='material-icons'>check_circle</i></span>When the user selects an item and Adds to Bag</div>
                <div class="node-step"></div>
        </li>
        <li test-id='41' class='node and fail' status='fail'>
            <div class="step-name" title="CreateAccountSteps.userNavigatesToBagCreateAccount(DataTable)"><span class='status fail' title='fail'><i class='material-icons'>cancel</i></span>And the user navigates to Bag screen and creates account with existing email</div>
                <div class="node-step"><table class='runtime-table table-striped table'><tr><td>Sedhu</td><td>Madhavan</td><td>msedhu@gmail.com</td><td>6618037747</td><td>knoxville</td><td>knoxville</td></tr></table></div>
                <textarea disabled class="code-block">org.openqa.selenium.NoSuchElementException: no such element: Unable to locate element: {"method":"css selector","selector":"#checkout\-now"}
  (Session info: headless chrome=75.0.3770.100)
For documentation on this error, please visit: https://www.seleniumhq.org/exceptions/no_such_element.html
Build info: version: '3.141.59', revision: 'e82be7d358', time: '2018-11-14T08:17:03'
System info: host: 'l4024.jewelry.acn', ip: 'fe80:0:0:0:cda:2a0c:8b9c:2260%en0', os.name: 'Mac OS X', os.arch: 'x86_64', os.version: '10.14.5', java.version: '1.8.0_212'
Driver info: org.openqa.selenium.chrome.ChromeDriver
Capabilities {acceptInsecureCerts: false, browserName: chrome, browserVersion: 75.0.3770.100, chrome: {chromedriverVersion: 75.0.3770.140 (2d9f97485c7b..., userDataDir: /var/folders/sj/24bq1pyd20d...}, goog:chromeOptions: {debuggerAddress: localhost:54743}, javascriptEnabled: true, networkConnectionEnabled: false, pageLoadStrategy: normal, platform: MAC, platformName: MAC, proxy: Proxy(), setWindowRect: true, strictFileInteractability: false, timeouts: {implicit: 0, pageLoad: 300000, script: 30000}, unhandledPromptBehavior: dismiss and notify}
Session ID: 1f14471cece0c1b9fea79d0084c61db8
*** Element info: {Using=id, value=checkout-now}
	at sun.reflect.NativeConstructorAccessorImpl.newInstance0(Native Method)
	at sun.reflect.NativeConstructorAccessorImpl.newInstance(NativeConstructorAccessorImpl.java:62)
	at sun.reflect.DelegatingConstructorAccessorImpl.newInstance(DelegatingConstructorAccessorImpl.java:45)
	at java.lang.reflect.Constructor.newInstance(Constructor.java:423)
	at org.openqa.selenium.remote.http.W3CHttpResponseCodec.createException(W3CHttpResponseCodec.java:187)
	at org.openqa.selenium.remote.http.W3CHttpResponseCodec.decode(W3CHttpResponseCodec.java:122)
	at org.openqa.selenium.remote.http.W3CHttpResponseCodec.decode(W3CHttpResponseCodec.java:49)
	at org.openqa.selenium.remote.HttpCommandExecutor.execute(HttpCommandExecutor.java:158)
	at org.openqa.selenium.remote.service.DriverCommandExecutor.execute(DriverCommandExecutor.java:83)
	at org.openqa.selenium.remote.RemoteWebDriver.execute(RemoteWebDriver.java:552)
	at org.openqa.selenium.remote.RemoteWebDriver.findElement(RemoteWebDriver.java:323)
	at org.openqa.selenium.remote.RemoteWebDriver.findElementById(RemoteWebDriver.java:372)
	at org.openqa.selenium.By$ById.findElement(By.java:188)
	at org.openqa.selenium.remote.RemoteWebDriver.findElement(RemoteWebDriver.java:315)
	at utilities.BaseClass.waitUntillElementToBeVisible(BaseClass.java:578)
	at pageObjects.ShoppingBagPage.clickCheckOut(ShoppingBagPage.java:44)
	at stepDefinitions.CreateAccountSteps.userNavigatesToBagCreateAccount(CreateAccountSteps.java:53)
	at âœ½.the user navigates to Bag screen and creates account with existing email(features/createAccount/CreateAccount.feature:30)
</textarea>
        </li>
        <li test-id='42' class='node then skip' status='skip'>
            <div class="step-name" title="CreateAccountSteps.verifyErrorMsg(String)"><span class='status skip' title='skip'><i class='material-icons'>redo</i></span>Then Error message "Email already exists" appears</div>
                <div class="node-step">Step skipped</div>
        </li>
        <li test-id='43' class='node asterisk pass' status='pass'>
            <div class="step-name" title=""><span class='status pass' title='pass'><i class='material-icons'>check_circle</i></span>Hooks.quit(Scenario)</div>
                <div class="node-step"></div>
                <div class="node-step">Scenario Failed</div>
        </li>
    </ul>
</div>
<div class='scenario node' test-id='44' status='pass'>
    <div class='category-list'>
        <span class='category label'>@createAccount</span>
        <span class='category label'>@smoke</span>
        <span class='category label'>@createAccountNewEmail</span>
    </div>
    <span class='duration right label'>0h 0m 33s+36ms</span>
    <div class="bdd-test">
        <div class="scenario-name"><span class='status pass' title='pass'><i class='material-icons'>check_circle</i></span> Scenario: Guest cannot create account with existing email address</div>
    </div>
    <ul class='steps'>
        <li test-id='45' class='node asterisk pass' status='pass'>
            <div class="step-name" title=""><span class='status pass' title='pass'><i class='material-icons'>check_circle</i></span>Hooks.setUp(Scenario)</div>
                <div class="node-step"></div>
        </li>
        <li test-id='46' class='node given pass' status='pass'>
            <div class="step-name" title="HomePageSteps.i_navigate_to_the_home_page()"><span class='status pass' title='pass'><i class='material-icons'>check_circle</i></span>Given the user navigates to the home page</div>
                <div class="node-step"></div>
        </li>
        <li test-id='47' class='node when pass' status='pass'>
            <div class="step-name" title="HomePageSteps.user_selects_item()"><span class='status pass' title='pass'><i class='material-icons'>check_circle</i></span>When the user selects an item and Adds to Bag</div>
                <div class="node-step"></div>
        </li>
        <li test-id='48' class='node and pass' status='pass'>
            <div class="step-name" title="CreateAccountSteps.createAccountNewEmail(DataTable)"><span class='status pass' title='pass'><i class='material-icons'>check_circle</i></span>And the user navigates to Bag screen and creates account with new email</div>
                <div class="node-step"><table class='runtime-table table-striped table'><tr><td>jtv</td><td>user</td><td>msedhuxyz782@gmail.com</td><td>6618037747</td><td>knoxville</td><td>knoxville</td></tr></table></div>
        </li>
        <li test-id='49' class='node then pass' status='pass'>
            <div class="step-name" title="CreateAccountSteps.ValidateAccountCreation()"><span class='status pass' title='pass'><i class='material-icons'>check_circle</i></span>Then the Account should get created and user should move to Shipping page</div>
                <div class="node-step"></div>
        </li>
        <li test-id='50' class='node asterisk pass' status='pass'>
            <div class="step-name" title=""><span class='status pass' title='pass'><i class='material-icons'>check_circle</i></span>Hooks.quit(Scenario)</div>
                <div class="node-step">Scenario Passed</div>
        </li>
    </ul>
</div>
					</div>
				</li>
				<li class='test displayed active has-leaf fail' status='fail' bdd='true' test-id='62'>
					<div class='test-heading'>
						<span class='test-name'>Jtv Login</span>
						<span class='test-time'>Aug 12, 2019 10:14:42 AM</span>
						<span class='test-status right fail'>fail</span>
					</div>
					<div class='test-content hide'>
<div class="sr-filters bdd-filters">
    <a class="btn-floating waves-effect waves-light pass green" title="pass"><i class='material-icons'>check_circle</i></a>
    <a class="btn-floating waves-effect waves-light fail red" title="fail"><i class='material-icons'>cancel</i></a>
    <a class="btn-floating waves-effect waves-light skip blue" title="skip"><i class='material-icons'>redo</i></a>
    <a class="btn-floating waves-effect waves-light clear grey" title="clear"><i class='material-icons'>clear</i></a>
</div>
<div class='test-desc'>As a Registered user he should be able to login into Jtv</div>
<div class='scenario node' test-id='63' status='pass'>
    <div class='category-list'>
        <span class='category label'>@login</span>
        <span class='category label'>@smoke</span>
    </div>
    <span class='duration right label'>0h 0m 21s+338ms</span>
    <div class="bdd-test">
        <div class="scenario-name"><span class='status pass' title='pass'><i class='material-icons'>check_circle</i></span> Scenario: User Logins with valid username and password</div>
    </div>
    <ul class='steps'>
        <li test-id='64' class='node asterisk pass' status='pass'>
            <div class="step-name" title=""><span class='status pass' title='pass'><i class='material-icons'>check_circle</i></span>Hooks.setUp(Scenario)</div>
                <div class="node-step"></div>
        </li>
        <li test-id='65' class='node given pass' status='pass'>
            <div class="step-name" title="LoginSteps.i_navigate_to_the_Login_page()"><span class='status pass' title='pass'><i class='material-icons'>check_circle</i></span>Given the user navigate to the Login page</div>
                <div class="node-step"></div>
        </li>
        <li test-id='66' class='node when pass' status='pass'>
            <div class="step-name" title="LoginSteps.i_login_with_email_and_Password(DataTable)"><span class='status pass' title='pass'><i class='material-icons'>check_circle</i></span>When the user login with following credentials</div>
                <div class="node-step"><table class='runtime-table table-striped table'><tr><td>sedhu.madhavan@jtv.com</td><td>reliance</td></tr></table></div>
        </li>
        <li test-id='67' class='node then pass' status='pass'>
            <div class="step-name" title="LoginSteps.login_should_be_successful()"><span class='status pass' title='pass'><i class='material-icons'>check_circle</i></span>Then login should be successful</div>
                <div class="node-step"></div>
        </li>
        <li test-id='68' class='node asterisk pass' status='pass'>
            <div class="step-name" title=""><span class='status pass' title='pass'><i class='material-icons'>check_circle</i></span>Hooks.quit(Scenario)</div>
                <div class="node-step">Scenario Passed</div>
        </li>
    </ul>
</div>
<div class='scenario node' test-id='69' status='fail'>
    <div class='category-list'>
        <span class='category label'>@login</span>
        <span class='category label'>@smoke</span>
    </div>
    <span class='duration right label'>0h 0m 6s+761ms</span>
    <div class="bdd-test">
        <div class="scenario-name"><span class='status fail' title='fail'><i class='material-icons'>cancel</i></span> Scenario: User Logins with Invalid username and password</div>
    </div>
    <ul class='steps'>
        <li test-id='70' class='node asterisk pass' status='pass'>
            <div class="step-name" title=""><span class='status pass' title='pass'><i class='material-icons'>check_circle</i></span>Hooks.setUp(Scenario)</div>
                <div class="node-step"></div>
        </li>
        <li test-id='71' class='node when fail' status='fail'>
            <div class="step-name" title="LoginSteps.i_login_with_email_and_Password(DataTable)"><span class='status fail' title='fail'><i class='material-icons'>cancel</i></span>When the user login with following credentials</div>
                <div class="node-step"><table class='runtime-table table-striped table'><tr><td>sedhu.madhavan@jtv.com</td><td>reliance123</td></tr></table></div>
                <textarea disabled class="code-block">org.openqa.selenium.NoSuchElementException: no such element: Unable to locate element: {"method":"css selector","selector":"#password"}
  (Session info: headless chrome=75.0.3770.100)
For documentation on this error, please visit: https://www.seleniumhq.org/exceptions/no_such_element.html
Build info: version: '3.141.59', revision: 'e82be7d358', time: '2018-11-14T08:17:03'
System info: host: 'l4024.jewelry.acn', ip: 'fe80:0:0:0:cda:2a0c:8b9c:2260%en0', os.name: 'Mac OS X', os.arch: 'x86_64', os.version: '10.14.5', java.version: '1.8.0_212'
Driver info: org.openqa.selenium.chrome.ChromeDriver
Capabilities {acceptInsecureCerts: false, browserName: chrome, browserVersion: 75.0.3770.100, chrome: {chromedriverVersion: 75.0.3770.140 (2d9f97485c7b..., userDataDir: /var/folders/sj/24bq1pyd20d...}, goog:chromeOptions: {debuggerAddress: localhost:56698}, javascriptEnabled: true, networkConnectionEnabled: false, pageLoadStrategy: normal, platform: MAC, platformName: MAC, proxy: Proxy(), setWindowRect: true, strictFileInteractability: false, timeouts: {implicit: 0, pageLoad: 300000, script: 30000}, unhandledPromptBehavior: dismiss and notify}
Session ID: bf30d80d9964465e2fba4a7d562e57b6
*** Element info: {Using=id, value=password}
	at sun.reflect.NativeConstructorAccessorImpl.newInstance0(Native Method)
	at sun.reflect.NativeConstructorAccessorImpl.newInstance(NativeConstructorAccessorImpl.java:62)
	at sun.reflect.DelegatingConstructorAccessorImpl.newInstance(DelegatingConstructorAccessorImpl.java:45)
	at java.lang.reflect.Constructor.newInstance(Constructor.java:423)
	at org.openqa.selenium.remote.http.W3CHttpResponseCodec.createException(W3CHttpResponseCodec.java:187)
	at org.openqa.selenium.remote.http.W3CHttpResponseCodec.decode(W3CHttpResponseCodec.java:122)
	at org.openqa.selenium.remote.http.W3CHttpResponseCodec.decode(W3CHttpResponseCodec.java:49)
	at org.openqa.selenium.remote.HttpCommandExecutor.execute(HttpCommandExecutor.java:158)
	at org.openqa.selenium.remote.service.DriverCommandExecutor.execute(DriverCommandExecutor.java:83)
	at org.openqa.selenium.remote.RemoteWebDriver.execute(RemoteWebDriver.java:552)
	at org.openqa.selenium.remote.RemoteWebDriver.findElement(RemoteWebDriver.java:323)
	at org.openqa.selenium.remote.RemoteWebDriver.findElementById(RemoteWebDriver.java:372)
	at org.openqa.selenium.By$ById.findElement(By.java:188)
	at org.openqa.selenium.remote.RemoteWebDriver.findElement(RemoteWebDriver.java:315)
	at utilities.BaseClass.waitUntillElementToBeVisible(BaseClass.java:578)
	at pageObjects.LoginPage.waitforLoginPageToOpen(LoginPage.java:34)
	at stepDefinitions.LoginSteps.i_login_with_email_and_Password(LoginSteps.java:33)
	at âœ½.the user login with following credentials(features/login/Login.feature:18)
</textarea>
        </li>
        <li test-id='72' class='node then skip' status='skip'>
            <div class="step-name" title="LoginSteps.login_shouldnot_be_successful()"><span class='status skip' title='skip'><i class='material-icons'>redo</i></span>Then login should not be successful</div>
                <div class="node-step">Step skipped</div>
        </li>
        <li test-id='73' class='node asterisk pass' status='pass'>
            <div class="step-name" title=""><span class='status pass' title='pass'><i class='material-icons'>check_circle</i></span>Hooks.quit(Scenario)</div>
                <div class="node-step"></div>
                <div class="node-step">Scenario Failed</div>
        </li>
    </ul>
</div>
					</div>
				</li>
				<li class='test displayed active has-leaf pass' status='pass' bdd='true' test-id='74'>
					<div class='test-heading'>
						<span class='test-name'>As a Registered user, he should be able to manage payment methods with Jtv.com</span>
						<span class='test-time'>Aug 12, 2019 10:15:10 AM</span>
						<span class='test-status right pass'>pass</span>
					</div>
					<div class='test-content hide'>
<div class="sr-filters bdd-filters">
    <a class="btn-floating waves-effect waves-light pass green" title="pass"><i class='material-icons'>check_circle</i></a>
    <a class="btn-floating waves-effect waves-light fail red" title="fail"><i class='material-icons'>cancel</i></a>
    <a class="btn-floating waves-effect waves-light skip blue" title="skip"><i class='material-icons'>redo</i></a>
    <a class="btn-floating waves-effect waves-light clear grey" title="clear"><i class='material-icons'>clear</i></a>
</div>
<div class='scenario node' test-id='75' status='pass'>
    <div class='category-list'>
        <span class='category label'>@managePayment</span>
    </div>
    <span class='duration right label'>0h 0m 22s+582ms</span>
    <div class="bdd-test">
        <div class="scenario-name"><span class='status pass' title='pass'><i class='material-icons'>check_circle</i></span> Scenario: User should have provision to add new payment details</div>
    </div>
    <ul class='steps'>
        <li test-id='76' class='node asterisk pass' status='pass'>
            <div class="step-name" title=""><span class='status pass' title='pass'><i class='material-icons'>check_circle</i></span>Hooks.setUp(Scenario)</div>
                <div class="node-step"></div>
        </li>
        <li test-id='77' class='node given pass' status='pass'>
            <div class="step-name" title="LoginSteps.i_navigate_to_the_Login_page()"><span class='status pass' title='pass'><i class='material-icons'>check_circle</i></span>Given the user navigate to the Login page</div>
                <div class="node-step"></div>
        </li>
        <li test-id='78' class='node when pass' status='pass'>
            <div class="step-name" title="LoginSteps.i_login_with_email_and_Password(DataTable)"><span class='status pass' title='pass'><i class='material-icons'>check_circle</i></span>When the user login with following credentials</div>
                <div class="node-step"><table class='runtime-table table-striped table'><tr><td>sedhu.madhavan@jtv.com</td><td>reliance</td></tr></table></div>
        </li>
        <li test-id='79' class='node and pass' status='pass'>
            <div class="step-name" title="PaymentMethodsSteps.java:15"><span class='status pass' title='pass'><i class='material-icons'>check_circle</i></span>And the user navigates to Payment Methods page</div>
                <div class="node-step"></div>
        </li>
        <li test-id='80' class='node then pass' status='pass'>
            <div class="step-name" title="PaymentMethodsSteps.java:21"><span class='status pass' title='pass'><i class='material-icons'>check_circle</i></span>Then user should be presented with Payment Details page</div>
                <div class="node-step"></div>
        </li>
        <li test-id='81' class='node asterisk pass' status='pass'>
            <div class="step-name" title=""><span class='status pass' title='pass'><i class='material-icons'>check_circle</i></span>Hooks.quit(Scenario)</div>
                <div class="node-step">Scenario Passed</div>
        </li>
    </ul>
</div>
<div class='scenariooutline node' test-id='82' status='pass'>
    <div class='category-list'>
        <span class='category label'>@smoke</span>
    </div>
    <span class='duration right label'>0h 0m 38s+577ms</span>
    <div class="bdd-test">
        <div class="scenario-name"><span class='status pass' title='pass'><i class='material-icons'>check_circle</i></span> ScenarioOutline: Authorization declined on entering Invalid card number</div>
        <table class='runtime-table table-striped table'><tr><td>First Name</td><td>Last Name</td><td>Phone</td><td>Address1</td><td>Address2</td><td>City</td><td>Country</td><td>State</td><td>Zip Code</td><td></td></tr><tr><td>Sedhu</td><td>M</td><td>1234567890</td><td>1301 Dunwoody Gables Drive</td><td></td><td>Dunwoody</td><td>United States</td><td>GA</td><td>30338</td><td></td></tr></table>
    </div>
    <ul class='steps'>
        <li test-id='83' class='node scenario pass' status='pass'>
            <div class="step-name" title=""><span class='status pass' title='pass'><i class='material-icons'>check_circle</i></span>Authorization declined on entering Invalid card number</div>
            <ul class='gc steps'>
                    <li test-id='84' class='gc asterisk pass' status='pass'>
                        <h6 class="step-name" title=""><span class='status pass' title='pass'><i class='material-icons'>check_circle</i></span>Hooks.setUp(Scenario)</h6>
                            <div class="node-step"></div>
                    </li>
                    <li test-id='85' class='gc given pass' status='pass'>
                        <h6 class="step-name" title="HomePageSteps.i_navigate_to_the_home_page()"><span class='status pass' title='pass'><i class='material-icons'>check_circle</i></span>Given the user navigates to the home page</h6>
                            <div class="node-step"></div>
                    </li>
                    <li test-id='86' class='gc when pass' status='pass'>
                        <h6 class="step-name" title="HomePageSteps.user_selects_item()"><span class='status pass' title='pass'><i class='material-icons'>check_circle</i></span>When the user selects an item and Adds to Bag</h6>
                            <div class="node-step"></div>
                    </li>
                    <li test-id='87' class='gc and pass' status='pass'>
                        <h6 class="step-name" title="ProductDetailsSteps.userNavigatesToBag_checkout()"><span class='status pass' title='pass'><i class='material-icons'>check_circle</i></span>And the user navigates to Bag screen and places Guest checkout</h6>
                            <div class="node-step"></div>
                    </li>
                    <li test-id='88' class='gc and pass' status='pass'>
                        <h6 class="step-name" title="ShippingPageSteps.enterShippingAddress_Billing(DataTable)"><span class='status pass' title='pass'><i class='material-icons'>check_circle</i></span>And the user enters the Shipping address and continues to Billing</h6>
                            <div class="node-step"><table class='runtime-table table-striped table'><tr><td>Sedhu</td><td>M</td><td>1234567890</td><td>1301 Dunwoody Gables Drive</td><td></td><td>Dunwoody</td><td>United States</td><td>GA</td><td>30338</td></tr></table></div>
                    </li>
                    <li test-id='89' class='gc and pass' status='pass'>
                        <h6 class="step-name" title="BillingSteps.userFillsCardInfo(DataTable)"><span class='status pass' title='pass'><i class='material-icons'>check_circle</i></span>And the user enters payment information and email</h6>
                            <div class="node-step"><table class='runtime-table table-striped table'><tr><td>Alexandra Hope</td><td>4457001900000009</td><td>09</td><td>2020</td><td>123</td><td>msm@jtv.com</td></tr></table></div>
                    </li>
                    <li test-id='90' class='gc and pass' status='pass'>
                        <h6 class="step-name" title="ReviewOrderSteps.reviewAndPlaceOrder(DataTable)"><span class='status pass' title='pass'><i class='material-icons'>check_circle</i></span>And the user reviews and places the Order</h6>
                            <div class="node-step"><table class='runtime-table table-striped table'><tr><td>Sedhu</td><td>M</td><td>1234567890</td><td>1301 Dunwoody Gables Drive</td><td></td><td>Dunwoody</td><td>United States</td><td>GA</td><td>30338</td></tr></table></div>
                    </li>
                    <li test-id='91' class='gc then pass' status='pass'>
                        <h6 class="step-name" title="ShippingPageSteps.authorizationDeclinedWithMessage()"><span class='status pass' title='pass'><i class='material-icons'>check_circle</i></span>Then the order is not successfully placed with the message Authorization Declined</h6>
                            <div class="node-step"></div>
                    </li>
                    <li test-id='92' class='gc asterisk pass' status='pass'>
                        <h6 class="step-name" title=""><span class='status pass' title='pass'><i class='material-icons'>check_circle</i></span>Hooks.quit(Scenario)</h6>
                            <div class="node-step">Scenario Passed</div>
                    </li>
            </ul>
        </li>
    </ul>
</div>
					</div>
				</li>
				<li class='test displayed active has-leaf fail' status='fail' bdd='true' test-id='93'>
					<div class='test-heading'>
						<span class='test-name'>Guest User be able to checkout item through paypal</span>
						<span class='test-time'>Aug 12, 2019 10:16:12 AM</span>
						<span class='test-status right fail'>fail</span>
					</div>
					<div class='test-content hide'>
<div class="sr-filters bdd-filters">
    <a class="btn-floating waves-effect waves-light pass green" title="pass"><i class='material-icons'>check_circle</i></a>
    <a class="btn-floating waves-effect waves-light fail red" title="fail"><i class='material-icons'>cancel</i></a>
    <a class="btn-floating waves-effect waves-light skip blue" title="skip"><i class='material-icons'>redo</i></a>
    <a class="btn-floating waves-effect waves-light clear grey" title="clear"><i class='material-icons'>clear</i></a>
</div>
<div class='scenariooutline node' test-id='94' status='fail'>
    <div class='category-list'>
        <span class='category label'>@smoke</span>
    </div>
    <span class='duration right label'>0h 1m 6s+616ms</span>
    <div class="bdd-test">
        <div class="scenario-name"><span class='status fail' title='fail'><i class='material-icons'>cancel</i></span> ScenarioOutline: Guest user places order through Paypal account</div>
        <table class='runtime-table table-striped table'><tr><td>First Name</td><td>Last Name</td><td>Phone</td><td>Address1</td><td>Address2</td><td>City</td><td>Country</td><td>State</td><td>Zip Code</td><td></td></tr><tr><td>Sedhu</td><td>M</td><td>1234567890</td><td>1301 Dunwoody Gables Drive</td><td></td><td>Dunwoody</td><td>United States</td><td>GA</td><td>30338</td><td></td></tr></table>
    </div>
    <ul class='steps'>
        <li test-id='95' class='node scenario fail' status='fail'>
            <div class="step-name" title=""><span class='status fail' title='fail'><i class='material-icons'>cancel</i></span>Guest user places order through Paypal account</div>
            <ul class='gc steps'>
                    <li test-id='96' class='gc asterisk pass' status='pass'>
                        <h6 class="step-name" title=""><span class='status pass' title='pass'><i class='material-icons'>check_circle</i></span>Hooks.setUp(Scenario)</h6>
                            <div class="node-step"></div>
                    </li>
                    <li test-id='97' class='gc given pass' status='pass'>
                        <h6 class="step-name" title="HomePageSteps.i_navigate_to_the_home_page()"><span class='status pass' title='pass'><i class='material-icons'>check_circle</i></span>Given the user navigates to the home page</h6>
                            <div class="node-step"></div>
                    </li>
                    <li test-id='98' class='gc when pass' status='pass'>
                        <h6 class="step-name" title="HomePageSteps.user_selects_item()"><span class='status pass' title='pass'><i class='material-icons'>check_circle</i></span>When the user selects an item and Adds to Bag</h6>
                            <div class="node-step"></div>
                    </li>
                    <li test-id='99' class='gc and pass' status='pass'>
                        <h6 class="step-name" title="ProductDetailsSteps.userNavigatesToBag_checkout()"><span class='status pass' title='pass'><i class='material-icons'>check_circle</i></span>And the user navigates to Bag screen and places Guest checkout</h6>
                            <div class="node-step"></div>
                    </li>
                    <li test-id='100' class='gc and pass' status='pass'>
                        <h6 class="step-name" title="ShippingPageSteps.enterShippingAddress_Billing(DataTable)"><span class='status pass' title='pass'><i class='material-icons'>check_circle</i></span>And the user enters the Shipping address and continues to Billing</h6>
                            <div class="node-step"><table class='runtime-table table-striped table'><tr><td>Sedhu</td><td>M</td><td>1234567890</td><td>1301 Dunwoody Gables Drive</td><td></td><td>Dunwoody</td><td>United States</td><td>GA</td><td>30338</td></tr></table></div>
                    </li>
                    <li test-id='101' class='gc and fail' status='fail'>
                        <h6 class="step-name" title="PaypalSteps.userPlacesOrder()"><span class='status fail' title='fail'><i class='material-icons'>cancel</i></span>And User places an Paypal Order</h6>
                            <textarea disabled class="code-block">org.openqa.selenium.TimeoutException: Expected condition failed: waiting for utilities.BaseClass$3@6138ee0e (tried for 30 second(s) with 500 milliseconds interval)
	at org.openqa.selenium.support.ui.FluentWait.timeoutException(FluentWait.java:304)
	at org.openqa.selenium.support.ui.FluentWait.until(FluentWait.java:272)
	at utilities.BaseClass.waitUntilElementToBeClickable(BaseClass.java:660)
	at pageObjects.BillingPage.selectPaypal(BillingPage.java:113)
	at stepDefinitions.PaypalSteps.userPlacesOrder(PaypalSteps.java:24)
	at âœ½.User places an Paypal Order(features/paypalCheckout/paypalCheckout.feature:11)
Caused by: org.openqa.selenium.NoSuchElementException: no such element: Unable to locate element: {"method":"css selector","selector":"div.paypal-button-container.paypal-button-layout-horizontal"}
  (Session info: headless chrome=75.0.3770.100)
For documentation on this error, please visit: https://www.seleniumhq.org/exceptions/no_such_element.html
Build info: version: '3.141.59', revision: 'e82be7d358', time: '2018-11-14T08:17:03'
System info: host: 'l4024.jewelry.acn', ip: 'fe80:0:0:0:cda:2a0c:8b9c:2260%en0', os.name: 'Mac OS X', os.arch: 'x86_64', os.version: '10.14.5', java.version: '1.8.0_212'
Driver info: org.openqa.selenium.chrome.ChromeDriver
Capabilities {acceptInsecureCerts: false, browserName: chrome, browserVersion: 75.0.3770.100, chrome: {chromedriverVersion: 75.0.3770.140 (2d9f97485c7b..., userDataDir: /var/folders/sj/24bq1pyd20d...}, goog:chromeOptions: {debuggerAddress: localhost:57678}, javascriptEnabled: true, networkConnectionEnabled: false, pageLoadStrategy: normal, platform: MAC, platformName: MAC, proxy: Proxy(), setWindowRect: true, strictFileInteractability: false, timeouts: {implicit: 0, pageLoad: 300000, script: 30000}, unhandledPromptBehavior: dismiss and notify}
Session ID: b03733a5ee51bdaa68c709fc71fe7763
*** Element info: {Using=css selector, value=div.paypal-button-container.paypal-button-layout-horizontal}
	at sun.reflect.GeneratedConstructorAccessor21.newInstance(Unknown Source)
	at sun.reflect.DelegatingConstructorAccessorImpl.newInstance(DelegatingConstructorAccessorImpl.java:45)
	at java.lang.reflect.Constructor.newInstance(Constructor.java:423)
	at org.openqa.selenium.remote.http.W3CHttpResponseCodec.createException(W3CHttpResponseCodec.java:187)
	at org.openqa.selenium.remote.http.W3CHttpResponseCodec.decode(W3CHttpResponseCodec.java:122)
	at org.openqa.selenium.remote.http.W3CHttpResponseCodec.decode(W3CHttpResponseCodec.java:49)
	at org.openqa.selenium.remote.HttpCommandExecutor.execute(HttpCommandExecutor.java:158)
	at org.openqa.selenium.remote.service.DriverCommandExecutor.execute(DriverCommandExecutor.java:83)
	at org.openqa.selenium.remote.RemoteWebDriver.execute(RemoteWebDriver.java:552)
	at org.openqa.selenium.remote.RemoteWebDriver.findElement(RemoteWebDriver.java:323)
	at org.openqa.selenium.remote.RemoteWebDriver.findElementByCssSelector(RemoteWebDriver.java:420)
	at org.openqa.selenium.By$ByCssSelector.findElement(By.java:431)
	at org.openqa.selenium.remote.RemoteWebDriver.findElement(RemoteWebDriver.java:315)
	at utilities.BaseClass$3.apply(BaseClass.java:664)
	at utilities.BaseClass$3.apply(BaseClass.java:660)
	at org.openqa.selenium.support.ui.FluentWait.until(FluentWait.java:249)
	at utilities.BaseClass.waitUntilElementToBeClickable(BaseClass.java:660)
	at pageObjects.BillingPage.selectPaypal(BillingPage.java:113)
	at stepDefinitions.PaypalSteps.userPlacesOrder(PaypalSteps.java:24)
	at sun.reflect.NativeMethodAccessorImpl.invoke0(Native Method)
	at sun.reflect.NativeMethodAccessorImpl.invoke(NativeMethodAccessorImpl.java:62)
	at sun.reflect.DelegatingMethodAccessorImpl.invoke(DelegatingMethodAccessorImpl.java:43)
	at java.lang.reflect.Method.invoke(Method.java:498)
	at cucumber.runtime.Utils$1.call(Utils.java:26)
	at cucumber.runtime.Timeout.timeout(Timeout.java:16)
	at cucumber.runtime.Utils.invoke(Utils.java:20)
	at cucumber.runtime.java.JavaStepDefinition.execute(JavaStepDefinition.java:48)
	at cucumber.runner.PickleStepDefinitionMatch.runStep(PickleStepDefinitionMatch.java:50)
	at cucumber.runner.TestStep.executeStep(TestStep.java:63)
	at cucumber.runner.TestStep.run(TestStep.java:49)
	at cucumber.runner.PickleStepTestStep.run(PickleStepTestStep.java:43)
	at cucumber.runner.TestCase.run(TestCase.java:44)
	at cucumber.runner.Runner.runPickle(Runner.java:40)
	at cucumber.api.testng.TestNGCucumberRunner.runScenario(TestNGCucumberRunner.java:68)
	at cucumber.api.testng.AbstractTestNGCucumberTests.runScenario(AbstractTestNGCucumberTests.java:22)
	at sun.reflect.NativeMethodAccessorImpl.invoke0(Native Method)
	at sun.reflect.NativeMethodAccessorImpl.invoke(NativeMethodAccessorImpl.java:62)
	at sun.reflect.DelegatingMethodAccessorImpl.invoke(DelegatingMethodAccessorImpl.java:43)
	at java.lang.reflect.Method.invoke(Method.java:498)
	at org.testng.internal.MethodInvocationHelper.invokeMethod(MethodInvocationHelper.java:108)
	at org.testng.internal.Invoker.invokeMethod(Invoker.java:661)
	at org.testng.internal.Invoker.invokeTestMethod(Invoker.java:869)
	at org.testng.internal.Invoker.invokeTestMethods(Invoker.java:1193)
	at org.testng.internal.TestMethodWorker.invokeTestMethods(TestMethodWorker.java:126)
	at org.testng.internal.TestMethodWorker.run(TestMethodWorker.java:109)
	at org.testng.TestRunner.privateRun(TestRunner.java:744)
	at org.testng.TestRunner.run(TestRunner.java:602)
	at org.testng.SuiteRunner.runTest(SuiteRunner.java:380)
	at org.testng.SuiteRunner.runSequentially(SuiteRunner.java:375)
	at org.testng.SuiteRunner.privateRun(SuiteRunner.java:340)
	at org.testng.SuiteRunner.run(SuiteRunner.java:289)
	at org.testng.SuiteRunnerWorker.runSuite(SuiteRunnerWorker.java:52)
	at org.testng.SuiteRunnerWorker.run(SuiteRunnerWorker.java:86)
	at org.testng.TestNG.runSuitesSequentially(TestNG.java:1301)
	at org.testng.TestNG.runSuitesLocally(TestNG.java:1226)
	at org.testng.TestNG.runSuites(TestNG.java:1144)
	at org.testng.TestNG.run(TestNG.java:1115)
	at org.apache.maven.surefire.testng.TestNGExecutor.run(TestNGExecutor.java:77)
	at org.apache.maven.surefire.testng.TestNGDirectoryTestSuite.execute(TestNGDirectoryTestSuite.java:110)
	at org.apache.maven.surefire.testng.TestNGProvider.invoke(TestNGProvider.java:106)
	at sun.reflect.NativeMethodAccessorImpl.invoke0(Native Method)
	at sun.reflect.NativeMethodAccessorImpl.invoke(NativeMethodAccessorImpl.java:62)
	at sun.reflect.DelegatingMethodAccessorImpl.invoke(DelegatingMethodAccessorImpl.java:43)
	at java.lang.reflect.Method.invoke(Method.java:498)
	at org.apache.maven.surefire.util.ReflectionUtils.invokeMethodWithArray(ReflectionUtils.java:189)
	at org.apache.maven.surefire.booter.ProviderFactory$ProviderProxy.invoke(ProviderFactory.java:165)
	at org.apache.maven.surefire.booter.ProviderFactory.invokeProvider(ProviderFactory.java:85)
	at org.apache.maven.surefire.booter.ForkedBooter.runSuitesInProcess(ForkedBooter.java:115)
	at org.apache.maven.surefire.booter.ForkedBooter.main(ForkedBooter.java:75)
</textarea>
                                                </li>
                    <li test-id='102' class='gc then skip' status='skip'>
                        <h6 class="step-name" title="OrderReponseSteps.order_successfully_placed()"><span class='status skip' title='skip'><i class='material-icons'>redo</i></span>Then the order is successfully placed</h6>
                            <div class="node-step">Step skipped</div>
                    </li>
                    <li test-id='103' class='gc asterisk pass' status='pass'>
                        <h6 class="step-name" title=""><span class='status pass' title='pass'><i class='material-icons'>check_circle</i></span>Hooks.quit(Scenario)</h6>
                            <div class="node-step"></div>
                            <div class="node-step">Scenario Failed</div>
                    </li>
            </ul>
        </li>
    </ul>
</div>
					</div>
				</li>
				<li class='test displayed active has-leaf fail' status='fail' bdd='true' test-id='104'>
					<div class='test-heading'>
						<span class='test-name'>Registered User should be able to apply for Preferred Account option</span>
						<span class='test-time'>Aug 12, 2019 10:17:19 AM</span>
						<span class='test-status right fail'>fail</span>
					</div>
					<div class='test-content hide'>
<div class="sr-filters bdd-filters">
    <a class="btn-floating waves-effect waves-light pass green" title="pass"><i class='material-icons'>check_circle</i></a>
    <a class="btn-floating waves-effect waves-light fail red" title="fail"><i class='material-icons'>cancel</i></a>
    <a class="btn-floating waves-effect waves-light skip blue" title="skip"><i class='material-icons'>redo</i></a>
    <a class="btn-floating waves-effect waves-light clear grey" title="clear"><i class='material-icons'>clear</i></a>
</div>
<div class='scenario node' test-id='105' status='fail'>
    <div class='category-list'>
        <span class='category label'>@preferredAccount</span>
    </div>
    <span class='duration right label'>0h 0m 34s+420ms</span>
    <div class="bdd-test">
        <div class="scenario-name"><span class='status fail' title='fail'><i class='material-icons'>cancel</i></span> Scenario: Guest user should not have Preferred Account option</div>
    </div>
    <ul class='steps'>
        <li test-id='106' class='node asterisk pass' status='pass'>
            <div class="step-name" title=""><span class='status pass' title='pass'><i class='material-icons'>check_circle</i></span>Hooks.setUp(Scenario)</div>
                <div class="node-step"></div>
        </li>
        <li test-id='107' class='node given pass' status='pass'>
            <div class="step-name" title="HomePageSteps.i_navigate_to_the_home_page()"><span class='status pass' title='pass'><i class='material-icons'>check_circle</i></span>Given the user navigates to the home page</div>
                <div class="node-step"></div>
        </li>
        <li test-id='108' class='node when pass' status='pass'>
            <div class="step-name" title="HomePageSteps.user_selects_item()"><span class='status pass' title='pass'><i class='material-icons'>check_circle</i></span>When the user selects an item and Adds to Bag</div>
                <div class="node-step"></div>
        </li>
        <li test-id='109' class='node and pass' status='pass'>
            <div class="step-name" title="ProductDetailsSteps.userNavigatesToBag_checkout()"><span class='status pass' title='pass'><i class='material-icons'>check_circle</i></span>And the user navigates to Bag screen and places Guest checkout</div>
                <div class="node-step"></div>
        </li>
        <li test-id='110' class='node and pass' status='pass'>
            <div class="step-name" title="ShippingPageSteps.enterShippingAddress_Billing(DataTable)"><span class='status pass' title='pass'><i class='material-icons'>check_circle</i></span>And the user enters the Shipping address and continues to Billing</div>
                <div class="node-step"><table class='runtime-table table-striped table'><tr><td>Bill</td><td>Gates</td><td>354-803-1144</td><td>7273 Chesterton Ln</td><td></td><td>Indianapolis</td><td>United States</td><td>IN</td><td>46237</td></tr></table></div>
        </li>
        <li test-id='111' class='node then fail' status='fail'>
            <div class="step-name" title="BillingSteps.preferredAccountOptionNotAvailableForUser()"><span class='status fail' title='fail'><i class='material-icons'>cancel</i></span>Then the user Preferred Account option is not available for user</div>
                <textarea disabled class="code-block">org.openqa.selenium.NoSuchElementException: no such element: Unable to locate element: {"method":"css selector","selector":"img[alt='JTV Preferred Logo']+span"}
  (Session info: headless chrome=75.0.3770.100)
For documentation on this error, please visit: https://www.seleniumhq.org/exceptions/no_such_element.html
Build info: version: '3.141.59', revision: 'e82be7d358', time: '2018-11-14T08:17:03'
System info: host: 'l4024.jewelry.acn', ip: 'fe80:0:0:0:cda:2a0c:8b9c:2260%en0', os.name: 'Mac OS X', os.arch: 'x86_64', os.version: '10.14.5', java.version: '1.8.0_212'
Driver info: org.openqa.selenium.chrome.ChromeDriver
Capabilities {acceptInsecureCerts: false, browserName: chrome, browserVersion: 75.0.3770.100, chrome: {chromedriverVersion: 75.0.3770.140 (2d9f97485c7b..., userDataDir: /var/folders/sj/24bq1pyd20d...}, goog:chromeOptions: {debuggerAddress: localhost:58406}, javascriptEnabled: true, networkConnectionEnabled: false, pageLoadStrategy: normal, platform: MAC, platformName: MAC, proxy: Proxy(), setWindowRect: true, strictFileInteractability: false, timeouts: {implicit: 0, pageLoad: 300000, script: 30000}, unhandledPromptBehavior: dismiss and notify}
Session ID: 3d6912670a3b59c0e4194ecee19444fc
*** Element info: {Using=css selector, value=img[alt='JTV Preferred Logo']+span}
	at sun.reflect.GeneratedConstructorAccessor21.newInstance(Unknown Source)
	at sun.reflect.DelegatingConstructorAccessorImpl.newInstance(DelegatingConstructorAccessorImpl.java:45)
	at java.lang.reflect.Constructor.newInstance(Constructor.java:423)
	at org.openqa.selenium.remote.http.W3CHttpResponseCodec.createException(W3CHttpResponseCodec.java:187)
	at org.openqa.selenium.remote.http.W3CHttpResponseCodec.decode(W3CHttpResponseCodec.java:122)
	at org.openqa.selenium.remote.http.W3CHttpResponseCodec.decode(W3CHttpResponseCodec.java:49)
	at org.openqa.selenium.remote.HttpCommandExecutor.execute(HttpCommandExecutor.java:158)
	at org.openqa.selenium.remote.service.DriverCommandExecutor.execute(DriverCommandExecutor.java:83)
	at org.openqa.selenium.remote.RemoteWebDriver.execute(RemoteWebDriver.java:552)
	at org.openqa.selenium.remote.RemoteWebDriver.findElement(RemoteWebDriver.java:323)
	at org.openqa.selenium.remote.RemoteWebDriver.findElementByCssSelector(RemoteWebDriver.java:420)
	at org.openqa.selenium.By$ByCssSelector.findElement(By.java:431)
	at org.openqa.selenium.remote.RemoteWebDriver.findElement(RemoteWebDriver.java:315)
	at utilities.BaseClass.isDisplayed(BaseClass.java:585)
	at pageObjects.BillingPage.isJTVPreferredAccountDisplayed(BillingPage.java:154)
	at stepDefinitions.BillingSteps.preferredAccountOptionNotAvailableForUser(BillingSteps.java:48)
	at âœ½.the user Preferred Account option is not available for user(features/preferredAccount/PreferredAccount.feature:10)
</textarea>
        </li>
        <li test-id='112' class='node asterisk pass' status='pass'>
            <div class="step-name" title=""><span class='status pass' title='pass'><i class='material-icons'>check_circle</i></span>Hooks.quit(Scenario)</div>
                <div class="node-step"></div>
                <div class="node-step">Scenario Failed</div>
        </li>
    </ul>
</div>
					</div>
				</li>
				<li class='test displayed active has-leaf fail' status='fail' bdd='true' test-id='113'>
					<div class='test-heading'>
						<span class='test-name'>Registered Customers should be able to set up Quick Buy</span>
						<span class='test-time'>Aug 12, 2019 10:17:53 AM</span>
						<span class='test-status right fail'>fail</span>
					</div>
					<div class='test-content hide'>
<div class="sr-filters bdd-filters">
    <a class="btn-floating waves-effect waves-light pass green" title="pass"><i class='material-icons'>check_circle</i></a>
    <a class="btn-floating waves-effect waves-light fail red" title="fail"><i class='material-icons'>cancel</i></a>
    <a class="btn-floating waves-effect waves-light skip blue" title="skip"><i class='material-icons'>redo</i></a>
    <a class="btn-floating waves-effect waves-light clear grey" title="clear"><i class='material-icons'>clear</i></a>
</div>
<div class='scenario node' test-id='114' status='fail'>
    <div class='category-list'>
        <span class='category label'>@quickbuy</span>
        <span class='category label'>@smoke</span>
    </div>
    <span class='duration right label'>0h 0m 42s+775ms</span>
    <div class="bdd-test">
        <div class="scenario-name"><span class='status fail' title='fail'><i class='material-icons'>cancel</i></span> Scenario: Verify the Quick Buy Page</div>
    </div>
    <ul class='steps'>
        <li test-id='115' class='node asterisk pass' status='pass'>
            <div class="step-name" title=""><span class='status pass' title='pass'><i class='material-icons'>check_circle</i></span>Hooks.setUp(Scenario)</div>
                <div class="node-step"></div>
        </li>
        <li test-id='116' class='node given pass' status='pass'>
            <div class="step-name" title="LoginSteps.i_navigate_to_the_Login_page()"><span class='status pass' title='pass'><i class='material-icons'>check_circle</i></span>Given the user navigate to the Login page</div>
                <div class="node-step"></div>
        </li>
        <li test-id='117' class='node when pass' status='pass'>
            <div class="step-name" title="LoginSteps.i_login_with_email_and_Password(DataTable)"><span class='status pass' title='pass'><i class='material-icons'>check_circle</i></span>When the user login with following credentials</div>
                <div class="node-step"><table class='runtime-table table-striped table'><tr><td>sedhu.madhavan@jtv.com</td><td>reliance</td></tr></table></div>
        </li>
        <li test-id='118' class='node and pass' status='pass'>
            <div class="step-name" title="QuickBuySteps.i_navigate_to_the_QuickBuy_page()"><span class='status pass' title='pass'><i class='material-icons'>check_circle</i></span>And the user navigates to the Quick Buy page</div>
                <div class="node-step"></div>
        </li>
        <li test-id='119' class='node then fail' status='fail'>
            <div class="step-name" title="QuickBuySteps.user_Presented_QuickBuypage()"><span class='status fail' title='fail'><i class='material-icons'>cancel</i></span>Then the user is presented with QuickBuy</div>
                <textarea disabled class="code-block">java.lang.AssertionError: 
Expecting:
 <3>
to be equal to:
 <13>
but was not.
	at stepDefinitions.QuickBuySteps.user_Presented_QuickBuypage(QuickBuySteps.java:44)
	at âœ½.the user is presented with QuickBuy(features/quickBuy/QuickBuy.feature:10)
</textarea>
        </li>
        <li test-id='120' class='node asterisk pass' status='pass'>
            <div class="step-name" title=""><span class='status pass' title='pass'><i class='material-icons'>check_circle</i></span>Hooks.quit(Scenario)</div>
                <div class="node-step"></div>
                <div class="node-step">Scenario Failed</div>
        </li>
    </ul>
</div>
<div class='scenariooutline node' test-id='121' status='fail'>
    <div class='category-list'>
        <span class='category label'>@smoke</span>
    </div>
    <span class='duration right label'>0h 0m 23s+167ms</span>
    <div class="bdd-test">
        <div class="scenario-name"><span class='status fail' title='fail'><i class='material-icons'>cancel</i></span> ScenarioOutline: Verify adding New Address to Quick Buy</div>
        <table class='runtime-table table-striped table'><tr><td>First Name</td><td>Last Name</td><td>Address One</td><td>Address Two</td><td>City</td><td>Country</td><td>State</td><td>Zip code</td><td>Default Address</td></tr><tr><td>Sedhu</td><td>M</td><td>1305 Dunwoody Gables Dr</td><td></td><td>Dunwoody</td><td>United States</td><td>GA - Georgia</td><td>30338</td><td>True</td></tr></table>
    </div>
    <ul class='steps'>
        <li test-id='122' class='node scenario fail' status='fail'>
            <div class="step-name" title=""><span class='status fail' title='fail'><i class='material-icons'>cancel</i></span>Verify adding New Address to Quick Buy</div>
            <ul class='gc steps'>
                    <li test-id='123' class='gc asterisk pass' status='pass'>
                        <h6 class="step-name" title=""><span class='status pass' title='pass'><i class='material-icons'>check_circle</i></span>Hooks.setUp(Scenario)</h6>
                            <div class="node-step"></div>
                    </li>
                    <li test-id='124' class='gc given pass' status='pass'>
                        <h6 class="step-name" title="LoginSteps.i_navigate_to_the_Login_page()"><span class='status pass' title='pass'><i class='material-icons'>check_circle</i></span>Given the user navigate to the Login page</h6>
                            <div class="node-step"></div>
                    </li>
                    <li test-id='125' class='gc when pass' status='pass'>
                        <h6 class="step-name" title="LoginSteps.i_login_with_email_and_Password(DataTable)"><span class='status pass' title='pass'><i class='material-icons'>check_circle</i></span>When the user login with following credentials</h6>
                            <div class="node-step"><table class='runtime-table table-striped table'><tr><td>sedhu.madhavan@jtv.com</td><td>reliance</td></tr></table></div>
                    </li>
                    <li test-id='126' class='gc and pass' status='pass'>
                        <h6 class="step-name" title="QuickBuySteps.i_navigate_to_the_QuickBuy_page()"><span class='status pass' title='pass'><i class='material-icons'>check_circle</i></span>And the user navigates to the Quick Buy page</h6>
                            <div class="node-step"></div>
                    </li>
                    <li test-id='127' class='gc and fail' status='fail'>
                        <h6 class="step-name" title="QuickBuySteps.user_addSave_newaddresses(String,String>)"><span class='status fail' title='fail'><i class='material-icons'>cancel</i></span>And the user adds new address and save</h6>
                            <div class="node-step"><table class='runtime-table table-striped table'><tr><td>First Name</td><td>Sedhu</td></tr><tr><td>Last Name</td><td>M</td></tr><tr><td>Address One</td><td>1305 Dunwoody Gables Dr</td></tr><tr><td>Address Two</td><td></td></tr><tr><td>City</td><td>Dunwoody</td></tr><tr><td>Country</td><td>United States</td></tr><tr><td>State</td><td>GA - Georgia</td></tr><tr><td>Zip code</td><td>30338</td></tr><tr><td>Default Address</td><td>True</td></tr></table></div>
                            <textarea disabled class="code-block">org.openqa.selenium.NoSuchElementException: no such element: Unable to locate element: {"method":"xpath","selector":"//a[text()='Delete This Address']"}
  (Session info: headless chrome=75.0.3770.100)
For documentation on this error, please visit: https://www.seleniumhq.org/exceptions/no_such_element.html
Build info: version: '3.141.59', revision: 'e82be7d358', time: '2018-11-14T08:17:03'
System info: host: 'l4024.jewelry.acn', ip: 'fe80:0:0:0:cda:2a0c:8b9c:2260%en0', os.name: 'Mac OS X', os.arch: 'x86_64', os.version: '10.14.5', java.version: '1.8.0_212'
Driver info: org.openqa.selenium.chrome.ChromeDriver
Capabilities {acceptInsecureCerts: false, browserName: chrome, browserVersion: 75.0.3770.100, chrome: {chromedriverVersion: 75.0.3770.140 (2d9f97485c7b..., userDataDir: /var/folders/sj/24bq1pyd20d...}, goog:chromeOptions: {debuggerAddress: localhost:59974}, javascriptEnabled: true, networkConnectionEnabled: false, pageLoadStrategy: normal, platform: MAC, platformName: MAC, proxy: Proxy(), setWindowRect: true, strictFileInteractability: false, timeouts: {implicit: 0, pageLoad: 300000, script: 30000}, unhandledPromptBehavior: dismiss and notify}
Session ID: 6b8f8ad24732698f0f7a2166cf2f94de
*** Element info: {Using=xpath, value=//a[text()='Delete This Address']}
	at sun.reflect.GeneratedConstructorAccessor21.newInstance(Unknown Source)
	at sun.reflect.DelegatingConstructorAccessorImpl.newInstance(DelegatingConstructorAccessorImpl.java:45)
	at java.lang.reflect.Constructor.newInstance(Constructor.java:423)
	at org.openqa.selenium.remote.http.W3CHttpResponseCodec.createException(W3CHttpResponseCodec.java:187)
	at org.openqa.selenium.remote.http.W3CHttpResponseCodec.decode(W3CHttpResponseCodec.java:122)
	at org.openqa.selenium.remote.http.W3CHttpResponseCodec.decode(W3CHttpResponseCodec.java:49)
	at org.openqa.selenium.remote.HttpCommandExecutor.execute(HttpCommandExecutor.java:158)
	at org.openqa.selenium.remote.service.DriverCommandExecutor.execute(DriverCommandExecutor.java:83)
	at org.openqa.selenium.remote.RemoteWebDriver.execute(RemoteWebDriver.java:552)
	at org.openqa.selenium.remote.RemoteWebDriver.findElement(RemoteWebDriver.java:323)
	at org.openqa.selenium.remote.RemoteWebDriver.findElementByXPath(RemoteWebDriver.java:428)
	at org.openqa.selenium.By$ByXPath.findElement(By.java:353)
	at org.openqa.selenium.remote.RemoteWebDriver.findElement(RemoteWebDriver.java:315)
	at utilities.BaseClass.waitUntillElementToBeVisible(BaseClass.java:578)
	at pageObjects.QuickBuy.deleteAddress(QuickBuy.java:101)
	at pageObjects.QuickBuy.AddNewAddress(QuickBuy.java:66)
	at stepDefinitions.QuickBuySteps.user_addSave_newaddresses(QuickBuySteps.java:49)
	at âœ½.the user adds new address and save(features/quickBuy/QuickBuy.feature:18)
</textarea>
                                                </li>
                    <li test-id='128' class='gc then skip' status='skip'>
                        <h6 class="step-name" title="QuickBuySteps.address_should_get_saved(DataTable)"><span class='status skip' title='skip'><i class='material-icons'>redo</i></span>Then the Address should get saved</h6>
                            <div class="node-step"><table class='runtime-table table-striped table'><tr><td>Sedhu</td><td>M</td><td>1305 Dunwoody Gables Dr</td><td></td><td>Dunwoody</td><td>United States</td><td>GA - Georgia</td><td>30338</td><td>True</td></tr></table></div>
                            <div class="node-step">Step skipped</div>
                    </li>
                    <li test-id='129' class='gc asterisk pass' status='pass'>
                        <h6 class="step-name" title=""><span class='status pass' title='pass'><i class='material-icons'>check_circle</i></span>Hooks.quit(Scenario)</h6>
                            <div class="node-step"></div>
                            <div class="node-step">Scenario Failed</div>
                    </li>
            </ul>
        </li>
    </ul>
</div>
<div class='scenario node' test-id='130' status='fail'>
    <div class='category-list'>
        <span class='category label'>@quickbuy</span>
        <span class='category label'>@smoke</span>
    </div>
    <span class='duration right label'>0h 1m 1s+139ms</span>
    <div class="bdd-test">
        <div class="scenario-name"><span class='status fail' title='fail'><i class='material-icons'>cancel</i></span> Scenario: Verify placing a quick buy order</div>
    </div>
    <ul class='steps'>
        <li test-id='131' class='node asterisk pass' status='pass'>
            <div class="step-name" title=""><span class='status pass' title='pass'><i class='material-icons'>check_circle</i></span>Hooks.setUp(Scenario)</div>
                <div class="node-step"></div>
        </li>
        <li test-id='132' class='node given pass' status='pass'>
            <div class="step-name" title="LoginSteps.i_navigate_to_the_Login_page()"><span class='status pass' title='pass'><i class='material-icons'>check_circle</i></span>Given the user navigate to the Login page</div>
                <div class="node-step"></div>
        </li>
        <li test-id='133' class='node when pass' status='pass'>
            <div class="step-name" title="LoginSteps.i_login_with_email_and_Password(DataTable)"><span class='status pass' title='pass'><i class='material-icons'>check_circle</i></span>When the user login with following credentials</div>
                <div class="node-step"><table class='runtime-table table-striped table'><tr><td>msedhu@gmail.com</td><td>reliance</td></tr></table></div>
        </li>
        <li test-id='134' class='node and pass' status='pass'>
            <div class="step-name" title="ProductDetailsSteps.userSelectsProduct(DataTable)"><span class='status pass' title='pass'><i class='material-icons'>check_circle</i></span>And user selects a product</div>
                <div class="node-step"><table class='runtime-table table-striped table'><tr><td>Watches</td><td>Women's Watches</td></tr></table></div>
        </li>
        <li test-id='135' class='node and pass' status='pass'>
            <div class="step-name" title="QuickBuySteps.java:26"><span class='status pass' title='pass'><i class='material-icons'>check_circle</i></span>And user places quickbuy order</div>
                <div class="node-step"></div>
        </li>
        <li test-id='136' class='node then fail' status='fail'>
            <div class="step-name" title="BillingSteps.java:24"><span class='status fail' title='fail'><i class='material-icons'>cancel</i></span>Then user is taken to Secure Checkout page</div>
                <textarea disabled class="code-block">java.lang.NullPointerException
	at pageObjects.ReviewOrderPage.getBillingAddress(ReviewOrderPage.java:45)
	at stepDefinitions.BillingSteps.lambda$new$0(BillingSteps.java:26)
	at âœ½.user is taken to Secure Checkout page(features/quickBuy/QuickBuy.feature:43)
</textarea>
        </li>
        <li test-id='137' class='node and skip' status='skip'>
            <div class="step-name" title="BillingSteps.java:31"><span class='status skip' title='skip'><i class='material-icons'>redo</i></span>And quickbuy order should be placed successfully</div>
                <div class="node-step">Step skipped</div>
        </li>
        <li test-id='138' class='node asterisk pass' status='pass'>
            <div class="step-name" title=""><span class='status pass' title='pass'><i class='material-icons'>check_circle</i></span>Hooks.quit(Scenario)</div>
                <div class="node-step"></div>
                <div class="node-step">Scenario Failed</div>
        </li>
    </ul>
</div>
					</div>
				</li>
				<li class='test displayed active has-leaf pass' status='pass' bdd='true' test-id='139'>
					<div class='test-heading'>
						<span class='test-name'>As a Customer user should be able to Search items</span>
						<span class='test-time'>Aug 12, 2019 10:20:01 AM</span>
						<span class='test-status right pass'>pass</span>
					</div>
					<div class='test-content hide'>
<div class="sr-filters bdd-filters">
    <a class="btn-floating waves-effect waves-light pass green" title="pass"><i class='material-icons'>check_circle</i></a>
    <a class="btn-floating waves-effect waves-light fail red" title="fail"><i class='material-icons'>cancel</i></a>
    <a class="btn-floating waves-effect waves-light skip blue" title="skip"><i class='material-icons'>redo</i></a>
    <a class="btn-floating waves-effect waves-light clear grey" title="clear"><i class='material-icons'>clear</i></a>
</div>
<div class='scenario node' test-id='140' status='pass'>
    <div class='category-list'>
        <span class='category label'>@searchpage</span>
        <span class='category label'>@regression</span>
    </div>
    <span class='duration right label'>0h 0m 21s+291ms</span>
    <div class="bdd-test">
        <div class="scenario-name"><span class='status pass' title='pass'><i class='material-icons'>check_circle</i></span> Scenario: User selects Shop by Type to shop Ring</div>
    </div>
    <ul class='steps'>
        <li test-id='141' class='node asterisk pass' status='pass'>
            <div class="step-name" title=""><span class='status pass' title='pass'><i class='material-icons'>check_circle</i></span>Hooks.setUp(Scenario)</div>
                <div class="node-step"></div>
        </li>
        <li test-id='142' class='node given pass' status='pass'>
            <div class="step-name" title="LoginSteps.i_navigate_to_the_Login_page()"><span class='status pass' title='pass'><i class='material-icons'>check_circle</i></span>Given the user navigate to the Login page</div>
                <div class="node-step"></div>
        </li>
        <li test-id='143' class='node when pass' status='pass'>
            <div class="step-name" title="LoginSteps.i_login_with_email_and_Password(DataTable)"><span class='status pass' title='pass'><i class='material-icons'>check_circle</i></span>When the user login with following credentials</div>
                <div class="node-step"><table class='runtime-table table-striped table'><tr><td>sedhu.madhavan@jtv.com</td><td>reliance</td></tr></table></div>
        </li>
        <li test-id='144' class='node and pass' status='pass'>
            <div class="step-name" title="HomePageSteps.i_navigate_to_the_home_page()"><span class='status pass' title='pass'><i class='material-icons'>check_circle</i></span>And the user navigates to the home page</div>
                <div class="node-step"></div>
        </li>
        <li test-id='145' class='node then pass' status='pass'>
            <div class="step-name" title="HomePageSteps.verify_searchfield_text(String)"><span class='status pass' title='pass'><i class='material-icons'>check_circle</i></span>Then the user should see Search field with the text "What are you looking for?"</div>
                <div class="node-step"></div>
        </li>
        <li test-id='146' class='node asterisk pass' status='pass'>
            <div class="step-name" title=""><span class='status pass' title='pass'><i class='material-icons'>check_circle</i></span>Hooks.quit(Scenario)</div>
                <div class="node-step">Scenario Passed</div>
        </li>
    </ul>
</div>
<div class='scenario node' test-id='147' status='pass'>
    <div class='category-list'>
        <span class='category label'>@searchpage</span>
        <span class='category label'>@smoke</span>
    </div>
    <span class='duration right label'>0h 0m 25s+767ms</span>
    <div class="bdd-test">
        <div class="scenario-name"><span class='status pass' title='pass'><i class='material-icons'>check_circle</i></span> Scenario: User Search items to view the search results</div>
    </div>
    <ul class='steps'>
        <li test-id='148' class='node asterisk pass' status='pass'>
            <div class="step-name" title=""><span class='status pass' title='pass'><i class='material-icons'>check_circle</i></span>Hooks.setUp(Scenario)</div>
                <div class="node-step"></div>
        </li>
        <li test-id='149' class='node given pass' status='pass'>
            <div class="step-name" title="LoginSteps.i_navigate_to_the_Login_page()"><span class='status pass' title='pass'><i class='material-icons'>check_circle</i></span>Given the user navigate to the Login page</div>
                <div class="node-step"></div>
        </li>
        <li test-id='150' class='node when pass' status='pass'>
            <div class="step-name" title="LoginSteps.i_login_with_email_and_Password(DataTable)"><span class='status pass' title='pass'><i class='material-icons'>check_circle</i></span>When the user login with following credentials</div>
                <div class="node-step"><table class='runtime-table table-striped table'><tr><td>sedhu.madhavan@jtv.com</td><td>reliance</td></tr></table></div>
        </li>
        <li test-id='151' class='node and pass' status='pass'>
            <div class="step-name" title="HomePageSteps.i_navigate_to_the_home_page()"><span class='status pass' title='pass'><i class='material-icons'>check_circle</i></span>And the user navigates to the home page</div>
                <div class="node-step"></div>
        </li>
        <li test-id='152' class='node and pass' status='pass'>
            <div class="step-name" title="SearchResultsSteps.userSearchItems(String)"><span class='status pass' title='pass'><i class='material-icons'>check_circle</i></span>And the user Search with the text "Ring"</div>
                <div class="node-step"></div>
        </li>
        <li test-id='153' class='node then pass' status='pass'>
            <div class="step-name" title="SearchResultsSteps.verify_Breadcrumb(String)"><span class='status pass' title='pass'><i class='material-icons'>check_circle</i></span>Then Breadcrumb should display "Your search results for"</div>
                <div class="node-step"></div>
        </li>
        <li test-id='154' class='node asterisk pass' status='pass'>
            <div class="step-name" title=""><span class='status pass' title='pass'><i class='material-icons'>check_circle</i></span>Hooks.quit(Scenario)</div>
                <div class="node-step">Scenario Passed</div>
        </li>
    </ul>
</div>
					</div>
				</li>
				<li class='test displayed active has-leaf fail' status='fail' bdd='true' test-id='155'>
					<div class='test-heading'>
						<span class='test-name'>Registered User be able to add and view shopping bag</span>
						<span class='test-time'>Aug 12, 2019 10:20:48 AM</span>
						<span class='test-status right fail'>fail</span>
					</div>
					<div class='test-content hide'>
<div class="sr-filters bdd-filters">
    <a class="btn-floating waves-effect waves-light pass green" title="pass"><i class='material-icons'>check_circle</i></a>
    <a class="btn-floating waves-effect waves-light fail red" title="fail"><i class='material-icons'>cancel</i></a>
    <a class="btn-floating waves-effect waves-light skip blue" title="skip"><i class='material-icons'>redo</i></a>
    <a class="btn-floating waves-effect waves-light clear grey" title="clear"><i class='material-icons'>clear</i></a>
</div>
<div class='scenario node' test-id='156' status='fail'>
    <div class='category-list'>
        <span class='category label'>@customerShoppingBag</span>
        <span class='category label'>@smoke</span>
    </div>
    <span class='duration right label'>0h 0m 19s+763ms</span>
    <div class="bdd-test">
        <div class="scenario-name"><span class='status fail' title='fail'><i class='material-icons'>cancel</i></span> Scenario: Registered User to view empty shopping bag</div>
    </div>
    <ul class='steps'>
        <li test-id='157' class='node asterisk pass' status='pass'>
            <div class="step-name" title=""><span class='status pass' title='pass'><i class='material-icons'>check_circle</i></span>Hooks.setUp(Scenario)</div>
                <div class="node-step"></div>
        </li>
        <li test-id='158' class='node given pass' status='pass'>
            <div class="step-name" title="LoginSteps.i_navigate_to_the_Login_page()"><span class='status pass' title='pass'><i class='material-icons'>check_circle</i></span>Given the user navigate to the Login page</div>
                <div class="node-step"></div>
        </li>
        <li test-id='159' class='node when pass' status='pass'>
            <div class="step-name" title="LoginSteps.i_login_with_email_and_Password(DataTable)"><span class='status pass' title='pass'><i class='material-icons'>check_circle</i></span>When the user login with following credentials</div>
                <div class="node-step"><table class='runtime-table table-striped table'><tr><td>sedhu.madhavan@jtv.com</td><td>reliance</td></tr></table></div>
        </li>
        <li test-id='160' class='node and pass' status='pass'>
            <div class="step-name" title="ShoppingBagSteps.navigateToShoppingBagPage()"><span class='status pass' title='pass'><i class='material-icons'>check_circle</i></span>And user navigates to Shopping bag screen</div>
                <div class="node-step"></div>
        </li>
        <li test-id='161' class='node then fail' status='fail'>
            <div class="step-name" title="ShoppingBagSteps.verifyShoppingBagScreen(String)"><span class='status fail' title='fail'><i class='material-icons'>cancel</i></span>Then user should be displayed "Your Shopping Bag is empty"</div>
                <textarea disabled class="code-block">java.lang.AssertionError: 
Expecting actual not to be null
	at stepDefinitions.ShoppingBagSteps.verifyShoppingBagScreen(ShoppingBagSteps.java:26)
	at âœ½.user should be displayed "Your Shopping Bag is empty"(features/registeredCustomerCheckout/CustomerShoppingBag.feature:10)
</textarea>
        </li>
        <li test-id='162' class='node and skip' status='skip'>
            <div class="step-name" title="ShoppingBagSteps.continueShopping()"><span class='status skip' title='skip'><i class='material-icons'>redo</i></span>And option to continue shopping</div>
                <div class="node-step">Step skipped</div>
        </li>
        <li test-id='163' class='node asterisk pass' status='pass'>
            <div class="step-name" title=""><span class='status pass' title='pass'><i class='material-icons'>check_circle</i></span>Hooks.quit(Scenario)</div>
                <div class="node-step"></div>
                <div class="node-step">Scenario Failed</div>
        </li>
    </ul>
</div>
					</div>
				</li>
				<li class='test displayed active has-leaf fail' status='fail' bdd='true' test-id='164'>
					<div class='test-heading'>
						<span class='test-name'>Registered User be able to place stretch pay orders</span>
						<span class='test-time'>Aug 12, 2019 10:21:08 AM</span>
						<span class='test-status right fail'>fail</span>
					</div>
					<div class='test-content hide'>
<div class="sr-filters bdd-filters">
    <a class="btn-floating waves-effect waves-light pass green" title="pass"><i class='material-icons'>check_circle</i></a>
    <a class="btn-floating waves-effect waves-light fail red" title="fail"><i class='material-icons'>cancel</i></a>
    <a class="btn-floating waves-effect waves-light skip blue" title="skip"><i class='material-icons'>redo</i></a>
    <a class="btn-floating waves-effect waves-light clear grey" title="clear"><i class='material-icons'>clear</i></a>
</div>
<div class='scenario node' test-id='165' status='fail'>
    <div class='category-list'>
        <span class='category label'>@stretchPay</span>
        <span class='category label'>@smoke</span>
    </div>
    <span class='duration right label'>0h 6m 11s+311ms</span>
    <div class="bdd-test">
        <div class="scenario-name"><span class='status fail' title='fail'><i class='material-icons'>cancel</i></span> Scenario: Registered User to place an stretch pay order</div>
    </div>
    <ul class='steps'>
        <li test-id='166' class='node asterisk pass' status='pass'>
            <div class="step-name" title=""><span class='status pass' title='pass'><i class='material-icons'>check_circle</i></span>Hooks.setUp(Scenario)</div>
                <div class="node-step"></div>
        </li>
        <li test-id='167' class='node given pass' status='pass'>
            <div class="step-name" title="LoginSteps.navigateAndlogin(DataTable)"><span class='status pass' title='pass'><i class='material-icons'>check_circle</i></span>Given the user logs in to the application with following credentials</div>
                <div class="node-step"><table class='runtime-table table-striped table'><tr><td>msedhu@gmail.com</td><td>reliance</td></tr></table></div>
        </li>
        <li test-id='168' class='node when pass' status='pass'>
            <div class="step-name" title="HomePageSteps.i_navigate_to_the_Home_page()"><span class='status pass' title='pass'><i class='material-icons'>check_circle</i></span>When the user navigates to the Home page</div>
                <div class="node-step"></div>
        </li>
        <li test-id='169' class='node and pass' status='pass'>
            <div class="step-name" title="HomePageSteps.selectStretchPayItem()"><span class='status pass' title='pass'><i class='material-icons'>check_circle</i></span>And the user selects a Stretch pay item and Adds to Bag</div>
                <div class="node-step"></div>
        </li>
        <li test-id='170' class='node and pass' status='pass'>
            <div class="step-name" title="ShoppingBagSteps.navigateToShoppingBagPage()"><span class='status pass' title='pass'><i class='material-icons'>check_circle</i></span>And user navigates to Shopping bag screen</div>
                <div class="node-step"></div>
        </li>
        <li test-id='171' class='node and fail' status='fail'>
            <div class="step-name" title="ReviewOrderSteps.checkoutAndEnterCardDetails(DataTable)"><span class='status fail' title='fail'><i class='material-icons'>cancel</i></span>And the user checkout with card details and places order</div>
                <div class="node-step"><table class='runtime-table table-striped table'><tr><td>Bob Allen</td><td>4916855657472322</td><td>11</td><td>2022</td><td>578</td></tr></table></div>
                <textarea disabled class="code-block">java.lang.AssertionError: Clicked on element by By.id: cc-title
	at org.testng.Assert.fail(Assert.java:93)
	at utilities.BaseClass.click(BaseClass.java:214)
	at pageObjects.BillingPage.selectAddNewCreditDebit(BillingPage.java:44)
	at pageObjects.BillingPage.enterCVVIfEnabled(BillingPage.java:49)
	at stepDefinitions.ReviewOrderSteps.checkoutAndEnterCardDetails(ReviewOrderSteps.java:46)
	at âœ½.the user checkout with card details and places order(features/stretchPay/StretchPay.feature:11)
</textarea>
        </li>
        <li test-id='172' class='node then skip' status='skip'>
            <div class="step-name" title="ReviewOrderSteps.verifyOrderSummaryTotalDue()"><span class='status skip' title='skip'><i class='material-icons'>redo</i></span>Then Order summary has the Total Due today calculated correctly</div>
                <div class="node-step">Step skipped</div>
        </li>
        <li test-id='173' class='node asterisk pass' status='pass'>
            <div class="step-name" title=""><span class='status pass' title='pass'><i class='material-icons'>check_circle</i></span>Hooks.quit(Scenario)</div>
                <div class="node-step"></div>
                <div class="node-step">Scenario Failed</div>
        </li>
    </ul>
</div>
<div class='scenario node' test-id='174' status='pass'>
    <div class='category-list'>
        <span class='category label'>@stretchPay</span>
        <span class='category label'>@smoke</span>
    </div>
    <span class='duration right label'>0h 0m 44s+824ms</span>
    <div class="bdd-test">
        <div class="scenario-name"><span class='status pass' title='pass'><i class='material-icons'>check_circle</i></span> Scenario: Guest user should not be able to place stretch pay orders</div>
    </div>
    <ul class='steps'>
        <li test-id='175' class='node asterisk pass' status='pass'>
            <div class="step-name" title=""><span class='status pass' title='pass'><i class='material-icons'>check_circle</i></span>Hooks.setUp(Scenario)</div>
                <div class="node-step"></div>
        </li>
        <li test-id='176' class='node given pass' status='pass'>
            <div class="step-name" title="HomePageSteps.i_navigate_to_the_home_page()"><span class='status pass' title='pass'><i class='material-icons'>check_circle</i></span>Given the user navigates to the home page</div>
                <div class="node-step"></div>
        </li>
        <li test-id='177' class='node when pass' status='pass'>
            <div class="step-name" title="HomePageSteps.selectStretchPayItem()"><span class='status pass' title='pass'><i class='material-icons'>check_circle</i></span>When the user selects a Stretch pay item and Adds to Bag</div>
                <div class="node-step"></div>
        </li>
        <li test-id='178' class='node and pass' status='pass'>
            <div class="step-name" title="ProductDetailsSteps.userNavigatesToBag_checkout()"><span class='status pass' title='pass'><i class='material-icons'>check_circle</i></span>And the user navigates to Bag screen and places Guest checkout</div>
                <div class="node-step"></div>
        </li>
        <li test-id='179' class='node then pass' status='pass'>
            <div class="step-name" title="ShoppingBagSteps.userInformedToSign()"><span class='status pass' title='pass'><i class='material-icons'>check_circle</i></span>Then the user is informed to sign in to proceed with StretchPay</div>
                <div class="node-step"></div>
        </li>
        <li test-id='180' class='node asterisk pass' status='pass'>
            <div class="step-name" title=""><span class='status pass' title='pass'><i class='material-icons'>check_circle</i></span>Hooks.quit(Scenario)</div>
                <div class="node-step">Scenario Passed</div>
        </li>
    </ul>
</div>
					</div>
				</li>
			</ul>
		</div>
	</div>
	<!-- subview left -->
	<div class='subview-right left'>
		<div class='view-summary'>
			<div id='step-filters' class="right sr-filters">
				<a class="btn-floating waves-effect waves-light green" status="pass" alt="pass" title="pass"><i class="material-icons">check_circle</i></a>
				<a class="btn-floating waves-effect waves-light red" status="fail" alt="fail" title="fail"><i class="material-icons">cancel</i></a>
				<a class="btn-floating waves-effect waves-light red darken-4" status="fatal" alt="fatal" title="fatal"><i class="material-icons">cancel</i></a>
				<a class="btn-floating waves-effect waves-light pink text-lighten-1" status="error" alt="error" title="error"><i class="material-icons">error</i></a>
				<a class="btn-floating waves-effect waves-light orange" alt="warning" status="warning" title="warning"><i class="material-icons">warning</i></a>
				<a class="btn-floating waves-effect waves-light teal" status="skip" alt="skip" title="skip"><i class="material-icons">redo</i></a>
				<a class="btn-floating waves-effect waves-light grey" status="clear" alt="Clear filters" title="Clear filters"><i class="material-icons">clear</i></a>
			</div>
			<h5 class='test-name'></h5>
		</div>
	</div>
	<!-- subview right -->
</div>
<!-- test view --><div id='category-view' class='view hide'>
	<section id='controls'>
		<div class='controls grey lighten-4'>
			<!-- search -->
			<div class='chip transparent' alt='Search Tests' title='Search Tests'>
				<a href="#" class='search-div'>
				<i class='material-icons'>search</i> Search
				</a>
				<div class='input-field left hide'>
					<input id='search-tests' type='text' class='validate browser-default' placeholder='Search Tests...'>
				</div>
			</div>
			<!-- search -->
		</div>
	</section>
	<div class='subview-left left'>
		<div class='view-summary'>
			<ul id='category-collection' class='category-collection'>
				<li class='category displayed active'>
					<div class='category-heading'>
						<span class='category-name'>@salesTax</span>
						<span class='category-status right'>
						<span class='label pass'>2</span>
						</span>
					</div>
					<div class='category-content hide'>
						<div class='category-status-counts'>
							<span status="pass" class='label green accent-4 white-text'>Passed: 2</span>
							
							
						</div>
						<div class='category-tests'>
							<table class='bordered table-results'>
								<thead>
									<tr>
										<th>Timestamp</th>
										<th>TestName</th>
										<th>Status</th>
									</tr>
								</thead>
								<tbody>
									<tr>
										<td>Aug 12, 2019 10:10:54 AM</td>
										<td class='linked' test-id='1'>Sales Tax computed correctly on placing orders</td>
										<td><span class='test-status pass'>pass</span></td>
									</tr>
									<tr>
										<td>Aug 12, 2019 10:10:54 AM</td>
										<td class='linked' test-id='3'>Sales Tax computed correctly on placing orders.Sales Tax gets updated on change of Shipping address.Sales Tax gets updated on change of Shipping address</td>
										<td><span class='test-status pass'>pass</span></td>
									</tr>
								</tbody>
							</table>
						</div>
					</div>
				</li>
				<li class='category displayed active'>
					<div class='category-heading'>
						<span class='category-name'>@smoke</span>
						<span class='category-status right'>
						<span class='label pass'>13</span>
						<span class='label fail'>10</span>
						</span>
					</div>
					<div class='category-content hide'>
						<div class='category-status-counts'>
							<span status="pass" class='label green accent-4 white-text'>Passed: 13</span>
							<span status="fail" class='label red lighten-1 white-text'>Failed: 10</span>
							
						</div>
						<div class='category-tests'>
							<table class='bordered table-results'>
								<thead>
									<tr>
										<th>Timestamp</th>
										<th>TestName</th>
										<th>Status</th>
									</tr>
								</thead>
								<tbody>
									<tr>
										<td>Aug 12, 2019 10:10:54 AM</td>
										<td class='linked' test-id='2'>Sales Tax computed correctly on placing orders.Sales Tax gets updated on change of Shipping address</td>
										<td><span class='test-status pass'>pass</span></td>
									</tr>
									<tr>
										<td>Aug 12, 2019 10:10:54 AM</td>
										<td class='linked' test-id='3'>Sales Tax computed correctly on placing orders.Sales Tax gets updated on change of Shipping address.Sales Tax gets updated on change of Shipping address</td>
										<td><span class='test-status pass'>pass</span></td>
									</tr>
									<tr>
										<td>Aug 12, 2019 10:11:40 AM</td>
										<td class='linked' test-id='14'>As a Guest, user should be able to checkout a product.Registered User checkouts a product and place an order with P.O.Box address</td>
										<td><span class='test-status pass'>pass</span></td>
									</tr>
									<tr>
										<td>Aug 12, 2019 10:12:44 AM</td>
										<td class='linked' test-id='30'>As a new user he should be able to create account with Jtv.com.User Registers with existing Email address</td>
										<td><span class='test-status pass'>pass</span></td>
									</tr>
									<tr>
										<td>Aug 12, 2019 10:12:44 AM</td>
										<td class='linked' test-id='31'>As a new user he should be able to create account with Jtv.com.User Registers with existing Email address.User Registers with existing Email address</td>
										<td><span class='test-status pass'>pass</span></td>
									</tr>
									<tr>
										<td>Aug 12, 2019 10:12:55 AM</td>
										<td class='linked' test-id='37'>As a new user he should be able to create account with Jtv.com.Guest cannot create account with existing email address</td>
										<td><span class='test-status fail'>fail</span></td>
									</tr>
									<tr>
										<td>Aug 12, 2019 10:13:20 AM</td>
										<td class='linked' test-id='44'>As a new user he should be able to create account with Jtv.com.Guest cannot create account with existing email address</td>
										<td><span class='test-status pass'>pass</span></td>
									</tr>
									<tr>
										<td>Aug 12, 2019 10:13:53 AM</td>
										<td class='linked' test-id='51'>As a Guest, user should be able to checkout a product.User checkouts a product as Guest and place an order</td>
										<td><span class='test-status pass'>pass</span></td>
									</tr>
									<tr>
										<td>Aug 12, 2019 10:13:53 AM</td>
										<td class='linked' test-id='52'>As a Guest, user should be able to checkout a product.User checkouts a product as Guest and place an order.User checkouts a product as Guest and place an order</td>
										<td><span class='test-status pass'>pass</span></td>
									</tr>
									<tr>
										<td>Aug 12, 2019 10:14:42 AM</td>
										<td class='linked' test-id='63'>Jtv Login.User Logins with valid username and password</td>
										<td><span class='test-status pass'>pass</span></td>
									</tr>
									<tr>
										<td>Aug 12, 2019 10:15:03 AM</td>
										<td class='linked' test-id='69'>Jtv Login.User Logins with Invalid username and password</td>
										<td><span class='test-status fail'>fail</span></td>
									</tr>
									<tr>
										<td>Aug 12, 2019 10:15:33 AM</td>
										<td class='linked' test-id='82'>As a Registered user, he should be able to manage payment methods with Jtv.com.Authorization declined on entering Invalid card number</td>
										<td><span class='test-status pass'>pass</span></td>
									</tr>
									<tr>
										<td>Aug 12, 2019 10:15:33 AM</td>
										<td class='linked' test-id='83'>As a Registered user, he should be able to manage payment methods with Jtv.com.Authorization declined on entering Invalid card number.Authorization declined on entering Invalid card number</td>
										<td><span class='test-status pass'>pass</span></td>
									</tr>
									<tr>
										<td>Aug 12, 2019 10:16:12 AM</td>
										<td class='linked' test-id='94'>Guest User be able to checkout item through paypal.Guest user places order through Paypal account</td>
										<td><span class='test-status fail'>fail</span></td>
									</tr>
									<tr>
										<td>Aug 12, 2019 10:16:12 AM</td>
										<td class='linked' test-id='95'>Guest User be able to checkout item through paypal.Guest user places order through Paypal account.Guest user places order through Paypal account</td>
										<td><span class='test-status fail'>fail</span></td>
									</tr>
									<tr>
										<td>Aug 12, 2019 10:17:53 AM</td>
										<td class='linked' test-id='114'>Registered Customers should be able to set up Quick Buy.Verify the Quick Buy Page</td>
										<td><span class='test-status fail'>fail</span></td>
									</tr>
									<tr>
										<td>Aug 12, 2019 10:18:36 AM</td>
										<td class='linked' test-id='121'>Registered Customers should be able to set up Quick Buy.Verify adding New Address to Quick Buy</td>
										<td><span class='test-status fail'>fail</span></td>
									</tr>
									<tr>
										<td>Aug 12, 2019 10:18:36 AM</td>
										<td class='linked' test-id='122'>Registered Customers should be able to set up Quick Buy.Verify adding New Address to Quick Buy.Verify adding New Address to Quick Buy</td>
										<td><span class='test-status fail'>fail</span></td>
									</tr>
									<tr>
										<td>Aug 12, 2019 10:18:59 AM</td>
										<td class='linked' test-id='130'>Registered Customers should be able to set up Quick Buy.Verify placing a quick buy order</td>
										<td><span class='test-status fail'>fail</span></td>
									</tr>
									<tr>
										<td>Aug 12, 2019 10:20:22 AM</td>
										<td class='linked' test-id='147'>As a Customer user should be able to Search items.User Search items to view the search results</td>
										<td><span class='test-status pass'>pass</span></td>
									</tr>
									<tr>
										<td>Aug 12, 2019 10:20:48 AM</td>
										<td class='linked' test-id='156'>Registered User be able to add and view shopping bag.Registered User to view empty shopping bag</td>
										<td><span class='test-status fail'>fail</span></td>
									</tr>
									<tr>
										<td>Aug 12, 2019 10:21:08 AM</td>
										<td class='linked' test-id='165'>Registered User be able to place stretch pay orders.Registered User to place an stretch pay order</td>
										<td><span class='test-status fail'>fail</span></td>
									</tr>
									<tr>
										<td>Aug 12, 2019 10:27:19 AM</td>
										<td class='linked' test-id='174'>Registered User be able to place stretch pay orders.Guest user should not be able to place stretch pay orders</td>
										<td><span class='test-status pass'>pass</span></td>
									</tr>
								</tbody>
							</table>
						</div>
					</div>
				</li>
				<li class='category displayed active'>
					<div class='category-heading'>
						<span class='category-name'>@checkout</span>
						<span class='category-status right'>
						<span class='label pass'>2</span>
						</span>
					</div>
					<div class='category-content hide'>
						<div class='category-status-counts'>
							<span status="pass" class='label green accent-4 white-text'>Passed: 2</span>
							
							
						</div>
						<div class='category-tests'>
							<table class='bordered table-results'>
								<thead>
									<tr>
										<th>Timestamp</th>
										<th>TestName</th>
										<th>Status</th>
									</tr>
								</thead>
								<tbody>
									<tr>
										<td>Aug 12, 2019 10:11:40 AM</td>
										<td class='linked' test-id='13'>As a Guest, user should be able to checkout a product</td>
										<td><span class='test-status pass'>pass</span></td>
									</tr>
									<tr>
										<td>Aug 12, 2019 10:11:40 AM</td>
										<td class='linked' test-id='14'>As a Guest, user should be able to checkout a product.Registered User checkouts a product and place an order with P.O.Box address</td>
										<td><span class='test-status pass'>pass</span></td>
									</tr>
								</tbody>
							</table>
						</div>
					</div>
				</li>
				<li class='category displayed active'>
					<div class='category-heading'>
						<span class='category-name'>@createAccount</span>
						<span class='category-status right'>
						<span class='label pass'>4</span>
						<span class='label fail'>2</span>
						</span>
					</div>
					<div class='category-content hide'>
						<div class='category-status-counts'>
							<span status="pass" class='label green accent-4 white-text'>Passed: 4</span>
							<span status="fail" class='label red lighten-1 white-text'>Failed: 2</span>
							
						</div>
						<div class='category-tests'>
							<table class='bordered table-results'>
								<thead>
									<tr>
										<th>Timestamp</th>
										<th>TestName</th>
										<th>Status</th>
									</tr>
								</thead>
								<tbody>
									<tr>
										<td>Aug 12, 2019 10:12:21 AM</td>
										<td class='linked' test-id='22'>As a new user he should be able to create account with Jtv.com</td>
										<td><span class='test-status fail'>fail</span></td>
									</tr>
									<tr>
										<td>Aug 12, 2019 10:12:21 AM</td>
										<td class='linked' test-id='23'>As a new user he should be able to create account with Jtv.com.User Creates new account with jtv.com</td>
										<td><span class='test-status pass'>pass</span></td>
									</tr>
									<tr>
										<td>Aug 12, 2019 10:12:21 AM</td>
										<td class='linked' test-id='24'>As a new user he should be able to create account with Jtv.com.User Creates new account with jtv.com.User Creates new account with jtv.com</td>
										<td><span class='test-status pass'>pass</span></td>
									</tr>
									<tr>
										<td>Aug 12, 2019 10:12:44 AM</td>
										<td class='linked' test-id='31'>As a new user he should be able to create account with Jtv.com.User Registers with existing Email address.User Registers with existing Email address</td>
										<td><span class='test-status pass'>pass</span></td>
									</tr>
									<tr>
										<td>Aug 12, 2019 10:12:55 AM</td>
										<td class='linked' test-id='37'>As a new user he should be able to create account with Jtv.com.Guest cannot create account with existing email address</td>
										<td><span class='test-status fail'>fail</span></td>
									</tr>
									<tr>
										<td>Aug 12, 2019 10:13:20 AM</td>
										<td class='linked' test-id='44'>As a new user he should be able to create account with Jtv.com.Guest cannot create account with existing email address</td>
										<td><span class='test-status pass'>pass</span></td>
									</tr>
								</tbody>
							</table>
						</div>
					</div>
				</li>
				<li class='category displayed active'>
					<div class='category-heading'>
						<span class='category-name'>@createAccountExistingEmail</span>
						<span class='category-status right'>
						<span class='label pass'>2</span>
						</span>
					</div>
					<div class='category-content hide'>
						<div class='category-status-counts'>
							<span status="pass" class='label green accent-4 white-text'>Passed: 2</span>
							
							
						</div>
						<div class='category-tests'>
							<table class='bordered table-results'>
								<thead>
									<tr>
										<th>Timestamp</th>
										<th>TestName</th>
										<th>Status</th>
									</tr>
								</thead>
								<tbody>
									<tr>
										<td>Aug 12, 2019 10:12:44 AM</td>
										<td class='linked' test-id='30'>As a new user he should be able to create account with Jtv.com.User Registers with existing Email address</td>
										<td><span class='test-status pass'>pass</span></td>
									</tr>
									<tr>
										<td>Aug 12, 2019 10:12:44 AM</td>
										<td class='linked' test-id='31'>As a new user he should be able to create account with Jtv.com.User Registers with existing Email address.User Registers with existing Email address</td>
										<td><span class='test-status pass'>pass</span></td>
									</tr>
								</tbody>
							</table>
						</div>
					</div>
				</li>
				<li class='category displayed active'>
					<div class='category-heading'>
						<span class='category-name'>@createAccountExistingEmail1</span>
						<span class='category-status right'>
						<span class='label fail'>1</span>
						</span>
					</div>
					<div class='category-content hide'>
						<div class='category-status-counts'>
							
							<span status="fail" class='label red lighten-1 white-text'>Failed: 1</span>
							
						</div>
						<div class='category-tests'>
							<table class='bordered table-results'>
								<thead>
									<tr>
										<th>Timestamp</th>
										<th>TestName</th>
										<th>Status</th>
									</tr>
								</thead>
								<tbody>
									<tr>
										<td>Aug 12, 2019 10:12:55 AM</td>
										<td class='linked' test-id='37'>As a new user he should be able to create account with Jtv.com.Guest cannot create account with existing email address</td>
										<td><span class='test-status fail'>fail</span></td>
									</tr>
								</tbody>
							</table>
						</div>
					</div>
				</li>
				<li class='category displayed active'>
					<div class='category-heading'>
						<span class='category-name'>@createAccountNewEmail</span>
						<span class='category-status right'>
						<span class='label pass'>1</span>
						</span>
					</div>
					<div class='category-content hide'>
						<div class='category-status-counts'>
							<span status="pass" class='label green accent-4 white-text'>Passed: 1</span>
							
							
						</div>
						<div class='category-tests'>
							<table class='bordered table-results'>
								<thead>
									<tr>
										<th>Timestamp</th>
										<th>TestName</th>
										<th>Status</th>
									</tr>
								</thead>
								<tbody>
									<tr>
										<td>Aug 12, 2019 10:13:20 AM</td>
										<td class='linked' test-id='44'>As a new user he should be able to create account with Jtv.com.Guest cannot create account with existing email address</td>
										<td><span class='test-status pass'>pass</span></td>
									</tr>
								</tbody>
							</table>
						</div>
					</div>
				</li>
				<li class='category displayed active'>
					<div class='category-heading'>
						<span class='category-name'>@Guestcheckout</span>
						<span class='category-status right'>
						<span class='label pass'>1</span>
						</span>
					</div>
					<div class='category-content hide'>
						<div class='category-status-counts'>
							<span status="pass" class='label green accent-4 white-text'>Passed: 1</span>
							
							
						</div>
						<div class='category-tests'>
							<table class='bordered table-results'>
								<thead>
									<tr>
										<th>Timestamp</th>
										<th>TestName</th>
										<th>Status</th>
									</tr>
								</thead>
								<tbody>
									<tr>
										<td>Aug 12, 2019 10:13:53 AM</td>
										<td class='linked' test-id='52'>As a Guest, user should be able to checkout a product.User checkouts a product as Guest and place an order.User checkouts a product as Guest and place an order</td>
										<td><span class='test-status pass'>pass</span></td>
									</tr>
								</tbody>
							</table>
						</div>
					</div>
				</li>
				<li class='category displayed active'>
					<div class='category-heading'>
						<span class='category-name'>@login</span>
						<span class='category-status right'>
						<span class='label pass'>1</span>
						<span class='label fail'>2</span>
						</span>
					</div>
					<div class='category-content hide'>
						<div class='category-status-counts'>
							<span status="pass" class='label green accent-4 white-text'>Passed: 1</span>
							<span status="fail" class='label red lighten-1 white-text'>Failed: 2</span>
							
						</div>
						<div class='category-tests'>
							<table class='bordered table-results'>
								<thead>
									<tr>
										<th>Timestamp</th>
										<th>TestName</th>
										<th>Status</th>
									</tr>
								</thead>
								<tbody>
									<tr>
										<td>Aug 12, 2019 10:14:42 AM</td>
										<td class='linked' test-id='62'>Jtv Login</td>
										<td><span class='test-status fail'>fail</span></td>
									</tr>
									<tr>
										<td>Aug 12, 2019 10:14:42 AM</td>
										<td class='linked' test-id='63'>Jtv Login.User Logins with valid username and password</td>
										<td><span class='test-status pass'>pass</span></td>
									</tr>
									<tr>
										<td>Aug 12, 2019 10:15:03 AM</td>
										<td class='linked' test-id='69'>Jtv Login.User Logins with Invalid username and password</td>
										<td><span class='test-status fail'>fail</span></td>
									</tr>
								</tbody>
							</table>
						</div>
					</div>
				</li>
				<li class='category displayed active'>
					<div class='category-heading'>
						<span class='category-name'>@managePayment</span>
						<span class='category-status right'>
						<span class='label pass'>3</span>
						</span>
					</div>
					<div class='category-content hide'>
						<div class='category-status-counts'>
							<span status="pass" class='label green accent-4 white-text'>Passed: 3</span>
							
							
						</div>
						<div class='category-tests'>
							<table class='bordered table-results'>
								<thead>
									<tr>
										<th>Timestamp</th>
										<th>TestName</th>
										<th>Status</th>
									</tr>
								</thead>
								<tbody>
									<tr>
										<td>Aug 12, 2019 10:15:10 AM</td>
										<td class='linked' test-id='74'>As a Registered user, he should be able to manage payment methods with Jtv.com</td>
										<td><span class='test-status pass'>pass</span></td>
									</tr>
									<tr>
										<td>Aug 12, 2019 10:15:10 AM</td>
										<td class='linked' test-id='75'>As a Registered user, he should be able to manage payment methods with Jtv.com.User should have provision to add new payment details</td>
										<td><span class='test-status pass'>pass</span></td>
									</tr>
									<tr>
										<td>Aug 12, 2019 10:15:33 AM</td>
										<td class='linked' test-id='83'>As a Registered user, he should be able to manage payment methods with Jtv.com.Authorization declined on entering Invalid card number.Authorization declined on entering Invalid card number</td>
										<td><span class='test-status pass'>pass</span></td>
									</tr>
								</tbody>
							</table>
						</div>
					</div>
				</li>
				<li class='category displayed active'>
					<div class='category-heading'>
						<span class='category-name'>@paypalCheckout</span>
						<span class='category-status right'>
						<span class='label fail'>2</span>
						</span>
					</div>
					<div class='category-content hide'>
						<div class='category-status-counts'>
							
							<span status="fail" class='label red lighten-1 white-text'>Failed: 2</span>
							
						</div>
						<div class='category-tests'>
							<table class='bordered table-results'>
								<thead>
									<tr>
										<th>Timestamp</th>
										<th>TestName</th>
										<th>Status</th>
									</tr>
								</thead>
								<tbody>
									<tr>
										<td>Aug 12, 2019 10:16:12 AM</td>
										<td class='linked' test-id='93'>Guest User be able to checkout item through paypal</td>
										<td><span class='test-status fail'>fail</span></td>
									</tr>
									<tr>
										<td>Aug 12, 2019 10:16:12 AM</td>
										<td class='linked' test-id='95'>Guest User be able to checkout item through paypal.Guest user places order through Paypal account.Guest user places order through Paypal account</td>
										<td><span class='test-status fail'>fail</span></td>
									</tr>
								</tbody>
							</table>
						</div>
					</div>
				</li>
				<li class='category displayed active'>
					<div class='category-heading'>
						<span class='category-name'>@preferredAccount</span>
						<span class='category-status right'>
						<span class='label fail'>2</span>
						</span>
					</div>
					<div class='category-content hide'>
						<div class='category-status-counts'>
							
							<span status="fail" class='label red lighten-1 white-text'>Failed: 2</span>
							
						</div>
						<div class='category-tests'>
							<table class='bordered table-results'>
								<thead>
									<tr>
										<th>Timestamp</th>
										<th>TestName</th>
										<th>Status</th>
									</tr>
								</thead>
								<tbody>
									<tr>
										<td>Aug 12, 2019 10:17:19 AM</td>
										<td class='linked' test-id='104'>Registered User should be able to apply for Preferred Account option</td>
										<td><span class='test-status fail'>fail</span></td>
									</tr>
									<tr>
										<td>Aug 12, 2019 10:17:19 AM</td>
										<td class='linked' test-id='105'>Registered User should be able to apply for Preferred Account option.Guest user should not have Preferred Account option</td>
										<td><span class='test-status fail'>fail</span></td>
									</tr>
								</tbody>
							</table>
						</div>
					</div>
				</li>
				<li class='category displayed active'>
					<div class='category-heading'>
						<span class='category-name'>@quickbuy</span>
						<span class='category-status right'>
						<span class='label fail'>4</span>
						</span>
					</div>
					<div class='category-content hide'>
						<div class='category-status-counts'>
							
							<span status="fail" class='label red lighten-1 white-text'>Failed: 4</span>
							
						</div>
						<div class='category-tests'>
							<table class='bordered table-results'>
								<thead>
									<tr>
										<th>Timestamp</th>
										<th>TestName</th>
										<th>Status</th>
									</tr>
								</thead>
								<tbody>
									<tr>
										<td>Aug 12, 2019 10:17:53 AM</td>
										<td class='linked' test-id='113'>Registered Customers should be able to set up Quick Buy</td>
										<td><span class='test-status fail'>fail</span></td>
									</tr>
									<tr>
										<td>Aug 12, 2019 10:17:53 AM</td>
										<td class='linked' test-id='114'>Registered Customers should be able to set up Quick Buy.Verify the Quick Buy Page</td>
										<td><span class='test-status fail'>fail</span></td>
									</tr>
									<tr>
										<td>Aug 12, 2019 10:18:36 AM</td>
										<td class='linked' test-id='122'>Registered Customers should be able to set up Quick Buy.Verify adding New Address to Quick Buy.Verify adding New Address to Quick Buy</td>
										<td><span class='test-status fail'>fail</span></td>
									</tr>
									<tr>
										<td>Aug 12, 2019 10:18:59 AM</td>
										<td class='linked' test-id='130'>Registered Customers should be able to set up Quick Buy.Verify placing a quick buy order</td>
										<td><span class='test-status fail'>fail</span></td>
									</tr>
								</tbody>
							</table>
						</div>
					</div>
				</li>
				<li class='category displayed active'>
					<div class='category-heading'>
						<span class='category-name'>@searchpage</span>
						<span class='category-status right'>
						<span class='label pass'>3</span>
						</span>
					</div>
					<div class='category-content hide'>
						<div class='category-status-counts'>
							<span status="pass" class='label green accent-4 white-text'>Passed: 3</span>
							
							
						</div>
						<div class='category-tests'>
							<table class='bordered table-results'>
								<thead>
									<tr>
										<th>Timestamp</th>
										<th>TestName</th>
										<th>Status</th>
									</tr>
								</thead>
								<tbody>
									<tr>
										<td>Aug 12, 2019 10:20:01 AM</td>
										<td class='linked' test-id='139'>As a Customer user should be able to Search items</td>
										<td><span class='test-status pass'>pass</span></td>
									</tr>
									<tr>
										<td>Aug 12, 2019 10:20:01 AM</td>
										<td class='linked' test-id='140'>As a Customer user should be able to Search items.User selects Shop by Type to shop Ring</td>
										<td><span class='test-status pass'>pass</span></td>
									</tr>
									<tr>
										<td>Aug 12, 2019 10:20:22 AM</td>
										<td class='linked' test-id='147'>As a Customer user should be able to Search items.User Search items to view the search results</td>
										<td><span class='test-status pass'>pass</span></td>
									</tr>
								</tbody>
							</table>
						</div>
					</div>
				</li>
				<li class='category displayed active'>
					<div class='category-heading'>
						<span class='category-name'>@regression</span>
						<span class='category-status right'>
						<span class='label pass'>1</span>
						</span>
					</div>
					<div class='category-content hide'>
						<div class='category-status-counts'>
							<span status="pass" class='label green accent-4 white-text'>Passed: 1</span>
							
							
						</div>
						<div class='category-tests'>
							<table class='bordered table-results'>
								<thead>
									<tr>
										<th>Timestamp</th>
										<th>TestName</th>
										<th>Status</th>
									</tr>
								</thead>
								<tbody>
									<tr>
										<td>Aug 12, 2019 10:20:01 AM</td>
										<td class='linked' test-id='140'>As a Customer user should be able to Search items.User selects Shop by Type to shop Ring</td>
										<td><span class='test-status pass'>pass</span></td>
									</tr>
								</tbody>
							</table>
						</div>
					</div>
				</li>
				<li class='category displayed active'>
					<div class='category-heading'>
						<span class='category-name'>@customerShoppingBag</span>
						<span class='category-status right'>
						<span class='label fail'>2</span>
						</span>
					</div>
					<div class='category-content hide'>
						<div class='category-status-counts'>
							
							<span status="fail" class='label red lighten-1 white-text'>Failed: 2</span>
							
						</div>
						<div class='category-tests'>
							<table class='bordered table-results'>
								<thead>
									<tr>
										<th>Timestamp</th>
										<th>TestName</th>
										<th>Status</th>
									</tr>
								</thead>
								<tbody>
									<tr>
										<td>Aug 12, 2019 10:20:48 AM</td>
										<td class='linked' test-id='155'>Registered User be able to add and view shopping bag</td>
										<td><span class='test-status fail'>fail</span></td>
									</tr>
									<tr>
										<td>Aug 12, 2019 10:20:48 AM</td>
										<td class='linked' test-id='156'>Registered User be able to add and view shopping bag.Registered User to view empty shopping bag</td>
										<td><span class='test-status fail'>fail</span></td>
									</tr>
								</tbody>
							</table>
						</div>
					</div>
				</li>
				<li class='category displayed active'>
					<div class='category-heading'>
						<span class='category-name'>@stretchPay</span>
						<span class='category-status right'>
						<span class='label pass'>1</span>
						<span class='label fail'>2</span>
						</span>
					</div>
					<div class='category-content hide'>
						<div class='category-status-counts'>
							<span status="pass" class='label green accent-4 white-text'>Passed: 1</span>
							<span status="fail" class='label red lighten-1 white-text'>Failed: 2</span>
							
						</div>
						<div class='category-tests'>
							<table class='bordered table-results'>
								<thead>
									<tr>
										<th>Timestamp</th>
										<th>TestName</th>
										<th>Status</th>
									</tr>
								</thead>
								<tbody>
									<tr>
										<td>Aug 12, 2019 10:21:08 AM</td>
										<td class='linked' test-id='164'>Registered User be able to place stretch pay orders</td>
										<td><span class='test-status fail'>fail</span></td>
									</tr>
									<tr>
										<td>Aug 12, 2019 10:21:08 AM</td>
										<td class='linked' test-id='165'>Registered User be able to place stretch pay orders.Registered User to place an stretch pay order</td>
										<td><span class='test-status fail'>fail</span></td>
									</tr>
									<tr>
										<td>Aug 12, 2019 10:27:19 AM</td>
										<td class='linked' test-id='174'>Registered User be able to place stretch pay orders.Guest user should not be able to place stretch pay orders</td>
										<td><span class='test-status pass'>pass</span></td>
									</tr>
								</tbody>
							</table>
						</div>
					</div>
				</li>
			</ul>
		</div>
	</div>
	<div class='subview-right left'>
		<div class='view-summary'>
			<h5 class='category-name'></h5>
		</div>
	</div>
</div>
<!-- category view --><div id='exception-view' class='view hide'>
	<section id='controls'>
		<div class='controls grey lighten-4'>
			<!-- search -->
			<div class='chip transparent' alt='Search Tests' title='Search Tests'>
				<a href="#" class='search-div'>
				<i class='material-icons'>search</i> Search
				</a>
				<div class='input-field left hide'>
					<input id='search-tests' type='text' class='validate browser-default' placeholder='Search Tests...'>
				</div>
			</div>
			<!-- search -->
		</div>
	</section>
	<div class='subview-left left'>
		<div class='view-summary'>
			<ul id='exception-collection' class='exception-collection'>
				<li class='exception displayed active'>
					<div class='exception-heading'>
						<span class='exception-name'>org.openqa.selenium.NoSuchElementException</span>
						<span class='exception-count right'><span class='label red lighten-1 white-text'>4</span></span>
					</div>
					<div class='exception-content hide'>
						<div class='exception-tests'>
							<table class='bordered table-results'>
								<thead>
									<tr>
										<th>Timestamp</th>
										<th>TestName</th>
										<th>Status</th>
									</tr>
								</thead>
								<tbody>
									<tr>
										<td>Aug 12, 2019 10:13:16 AM</td>
										<td class='linked' test-id='41'>As a new user he should be able to create account with Jtv.com.Guest cannot create account with existing email address.And the user navigates to Bag screen and creates account with existing email</td>
										<td>
											<textarea disabled class="code-block">org.openqa.selenium.NoSuchElementException: no such element: Unable to locate element: {"method":"css selector","selector":"#checkout\-now"}
  (Session info: headless chrome=75.0.3770.100)
For documentation on this error, please visit: https://www.seleniumhq.org/exceptions/no_such_element.html
Build info: version: '3.141.59', revision: 'e82be7d358', time: '2018-11-14T08:17:03'
System info: host: 'l4024.jewelry.acn', ip: 'fe80:0:0:0:cda:2a0c:8b9c:2260%en0', os.name: 'Mac OS X', os.arch: 'x86_64', os.version: '10.14.5', java.version: '1.8.0_212'
Driver info: org.openqa.selenium.chrome.ChromeDriver
Capabilities {acceptInsecureCerts: false, browserName: chrome, browserVersion: 75.0.3770.100, chrome: {chromedriverVersion: 75.0.3770.140 (2d9f97485c7b..., userDataDir: /var/folders/sj/24bq1pyd20d...}, goog:chromeOptions: {debuggerAddress: localhost:54743}, javascriptEnabled: true, networkConnectionEnabled: false, pageLoadStrategy: normal, platform: MAC, platformName: MAC, proxy: Proxy(), setWindowRect: true, strictFileInteractability: false, timeouts: {implicit: 0, pageLoad: 300000, script: 30000}, unhandledPromptBehavior: dismiss and notify}
Session ID: 1f14471cece0c1b9fea79d0084c61db8
*** Element info: {Using=id, value=checkout-now}
	at sun.reflect.NativeConstructorAccessorImpl.newInstance0(Native Method)
	at sun.reflect.NativeConstructorAccessorImpl.newInstance(NativeConstructorAccessorImpl.java:62)
	at sun.reflect.DelegatingConstructorAccessorImpl.newInstance(DelegatingConstructorAccessorImpl.java:45)
	at java.lang.reflect.Constructor.newInstance(Constructor.java:423)
	at org.openqa.selenium.remote.http.W3CHttpResponseCodec.createException(W3CHttpResponseCodec.java:187)
	at org.openqa.selenium.remote.http.W3CHttpResponseCodec.decode(W3CHttpResponseCodec.java:122)
	at org.openqa.selenium.remote.http.W3CHttpResponseCodec.decode(W3CHttpResponseCodec.java:49)
	at org.openqa.selenium.remote.HttpCommandExecutor.execute(HttpCommandExecutor.java:158)
	at org.openqa.selenium.remote.service.DriverCommandExecutor.execute(DriverCommandExecutor.java:83)
	at org.openqa.selenium.remote.RemoteWebDriver.execute(RemoteWebDriver.java:552)
	at org.openqa.selenium.remote.RemoteWebDriver.findElement(RemoteWebDriver.java:323)
	at org.openqa.selenium.remote.RemoteWebDriver.findElementById(RemoteWebDriver.java:372)
	at org.openqa.selenium.By$ById.findElement(By.java:188)
	at org.openqa.selenium.remote.RemoteWebDriver.findElement(RemoteWebDriver.java:315)
	at utilities.BaseClass.waitUntillElementToBeVisible(BaseClass.java:578)
	at pageObjects.ShoppingBagPage.clickCheckOut(ShoppingBagPage.java:44)
	at stepDefinitions.CreateAccountSteps.userNavigatesToBagCreateAccount(CreateAccountSteps.java:53)
	at âœ½.the user navigates to Bag screen and creates account with existing email(features/createAccount/CreateAccount.feature:30)
</textarea>
										</td>
									</tr>
									<tr>
										<td>Aug 12, 2019 10:15:09 AM</td>
										<td class='linked' test-id='71'>Jtv Login.User Logins with Invalid username and password.When the user login with following credentials</td>
										<td>
											<textarea disabled class="code-block">org.openqa.selenium.NoSuchElementException: no such element: Unable to locate element: {"method":"css selector","selector":"#password"}
  (Session info: headless chrome=75.0.3770.100)
For documentation on this error, please visit: https://www.seleniumhq.org/exceptions/no_such_element.html
Build info: version: '3.141.59', revision: 'e82be7d358', time: '2018-11-14T08:17:03'
System info: host: 'l4024.jewelry.acn', ip: 'fe80:0:0:0:cda:2a0c:8b9c:2260%en0', os.name: 'Mac OS X', os.arch: 'x86_64', os.version: '10.14.5', java.version: '1.8.0_212'
Driver info: org.openqa.selenium.chrome.ChromeDriver
Capabilities {acceptInsecureCerts: false, browserName: chrome, browserVersion: 75.0.3770.100, chrome: {chromedriverVersion: 75.0.3770.140 (2d9f97485c7b..., userDataDir: /var/folders/sj/24bq1pyd20d...}, goog:chromeOptions: {debuggerAddress: localhost:56698}, javascriptEnabled: true, networkConnectionEnabled: false, pageLoadStrategy: normal, platform: MAC, platformName: MAC, proxy: Proxy(), setWindowRect: true, strictFileInteractability: false, timeouts: {implicit: 0, pageLoad: 300000, script: 30000}, unhandledPromptBehavior: dismiss and notify}
Session ID: bf30d80d9964465e2fba4a7d562e57b6
*** Element info: {Using=id, value=password}
	at sun.reflect.NativeConstructorAccessorImpl.newInstance0(Native Method)
	at sun.reflect.NativeConstructorAccessorImpl.newInstance(NativeConstructorAccessorImpl.java:62)
	at sun.reflect.DelegatingConstructorAccessorImpl.newInstance(DelegatingConstructorAccessorImpl.java:45)
	at java.lang.reflect.Constructor.newInstance(Constructor.java:423)
	at org.openqa.selenium.remote.http.W3CHttpResponseCodec.createException(W3CHttpResponseCodec.java:187)
	at org.openqa.selenium.remote.http.W3CHttpResponseCodec.decode(W3CHttpResponseCodec.java:122)
	at org.openqa.selenium.remote.http.W3CHttpResponseCodec.decode(W3CHttpResponseCodec.java:49)
	at org.openqa.selenium.remote.HttpCommandExecutor.execute(HttpCommandExecutor.java:158)
	at org.openqa.selenium.remote.service.DriverCommandExecutor.execute(DriverCommandExecutor.java:83)
	at org.openqa.selenium.remote.RemoteWebDriver.execute(RemoteWebDriver.java:552)
	at org.openqa.selenium.remote.RemoteWebDriver.findElement(RemoteWebDriver.java:323)
	at org.openqa.selenium.remote.RemoteWebDriver.findElementById(RemoteWebDriver.java:372)
	at org.openqa.selenium.By$ById.findElement(By.java:188)
	at org.openqa.selenium.remote.RemoteWebDriver.findElement(RemoteWebDriver.java:315)
	at utilities.BaseClass.waitUntillElementToBeVisible(BaseClass.java:578)
	at pageObjects.LoginPage.waitforLoginPageToOpen(LoginPage.java:34)
	at stepDefinitions.LoginSteps.i_login_with_email_and_Password(LoginSteps.java:33)
	at âœ½.the user login with following credentials(features/login/Login.feature:18)
</textarea>
										</td>
									</tr>
									<tr>
										<td>Aug 12, 2019 10:17:50 AM</td>
										<td class='linked' test-id='111'>Registered User should be able to apply for Preferred Account option.Guest user should not have Preferred Account option.Then the user Preferred Account option is not available for user</td>
										<td>
											<textarea disabled class="code-block">org.openqa.selenium.NoSuchElementException: no such element: Unable to locate element: {"method":"css selector","selector":"img[alt='JTV Preferred Logo']+span"}
  (Session info: headless chrome=75.0.3770.100)
For documentation on this error, please visit: https://www.seleniumhq.org/exceptions/no_such_element.html
Build info: version: '3.141.59', revision: 'e82be7d358', time: '2018-11-14T08:17:03'
System info: host: 'l4024.jewelry.acn', ip: 'fe80:0:0:0:cda:2a0c:8b9c:2260%en0', os.name: 'Mac OS X', os.arch: 'x86_64', os.version: '10.14.5', java.version: '1.8.0_212'
Driver info: org.openqa.selenium.chrome.ChromeDriver
Capabilities {acceptInsecureCerts: false, browserName: chrome, browserVersion: 75.0.3770.100, chrome: {chromedriverVersion: 75.0.3770.140 (2d9f97485c7b..., userDataDir: /var/folders/sj/24bq1pyd20d...}, goog:chromeOptions: {debuggerAddress: localhost:58406}, javascriptEnabled: true, networkConnectionEnabled: false, pageLoadStrategy: normal, platform: MAC, platformName: MAC, proxy: Proxy(), setWindowRect: true, strictFileInteractability: false, timeouts: {implicit: 0, pageLoad: 300000, script: 30000}, unhandledPromptBehavior: dismiss and notify}
Session ID: 3d6912670a3b59c0e4194ecee19444fc
*** Element info: {Using=css selector, value=img[alt='JTV Preferred Logo']+span}
	at sun.reflect.GeneratedConstructorAccessor21.newInstance(Unknown Source)
	at sun.reflect.DelegatingConstructorAccessorImpl.newInstance(DelegatingConstructorAccessorImpl.java:45)
	at java.lang.reflect.Constructor.newInstance(Constructor.java:423)
	at org.openqa.selenium.remote.http.W3CHttpResponseCodec.createException(W3CHttpResponseCodec.java:187)
	at org.openqa.selenium.remote.http.W3CHttpResponseCodec.decode(W3CHttpResponseCodec.java:122)
	at org.openqa.selenium.remote.http.W3CHttpResponseCodec.decode(W3CHttpResponseCodec.java:49)
	at org.openqa.selenium.remote.HttpCommandExecutor.execute(HttpCommandExecutor.java:158)
	at org.openqa.selenium.remote.service.DriverCommandExecutor.execute(DriverCommandExecutor.java:83)
	at org.openqa.selenium.remote.RemoteWebDriver.execute(RemoteWebDriver.java:552)
	at org.openqa.selenium.remote.RemoteWebDriver.findElement(RemoteWebDriver.java:323)
	at org.openqa.selenium.remote.RemoteWebDriver.findElementByCssSelector(RemoteWebDriver.java:420)
	at org.openqa.selenium.By$ByCssSelector.findElement(By.java:431)
	at org.openqa.selenium.remote.RemoteWebDriver.findElement(RemoteWebDriver.java:315)
	at utilities.BaseClass.isDisplayed(BaseClass.java:585)
	at pageObjects.BillingPage.isJTVPreferredAccountDisplayed(BillingPage.java:154)
	at stepDefinitions.BillingSteps.preferredAccountOptionNotAvailableForUser(BillingSteps.java:48)
	at âœ½.the user Preferred Account option is not available for user(features/preferredAccount/PreferredAccount.feature:10)
</textarea>
										</td>
									</tr>
									<tr>
										<td>Aug 12, 2019 10:18:54 AM</td>
										<td class='linked' test-id='127'>Registered Customers should be able to set up Quick Buy.Verify adding New Address to Quick Buy.Verify adding New Address to Quick Buy.And the user adds new address and save</td>
										<td>
											<textarea disabled class="code-block">org.openqa.selenium.NoSuchElementException: no such element: Unable to locate element: {"method":"xpath","selector":"//a[text()='Delete This Address']"}
  (Session info: headless chrome=75.0.3770.100)
For documentation on this error, please visit: https://www.seleniumhq.org/exceptions/no_such_element.html
Build info: version: '3.141.59', revision: 'e82be7d358', time: '2018-11-14T08:17:03'
System info: host: 'l4024.jewelry.acn', ip: 'fe80:0:0:0:cda:2a0c:8b9c:2260%en0', os.name: 'Mac OS X', os.arch: 'x86_64', os.version: '10.14.5', java.version: '1.8.0_212'
Driver info: org.openqa.selenium.chrome.ChromeDriver
Capabilities {acceptInsecureCerts: false, browserName: chrome, browserVersion: 75.0.3770.100, chrome: {chromedriverVersion: 75.0.3770.140 (2d9f97485c7b..., userDataDir: /var/folders/sj/24bq1pyd20d...}, goog:chromeOptions: {debuggerAddress: localhost:59974}, javascriptEnabled: true, networkConnectionEnabled: false, pageLoadStrategy: normal, platform: MAC, platformName: MAC, proxy: Proxy(), setWindowRect: true, strictFileInteractability: false, timeouts: {implicit: 0, pageLoad: 300000, script: 30000}, unhandledPromptBehavior: dismiss and notify}
Session ID: 6b8f8ad24732698f0f7a2166cf2f94de
*** Element info: {Using=xpath, value=//a[text()='Delete This Address']}
	at sun.reflect.GeneratedConstructorAccessor21.newInstance(Unknown Source)
	at sun.reflect.DelegatingConstructorAccessorImpl.newInstance(DelegatingConstructorAccessorImpl.java:45)
	at java.lang.reflect.Constructor.newInstance(Constructor.java:423)
	at org.openqa.selenium.remote.http.W3CHttpResponseCodec.createException(W3CHttpResponseCodec.java:187)
	at org.openqa.selenium.remote.http.W3CHttpResponseCodec.decode(W3CHttpResponseCodec.java:122)
	at org.openqa.selenium.remote.http.W3CHttpResponseCodec.decode(W3CHttpResponseCodec.java:49)
	at org.openqa.selenium.remote.HttpCommandExecutor.execute(HttpCommandExecutor.java:158)
	at org.openqa.selenium.remote.service.DriverCommandExecutor.execute(DriverCommandExecutor.java:83)
	at org.openqa.selenium.remote.RemoteWebDriver.execute(RemoteWebDriver.java:552)
	at org.openqa.selenium.remote.RemoteWebDriver.findElement(RemoteWebDriver.java:323)
	at org.openqa.selenium.remote.RemoteWebDriver.findElementByXPath(RemoteWebDriver.java:428)
	at org.openqa.selenium.By$ByXPath.findElement(By.java:353)
	at org.openqa.selenium.remote.RemoteWebDriver.findElement(RemoteWebDriver.java:315)
	at utilities.BaseClass.waitUntillElementToBeVisible(BaseClass.java:578)
	at pageObjects.QuickBuy.deleteAddress(QuickBuy.java:101)
	at pageObjects.QuickBuy.AddNewAddress(QuickBuy.java:66)
	at stepDefinitions.QuickBuySteps.user_addSave_newaddresses(QuickBuySteps.java:49)
	at âœ½.the user adds new address and save(features/quickBuy/QuickBuy.feature:18)
</textarea>
										</td>
									</tr>
								</tbody>
							</table>
						</div>
					</div>
				</li>
				<li class='exception displayed active'>
					<div class='exception-heading'>
						<span class='exception-name'>org.openqa.selenium.TimeoutException</span>
						<span class='exception-count right'><span class='label red lighten-1 white-text'>1</span></span>
					</div>
					<div class='exception-content hide'>
						<div class='exception-tests'>
							<table class='bordered table-results'>
								<thead>
									<tr>
										<th>Timestamp</th>
										<th>TestName</th>
										<th>Status</th>
									</tr>
								</thead>
								<tbody>
									<tr>
										<td>Aug 12, 2019 10:16:41 AM</td>
										<td class='linked' test-id='101'>Guest User be able to checkout item through paypal.Guest user places order through Paypal account.Guest user places order through Paypal account.And User places an Paypal Order</td>
										<td>
											<textarea disabled class="code-block">org.openqa.selenium.TimeoutException: Expected condition failed: waiting for utilities.BaseClass$3@6138ee0e (tried for 30 second(s) with 500 milliseconds interval)
	at org.openqa.selenium.support.ui.FluentWait.timeoutException(FluentWait.java:304)
	at org.openqa.selenium.support.ui.FluentWait.until(FluentWait.java:272)
	at utilities.BaseClass.waitUntilElementToBeClickable(BaseClass.java:660)
	at pageObjects.BillingPage.selectPaypal(BillingPage.java:113)
	at stepDefinitions.PaypalSteps.userPlacesOrder(PaypalSteps.java:24)
	at âœ½.User places an Paypal Order(features/paypalCheckout/paypalCheckout.feature:11)
Caused by: org.openqa.selenium.NoSuchElementException: no such element: Unable to locate element: {"method":"css selector","selector":"div.paypal-button-container.paypal-button-layout-horizontal"}
  (Session info: headless chrome=75.0.3770.100)
For documentation on this error, please visit: https://www.seleniumhq.org/exceptions/no_such_element.html
Build info: version: '3.141.59', revision: 'e82be7d358', time: '2018-11-14T08:17:03'
System info: host: 'l4024.jewelry.acn', ip: 'fe80:0:0:0:cda:2a0c:8b9c:2260%en0', os.name: 'Mac OS X', os.arch: 'x86_64', os.version: '10.14.5', java.version: '1.8.0_212'
Driver info: org.openqa.selenium.chrome.ChromeDriver
Capabilities {acceptInsecureCerts: false, browserName: chrome, browserVersion: 75.0.3770.100, chrome: {chromedriverVersion: 75.0.3770.140 (2d9f97485c7b..., userDataDir: /var/folders/sj/24bq1pyd20d...}, goog:chromeOptions: {debuggerAddress: localhost:57678}, javascriptEnabled: true, networkConnectionEnabled: false, pageLoadStrategy: normal, platform: MAC, platformName: MAC, proxy: Proxy(), setWindowRect: true, strictFileInteractability: false, timeouts: {implicit: 0, pageLoad: 300000, script: 30000}, unhandledPromptBehavior: dismiss and notify}
Session ID: b03733a5ee51bdaa68c709fc71fe7763
*** Element info: {Using=css selector, value=div.paypal-button-container.paypal-button-layout-horizontal}
	at sun.reflect.GeneratedConstructorAccessor21.newInstance(Unknown Source)
	at sun.reflect.DelegatingConstructorAccessorImpl.newInstance(DelegatingConstructorAccessorImpl.java:45)
	at java.lang.reflect.Constructor.newInstance(Constructor.java:423)
	at org.openqa.selenium.remote.http.W3CHttpResponseCodec.createException(W3CHttpResponseCodec.java:187)
	at org.openqa.selenium.remote.http.W3CHttpResponseCodec.decode(W3CHttpResponseCodec.java:122)
	at org.openqa.selenium.remote.http.W3CHttpResponseCodec.decode(W3CHttpResponseCodec.java:49)
	at org.openqa.selenium.remote.HttpCommandExecutor.execute(HttpCommandExecutor.java:158)
	at org.openqa.selenium.remote.service.DriverCommandExecutor.execute(DriverCommandExecutor.java:83)
	at org.openqa.selenium.remote.RemoteWebDriver.execute(RemoteWebDriver.java:552)
	at org.openqa.selenium.remote.RemoteWebDriver.findElement(RemoteWebDriver.java:323)
	at org.openqa.selenium.remote.RemoteWebDriver.findElementByCssSelector(RemoteWebDriver.java:420)
	at org.openqa.selenium.By$ByCssSelector.findElement(By.java:431)
	at org.openqa.selenium.remote.RemoteWebDriver.findElement(RemoteWebDriver.java:315)
	at utilities.BaseClass$3.apply(BaseClass.java:664)
	at utilities.BaseClass$3.apply(BaseClass.java:660)
	at org.openqa.selenium.support.ui.FluentWait.until(FluentWait.java:249)
	at utilities.BaseClass.waitUntilElementToBeClickable(BaseClass.java:660)
	at pageObjects.BillingPage.selectPaypal(BillingPage.java:113)
	at stepDefinitions.PaypalSteps.userPlacesOrder(PaypalSteps.java:24)
	at sun.reflect.NativeMethodAccessorImpl.invoke0(Native Method)
	at sun.reflect.NativeMethodAccessorImpl.invoke(NativeMethodAccessorImpl.java:62)
	at sun.reflect.DelegatingMethodAccessorImpl.invoke(DelegatingMethodAccessorImpl.java:43)
	at java.lang.reflect.Method.invoke(Method.java:498)
	at cucumber.runtime.Utils$1.call(Utils.java:26)
	at cucumber.runtime.Timeout.timeout(Timeout.java:16)
	at cucumber.runtime.Utils.invoke(Utils.java:20)
	at cucumber.runtime.java.JavaStepDefinition.execute(JavaStepDefinition.java:48)
	at cucumber.runner.PickleStepDefinitionMatch.runStep(PickleStepDefinitionMatch.java:50)
	at cucumber.runner.TestStep.executeStep(TestStep.java:63)
	at cucumber.runner.TestStep.run(TestStep.java:49)
	at cucumber.runner.PickleStepTestStep.run(PickleStepTestStep.java:43)
	at cucumber.runner.TestCase.run(TestCase.java:44)
	at cucumber.runner.Runner.runPickle(Runner.java:40)
	at cucumber.api.testng.TestNGCucumberRunner.runScenario(TestNGCucumberRunner.java:68)
	at cucumber.api.testng.AbstractTestNGCucumberTests.runScenario(AbstractTestNGCucumberTests.java:22)
	at sun.reflect.NativeMethodAccessorImpl.invoke0(Native Method)
	at sun.reflect.NativeMethodAccessorImpl.invoke(NativeMethodAccessorImpl.java:62)
	at sun.reflect.DelegatingMethodAccessorImpl.invoke(DelegatingMethodAccessorImpl.java:43)
	at java.lang.reflect.Method.invoke(Method.java:498)
	at org.testng.internal.MethodInvocationHelper.invokeMethod(MethodInvocationHelper.java:108)
	at org.testng.internal.Invoker.invokeMethod(Invoker.java:661)
	at org.testng.internal.Invoker.invokeTestMethod(Invoker.java:869)
	at org.testng.internal.Invoker.invokeTestMethods(Invoker.java:1193)
	at org.testng.internal.TestMethodWorker.invokeTestMethods(TestMethodWorker.java:126)
	at org.testng.internal.TestMethodWorker.run(TestMethodWorker.java:109)
	at org.testng.TestRunner.privateRun(TestRunner.java:744)
	at org.testng.TestRunner.run(TestRunner.java:602)
	at org.testng.SuiteRunner.runTest(SuiteRunner.java:380)
	at org.testng.SuiteRunner.runSequentially(SuiteRunner.java:375)
	at org.testng.SuiteRunner.privateRun(SuiteRunner.java:340)
	at org.testng.SuiteRunner.run(SuiteRunner.java:289)
	at org.testng.SuiteRunnerWorker.runSuite(SuiteRunnerWorker.java:52)
	at org.testng.SuiteRunnerWorker.run(SuiteRunnerWorker.java:86)
	at org.testng.TestNG.runSuitesSequentially(TestNG.java:1301)
	at org.testng.TestNG.runSuitesLocally(TestNG.java:1226)
	at org.testng.TestNG.runSuites(TestNG.java:1144)
	at org.testng.TestNG.run(TestNG.java:1115)
	at org.apache.maven.surefire.testng.TestNGExecutor.run(TestNGExecutor.java:77)
	at org.apache.maven.surefire.testng.TestNGDirectoryTestSuite.execute(TestNGDirectoryTestSuite.java:110)
	at org.apache.maven.surefire.testng.TestNGProvider.invoke(TestNGProvider.java:106)
	at sun.reflect.NativeMethodAccessorImpl.invoke0(Native Method)
	at sun.reflect.NativeMethodAccessorImpl.invoke(NativeMethodAccessorImpl.java:62)
	at sun.reflect.DelegatingMethodAccessorImpl.invoke(DelegatingMethodAccessorImpl.java:43)
	at java.lang.reflect.Method.invoke(Method.java:498)
	at org.apache.maven.surefire.util.ReflectionUtils.invokeMethodWithArray(ReflectionUtils.java:189)
	at org.apache.maven.surefire.booter.ProviderFactory$ProviderProxy.invoke(ProviderFactory.java:165)
	at org.apache.maven.surefire.booter.ProviderFactory.invokeProvider(ProviderFactory.java:85)
	at org.apache.maven.surefire.booter.ForkedBooter.runSuitesInProcess(ForkedBooter.java:115)
	at org.apache.maven.surefire.booter.ForkedBooter.main(ForkedBooter.java:75)
</textarea>
										</td>
									</tr>
								</tbody>
							</table>
						</div>
					</div>
				</li>
				<li class='exception displayed active'>
					<div class='exception-heading'>
						<span class='exception-name'>java.lang.AssertionError</span>
						<span class='exception-count right'><span class='label red lighten-1 white-text'>3</span></span>
					</div>
					<div class='exception-content hide'>
						<div class='exception-tests'>
							<table class='bordered table-results'>
								<thead>
									<tr>
										<th>Timestamp</th>
										<th>TestName</th>
										<th>Status</th>
									</tr>
								</thead>
								<tbody>
									<tr>
										<td>Aug 12, 2019 10:18:22 AM</td>
										<td class='linked' test-id='119'>Registered Customers should be able to set up Quick Buy.Verify the Quick Buy Page.Then the user is presented with QuickBuy</td>
										<td>
											<textarea disabled class="code-block">java.lang.AssertionError: 
Expecting:
 <3>
to be equal to:
 <13>
but was not.
	at stepDefinitions.QuickBuySteps.user_Presented_QuickBuypage(QuickBuySteps.java:44)
	at âœ½.the user is presented with QuickBuy(features/quickBuy/QuickBuy.feature:10)
</textarea>
										</td>
									</tr>
									<tr>
										<td>Aug 12, 2019 10:21:07 AM</td>
										<td class='linked' test-id='161'>Registered User be able to add and view shopping bag.Registered User to view empty shopping bag.Then user should be displayed "Your Shopping Bag is empty"</td>
										<td>
											<textarea disabled class="code-block">java.lang.AssertionError: 
Expecting actual not to be null
	at stepDefinitions.ShoppingBagSteps.verifyShoppingBagScreen(ShoppingBagSteps.java:26)
	at âœ½.user should be displayed "Your Shopping Bag is empty"(features/registeredCustomerCheckout/CustomerShoppingBag.feature:10)
</textarea>
										</td>
									</tr>
									<tr>
										<td>Aug 12, 2019 10:22:16 AM</td>
										<td class='linked' test-id='171'>Registered User be able to place stretch pay orders.Registered User to place an stretch pay order.And the user checkout with card details and places order</td>
										<td>
											<textarea disabled class="code-block">java.lang.AssertionError: Clicked on element by By.id: cc-title
	at org.testng.Assert.fail(Assert.java:93)
	at utilities.BaseClass.click(BaseClass.java:214)
	at pageObjects.BillingPage.selectAddNewCreditDebit(BillingPage.java:44)
	at pageObjects.BillingPage.enterCVVIfEnabled(BillingPage.java:49)
	at stepDefinitions.ReviewOrderSteps.checkoutAndEnterCardDetails(ReviewOrderSteps.java:46)
	at âœ½.the user checkout with card details and places order(features/stretchPay/StretchPay.feature:11)
</textarea>
										</td>
									</tr>
								</tbody>
							</table>
						</div>
					</div>
				</li>
				<li class='exception displayed active'>
					<div class='exception-heading'>
						<span class='exception-name'>java.lang.NullPointerException</span>
						<span class='exception-count right'><span class='label red lighten-1 white-text'>1</span></span>
					</div>
					<div class='exception-content hide'>
						<div class='exception-tests'>
							<table class='bordered table-results'>
								<thead>
									<tr>
										<th>Timestamp</th>
										<th>TestName</th>
										<th>Status</th>
									</tr>
								</thead>
								<tbody>
									<tr>
										<td>Aug 12, 2019 10:19:29 AM</td>
										<td class='linked' test-id='136'>Registered Customers should be able to set up Quick Buy.Verify placing a quick buy order.Then user is taken to Secure Checkout page</td>
										<td>
											<textarea disabled class="code-block">java.lang.NullPointerException
	at pageObjects.ReviewOrderPage.getBillingAddress(ReviewOrderPage.java:45)
	at stepDefinitions.BillingSteps.lambda$new$0(BillingSteps.java:26)
	at âœ½.user is taken to Secure Checkout page(features/quickBuy/QuickBuy.feature:43)
</textarea>
										</td>
									</tr>
								</tbody>
							</table>
						</div>
					</div>
				</li>
			</ul>
		</div>
	</div>
	<div class='subview-right left'>
		<div class='view-summary'>
			<h5 class='exception-name'></h5>
		</div>
	</div>
</div>
<!-- exception view --><div id='dashboard-view' class='view hide'>
	<div class='card-panel transparent np-v'>
		<h5>Dashboard</h5>

		<div class='row'>
			<div class='col s2'>
				<div class='card-panel r'>
					Features
					<div class='panel-lead'>11</div>
				</div>
			</div>
			<div class='col s2'>
				<div class='card-panel r'>
					Scenarios
					<div class='panel-lead'>21</div>
				</div>
			</div>
			<div class='col s2'>
				<div class='card-panel r'>
					Steps
					<div class='panel-lead'>141</div>
				</div>
			</div>
			<div class='col s2'>
				<div class='card-panel r'>
					Start
					<div class='panel-lead'>Aug 12, 2019 10:10:54 AM</div>
				</div>
			</div>
			<div class='col s2'>
				<div class='card-panel r'>
			 		End
			 		<div class='panel-lead'>Aug 12, 2019 10:28:05 AM</div>
				</div>
			</div>
			<div class='col s2'>
				<div class='card-panel r'>
					Time Taken
					<div class='panel-lead'>0h 17m 10s+637ms</div>
				</div>
			</div>
			<div class='col s6'>
				<div class='card-panel dashboard-categories'>
					<span class='right label cyan white-text'>Categories</span><p>&nbsp;</p>
					
					<table>
						<tr>
							<th>Name</th>
							<th>Passed</th>
							<th>Failed</th>
							<th>Others</th>
							<th>Passed %</th>
						</tr>
						<tr>
							<td>@salesTax</td>
							<td>2</td>
							<td>0</td>
							<td>0</td>
							<td>
									100%
							</td>
						</tr>
						<tr>
							<td>@smoke</td>
							<td>13</td>
							<td>10</td>
							<td>0</td>
							<td>
									56.522%
							</td>
						</tr>
						<tr>
							<td>@checkout</td>
							<td>2</td>
							<td>0</td>
							<td>0</td>
							<td>
									100%
							</td>
						</tr>
						<tr>
							<td>@createAccount</td>
							<td>4</td>
							<td>2</td>
							<td>0</td>
							<td>
									66.667%
							</td>
						</tr>
						<tr>
							<td>@createAccountExistingEmail</td>
							<td>2</td>
							<td>0</td>
							<td>0</td>
							<td>
									100%
							</td>
						</tr>
						<tr>
							<td>@createAccountExistingEmail1</td>
							<td>0</td>
							<td>1</td>
							<td>0</td>
							<td>
									0%
							</td>
						</tr>
						<tr>
							<td>@createAccountNewEmail</td>
							<td>1</td>
							<td>0</td>
							<td>0</td>
							<td>
									100%
							</td>
						</tr>
						<tr>
							<td>@Guestcheckout</td>
							<td>1</td>
							<td>0</td>
							<td>0</td>
							<td>
									100%
							</td>
						</tr>
						<tr>
							<td>@login</td>
							<td>1</td>
							<td>2</td>
							<td>0</td>
							<td>
									33.333%
							</td>
						</tr>
						<tr>
							<td>@managePayment</td>
							<td>3</td>
							<td>0</td>
							<td>0</td>
							<td>
									100%
							</td>
						</tr>
						<tr>
							<td>@paypalCheckout</td>
							<td>0</td>
							<td>2</td>
							<td>0</td>
							<td>
									0%
							</td>
						</tr>
						<tr>
							<td>@preferredAccount</td>
							<td>0</td>
							<td>2</td>
							<td>0</td>
							<td>
									0%
							</td>
						</tr>
						<tr>
							<td>@quickbuy</td>
							<td>0</td>
							<td>4</td>
							<td>0</td>
							<td>
									0%
							</td>
						</tr>
						<tr>
							<td>@searchpage</td>
							<td>3</td>
							<td>0</td>
							<td>0</td>
							<td>
									100%
							</td>
						</tr>
						<tr>
							<td>@regression</td>
							<td>1</td>
							<td>0</td>
							<td>0</td>
							<td>
									100%
							</td>
						</tr>
						<tr>
							<td>@customerShoppingBag</td>
							<td>0</td>
							<td>2</td>
							<td>0</td>
							<td>
									0%
							</td>
						</tr>
						<tr>
							<td>@stretchPay</td>
							<td>1</td>
							<td>2</td>
							<td>0</td>
							<td>
									33.333%
							</td>
						</tr>
					</table>
				</div>
			</div>
		</div>
	</div>
</div>
<!-- dashboard view -->
<!-- testrunner-logs view -->		</div>
		<!-- container -->
		<script>
			var statusGroup = {
                parentCount: 11,
				passParent: 4,
				failParent: 7,
				fatalParent: 0,
				errorParent: 0,
				warningParent: 0,
				skipParent: 0,
				exceptionsParent: 7,
				childCount: 21,
				passChild: 12,
				failChild: 9,
				fatalChild: 0,
				errorChild: 0,
				warningChild: 0,
				skipChild: 0,
				infoChild: 0,
				debugChild: 0,
				exceptionsChild: 9,
				grandChildCount: 141,
				passGrandChild: 125,
				failGrandChild: 9,
				fatalGrandChild: 0,
				errorGrandChild: 0,
				warningGrandChild: 0,
				skipGrandChild: 7,
				infoGrandChild: 0,
				debugGrandChild: 0,
				exceptionsGrandChild: 16,
			};
		</script>
		<script>
			var timeline = {
			        "Sales Tax computed correctly on placing orders":45.443,"As a Guest, user should be able to checkout a product":182.094,"As a new user he should be able to create account with Jtv.com":91.63,"Jtv Login":28.218,"As a Registered user, he should be able to manage payment methods with Jtv.com":61.284,"Guest User be able to checkout item through paypal":66.616,"Registered User should be able to apply for Preferred Account option":34.42,"Registered Customers should be able to set up Quick Buy":127.343,"As a Customer user should be able to Search items":47.18,"Registered User be able to add and view shopping bag":19.763,"Registered User be able to place stretch pay orders":416.311
			};
		</script>
		<script src='http://cdn.rawgit.com/extent-framework/extent-github-cdn/b65cd69/v3html/js/extent.js' type='text/javascript'></script>
		<script type='text/javascript'>
			


$(document).ready(function() {
});

		
		</script>
	</body>
</html>