<?xml version="1.0" encoding="UTF-8"?>
<testng-results skipped="0" failed="1" ignored="0" total="14" passed="13">
  <reporter-output>
    <line>
      <![CDATA['Sedhu' is entered in 'By.id: firstName']]>
    </line>
    <line>
      <![CDATA['Madhavan' is entered in 'By.id: lastName']]>
    </line>
    <line>
      <![CDATA['jQlruocTem@gmail.com' is entered in 'By.id: email']]>
    </line>
    <line>
      <![CDATA['6618037747' is entered in 'By.id: user.attributes.phoneNumber']]>
    </line>
    <line>
      <![CDATA['knoxville' is entered in 'By.id: password']]>
    </line>
    <line>
      <![CDATA['knoxville' is entered in 'By.id: password-confirm']]>
    </line>
    <line>
      <![CDATA[clicked on element By.cssSelector: input.btn.btn-primary.btn-block.btn-lg]]>
    </line>
    <line>
      <![CDATA[Driver is Closed]]>
    </line>
    <line>
      <![CDATA['jtv' is entered in 'By.id: firstName']]>
    </line>
    <line>
      <![CDATA['user' is entered in 'By.id: lastName']]>
    </line>
    <line>
      <![CDATA['msedhu@gmail.com' is entered in 'By.id: email']]>
    </line>
    <line>
      <![CDATA['6618037747' is entered in 'By.id: user.attributes.phoneNumber']]>
    </line>
    <line>
      <![CDATA['knoxville' is entered in 'By.id: password']]>
    </line>
    <line>
      <![CDATA['knoxville' is entered in 'By.id: password-confirm']]>
    </line>
    <line>
      <![CDATA[clicked on element By.cssSelector: input.btn.btn-primary.btn-block.btn-lg]]>
    </line>
    <line>
      <![CDATA[Driver is Closed]]>
    </line>
    <line>
      <![CDATA[clicked on element By.cssSelector: a.nav-link[href*='jewelry/_'] ]]>
    </line>
    <line>
      <![CDATA[clicked on element By.id: checkout-now]]>
    </line>
    <line>
      <![CDATA[clicked on element By.cssSelector: div.already-new-msg + a]]>
    </line>
    <line>
      <![CDATA['Sedhu' is entered in 'By.id: firstName']]>
    </line>
    <line>
      <![CDATA['Madhavan' is entered in 'By.id: lastName']]>
    </line>
    <line>
      <![CDATA['msedhu@gmail.com' is entered in 'By.id: email']]>
    </line>
    <line>
      <![CDATA['6618037747' is entered in 'By.id: user.attributes.phoneNumber']]>
    </line>
    <line>
      <![CDATA['knoxville' is entered in 'By.id: password']]>
    </line>
    <line>
      <![CDATA['knoxville' is entered in 'By.id: password-confirm']]>
    </line>
    <line>
      <![CDATA[clicked on element By.cssSelector: input.btn.btn-primary.btn-block.btn-lg]]>
    </line>
    <line>
      <![CDATA[Driver is Closed]]>
    </line>
    <line>
      <![CDATA[clicked on element By.cssSelector: a.nav-link[href*='jewelry/_'] ]]>
    </line>
    <line>
      <![CDATA[clicked on element By.id: checkout-now]]>
    </line>
    <line>
      <![CDATA[clicked on element By.cssSelector: div.already-new-msg + a]]>
    </line>
    <line>
      <![CDATA['jtv' is entered in 'By.id: firstName']]>
    </line>
    <line>
      <![CDATA['user' is entered in 'By.id: lastName']]>
    </line>
    <line>
      <![CDATA['s6r4aVpvFb@gmail.com' is entered in 'By.id: email']]>
    </line>
    <line>
      <![CDATA['6618037747' is entered in 'By.id: user.attributes.phoneNumber']]>
    </line>
    <line>
      <![CDATA['knoxville' is entered in 'By.id: password']]>
    </line>
    <line>
      <![CDATA['knoxville' is entered in 'By.id: password-confirm']]>
    </line>
    <line>
      <![CDATA[clicked on element By.cssSelector: input.btn.btn-primary.btn-block.btn-lg]]>
    </line>
    <line>
      <![CDATA[Driver is Closed]]>
    </line>
    <line>
      <![CDATA[clicked on element By.cssSelector: a.nav-link[href*='jewelry/_'] ]]>
    </line>
    <line>
      <![CDATA[clicked on element By.id: checkout-now]]>
    </line>
    <line>
      <![CDATA[clicked on element By.xpath: //a[contains(text(),'Guest Checkout')]]]>
    </line>
    <line>
      <![CDATA['Sedhu' is entered in 'By.id: first-name']]>
    </line>
    <line>
      <![CDATA['M' is entered in 'By.id: last-name']]>
    </line>
    <line>
      <![CDATA['1234567890' is entered in 'By.id: phone']]>
    </line>
    <line>
      <![CDATA['1301 Dunwoody Gables Drive' is entered in 'By.id: address-1']]>
    </line>
    <line>
      <![CDATA['' is entered in 'By.id: address-2']]>
    </line>
    <line>
      <![CDATA['Dunwoody' is entered in 'By.id: city']]>
    </line>
    <line>
      <![CDATA[dropdown 'By.id: country' is selected]]>
    </line>
    <line>
      <![CDATA[text 'United States' is selected from the dropdown 'By.id: country']]>
    </line>
    <line>
      <![CDATA[dropdown 'By.id: state' is selected]]>
    </line>
    <line>
      <![CDATA[text 'GA' is selected from the dropdown 'By.id: state']]>
    </line>
    <line>
      <![CDATA['30338' is entered in 'By.id: zip']]>
    </line>
    <line>
      <![CDATA[clicked on element By.xpath: (//button[contains(text(),'Continue To Billing')])[1]]]>
    </line>
    <line>
      <![CDATA[clicked on element By.cssSelector: input#suggested + label]]>
    </line>
    <line>
      <![CDATA[clicked on element By.id: use-avs-address]]>
    </line>
    <line>
      <![CDATA[dropdown 'By.id: month' is selected]]>
    </line>
    <line>
      <![CDATA[text '07' is selected from the dropdown 'By.id: month']]>
    </line>
    <line>
      <![CDATA[dropdown 'By.id: year' is selected]]>
    </line>
    <line>
      <![CDATA[text '2020' is selected from the dropdown 'By.id: year']]>
    </line>
    <line>
      <![CDATA['msm@jtv.com' is entered in 'By.id: email-same-as-shipping']]>
    </line>
    <line>
      <![CDATA[clicked on element By.xpath: (//button[contains(text(),'Review Your Order')])[2]]]>
    </line>
    <line>
      <![CDATA[clicked on element By.id: method-submit]]>
    </line>
    <line>
      <![CDATA[Driver is Closed]]>
    </line>
    <line>
      <![CDATA[clicked on element By.xpath: //a[contains(text(),'Sign in to see your information')]]]>
    </line>
    <line>
      <![CDATA['sedhu.madhavan@jtv.com' is entered in 'By.id: username']]>
    </line>
    <line>
      <![CDATA['reliance' is entered in 'By.id: password']]>
    </line>
    <line>
      <![CDATA[clicked on element By.id: kc-login]]>
    </line>
    <line>
      <![CDATA[Fail: timeout error: element 'By.xpath: //a[text()='My Account']' not present]]>
    </line>
    <line>
      <![CDATA[Fail: Unable to get text 'By.cssSelector: div.account-heading h1']]>
    </line>
    <line>
      <![CDATA[Driver is Closed]]>
    </line>
    <line>
      <![CDATA[clicked on element By.xpath: //a[contains(text(),'Sign in to see your information')]]]>
    </line>
    <line>
      <![CDATA['sedhu.madhavan@jtv.com' is entered in 'By.id: username']]>
    </line>
    <line>
      <![CDATA['reliance123' is entered in 'By.id: password']]>
    </line>
    <line>
      <![CDATA[clicked on element By.id: kc-login]]>
    </line>
    <line>
      <![CDATA[Driver is Closed]]>
    </line>
    <line>
      <![CDATA[clicked on element By.xpath: //a[contains(text(),'Sign in to see your information')]]]>
    </line>
    <line>
      <![CDATA['sedhu.madhavan@jtv.com' is entered in 'By.id: username']]>
    </line>
    <line>
      <![CDATA['reliance' is entered in 'By.id: password']]>
    </line>
    <line>
      <![CDATA[clicked on element By.id: kc-login]]>
    </line>
    <line>
      <![CDATA[clicked on element By.cssSelector: a[href*='payment.jsp'][ role='menuitem']]]>
    </line>
    <line>
      <![CDATA[Driver is Closed]]>
    </line>
    <line>
      <![CDATA[clicked on element By.xpath: //a[contains(text(),'Sign in to see your information')]]]>
    </line>
    <line>
      <![CDATA['sedhu.madhavan@jtv.com' is entered in 'By.id: username']]>
    </line>
    <line>
      <![CDATA['reliance' is entered in 'By.id: password']]>
    </line>
    <line>
      <![CDATA[clicked on element By.id: kc-login]]>
    </line>
    <line>
      <![CDATA[clicked on element By.cssSelector: a.edit-link]]>
    </line>
    <line>
      <![CDATA[clicked on element By.xpath: //a[text()='Delete This Address']]]>
    </line>
    <line>
      <![CDATA[clicked on element By.id: submit]]>
    </line>
    <line>
      <![CDATA[clicked on element By.cssSelector: div.account-section.edit-quickbuy a]]>
    </line>
    <line>
      <![CDATA[Driver is Closed]]>
    </line>
    <line>
      <![CDATA[clicked on element By.xpath: //a[contains(text(),'Sign in to see your information')]]]>
    </line>
    <line>
      <![CDATA['sedhu.madhavan@jtv.com' is entered in 'By.id: username']]>
    </line>
    <line>
      <![CDATA['reliance' is entered in 'By.id: password']]>
    </line>
    <line>
      <![CDATA[clicked on element By.id: kc-login]]>
    </line>
    <line>
      <![CDATA['Sedhu' is entered in 'By.id: qb-first']]>
    </line>
    <line>
      <![CDATA['M' is entered in 'By.id: qb-last']]>
    </line>
    <line>
      <![CDATA['1305 Dunwoody Gables Dr' is entered in 'By.id: qb-address-1']]>
    </line>
    <line>
      <![CDATA['' is entered in 'By.id: qb-address-2']]>
    </line>
    <line>
      <![CDATA['Dunwoody' is entered in 'By.id: qb-city']]>
    </line>
    <line>
      <![CDATA[dropdown 'By.id: qb-country' is selected]]>
    </line>
    <line>
      <![CDATA[text 'United States' is selected from the dropdown 'By.id: qb-country']]>
    </line>
    <line>
      <![CDATA[dropdown 'By.id: qb-state' is selected]]>
    </line>
    <line>
      <![CDATA[text 'GA - Georgia' is selected from the dropdown 'By.id: qb-state']]>
    </line>
    <line>
      <![CDATA['30338' is entered in 'By.id: qb-zip-shipping']]>
    </line>
    <line>
      <![CDATA[By.cssSelector: label[for='shipping'] Checkbox is selected]]>
    </line>
    <line>
      <![CDATA[clicked on element By.id: submit-address-form]]>
    </line>
    <line>
      <![CDATA[clicked on element By.cssSelector: input#suggested + label]]>
    </line>
    <line>
      <![CDATA[clicked on element By.id: use-avs-address]]>
    </line>
    <line>
      <![CDATA[Driver is Closed]]>
    </line>
    <line>
      <![CDATA[clicked on element By.xpath: //a[contains(text(),'Sign in to see your information')]]]>
    </line>
    <line>
      <![CDATA['msedhu@gmail.com' is entered in 'By.id: username']]>
    </line>
    <line>
      <![CDATA['reliance' is entered in 'By.id: password']]>
    </line>
    <line>
      <![CDATA[clicked on element By.id: kc-login]]>
    </line>
    <line>
      <![CDATA[clicked on element By.id: quick-buy-submit]]>
    </line>
    <line>
      <![CDATA[clicked on element By.id: method-submit]]>
    </line>
    <line>
      <![CDATA[Driver is Closed]]>
    </line>
    <line>
      <![CDATA[clicked on element By.xpath: //a[contains(text(),'Sign in to see your information')]]]>
    </line>
    <line>
      <![CDATA['sedhu.madhavan@jtv.com' is entered in 'By.id: username']]>
    </line>
    <line>
      <![CDATA['reliance' is entered in 'By.id: password']]>
    </line>
    <line>
      <![CDATA[clicked on element By.id: kc-login]]>
    </line>
    <line>
      <![CDATA[Driver is Closed]]>
    </line>
    <line>
      <![CDATA[clicked on element By.xpath: //a[contains(text(),'Sign in to see your information')]]]>
    </line>
    <line>
      <![CDATA['sedhu.madhavan@jtv.com' is entered in 'By.id: username']]>
    </line>
    <line>
      <![CDATA['reliance' is entered in 'By.id: password']]>
    </line>
    <line>
      <![CDATA[clicked on element By.id: kc-login]]>
    </line>
    <line>
      <![CDATA['Ring' is entered in 'By.id: keyword']]>
    </line>
    <line>
      <![CDATA[Fail: Error occured while waiting for element to disappear</br>[Ljava.lang.StackTraceElement;@7af7c9aa]]>
    </line>
    <line>
      <![CDATA[Driver is Closed]]>
    </line>
    <line>
      <![CDATA[clicked on element By.xpath: //a[contains(text(),'Sign in to see your information')]]]>
    </line>
    <line>
      <![CDATA['sedhu.madhavan@jtv.com' is entered in 'By.id: username']]>
    </line>
    <line>
      <![CDATA['reliance' is entered in 'By.id: password']]>
    </line>
    <line>
      <![CDATA[clicked on element By.id: kc-login]]>
    </line>
    <line>
      <![CDATA[Driver is Closed]]>
    </line>
  </reporter-output>
  <suite name="runners.TestRunner" duration-ms="349151" started-at="2019-08-01T17:52:20Z" finished-at="2019-08-01T17:58:09Z">
    <groups>
      <group name="cucumber">
        <method signature="AbstractTestNGCucumberTests.runScenario(cucumber.api.testng.PickleEventWrapper, cucumber.api.testng.CucumberFeatureWrapper)[pri:0, instance:runners.TestRunner@79ca92b9]" name="runScenario" class="cucumber.api.testng.AbstractTestNGCucumberTests"/>
      </group> <!-- cucumber -->
    </groups>
    <test name="Command line test" duration-ms="349151" started-at="2019-08-01T17:52:20Z" finished-at="2019-08-01T17:58:09Z">
      <class name="runners.TestRunner">
        <test-method status="PASS" signature="setUpClass()[pri:0, instance:runners.TestRunner@79ca92b9]" name="setUpClass" is-config="true" duration-ms="70" started-at="2019-08-01T13:52:20Z" finished-at="2019-08-01T13:52:20Z">
          <reporter-output>
          </reporter-output>
        </test-method> <!-- setUpClass -->
        <test-method status="PASS" signature="runScenario(cucumber.api.testng.PickleEventWrapper, cucumber.api.testng.CucumberFeatureWrapper)[pri:0, instance:runners.TestRunner@79ca92b9]" name="runScenario" duration-ms="28089" started-at="2019-08-01T13:52:20Z" description="Runs Cucumber Scenarios" data-provider="scenarios" finished-at="2019-08-01T13:52:48Z">
          <params>
            <param index="0">
              <value>
                <![CDATA["User Creates new account with jtv.com"]]>
              </value>
            </param>
            <param index="1">
              <value>
                <![CDATA["As a new user he should be able to create account with Jtv.com"]]>
              </value>
            </param>
          </params>
          <reporter-output>
            <line>
              <![CDATA['Sedhu' is entered in 'By.id: firstName']]>
            </line>
            <line>
              <![CDATA['Madhavan' is entered in 'By.id: lastName']]>
            </line>
            <line>
              <![CDATA['jQlruocTem@gmail.com' is entered in 'By.id: email']]>
            </line>
            <line>
              <![CDATA['6618037747' is entered in 'By.id: user.attributes.phoneNumber']]>
            </line>
            <line>
              <![CDATA['knoxville' is entered in 'By.id: password']]>
            </line>
            <line>
              <![CDATA['knoxville' is entered in 'By.id: password-confirm']]>
            </line>
            <line>
              <![CDATA[clicked on element By.cssSelector: input.btn.btn-primary.btn-block.btn-lg]]>
            </line>
            <line>
              <![CDATA[Driver is Closed]]>
            </line>
          </reporter-output>
        </test-method> <!-- runScenario -->
        <test-method status="PASS" signature="runScenario(cucumber.api.testng.PickleEventWrapper, cucumber.api.testng.CucumberFeatureWrapper)[pri:0, instance:runners.TestRunner@79ca92b9]" name="runScenario" duration-ms="8389" started-at="2019-08-01T13:52:48Z" description="Runs Cucumber Scenarios" data-provider="scenarios" finished-at="2019-08-01T13:52:57Z">
          <params>
            <param index="0">
              <value>
                <![CDATA["User Registers with existing Email address"]]>
              </value>
            </param>
            <param index="1">
              <value>
                <![CDATA["As a new user he should be able to create account with Jtv.com"]]>
              </value>
            </param>
          </params>
          <reporter-output>
            <line>
              <![CDATA['jtv' is entered in 'By.id: firstName']]>
            </line>
            <line>
              <![CDATA['user' is entered in 'By.id: lastName']]>
            </line>
            <line>
              <![CDATA['msedhu@gmail.com' is entered in 'By.id: email']]>
            </line>
            <line>
              <![CDATA['6618037747' is entered in 'By.id: user.attributes.phoneNumber']]>
            </line>
            <line>
              <![CDATA['knoxville' is entered in 'By.id: password']]>
            </line>
            <line>
              <![CDATA['knoxville' is entered in 'By.id: password-confirm']]>
            </line>
            <line>
              <![CDATA[clicked on element By.cssSelector: input.btn.btn-primary.btn-block.btn-lg]]>
            </line>
            <line>
              <![CDATA[Driver is Closed]]>
            </line>
          </reporter-output>
        </test-method> <!-- runScenario -->
        <test-method status="PASS" signature="runScenario(cucumber.api.testng.PickleEventWrapper, cucumber.api.testng.CucumberFeatureWrapper)[pri:0, instance:runners.TestRunner@79ca92b9]" name="runScenario" duration-ms="33479" started-at="2019-08-01T13:52:57Z" description="Runs Cucumber Scenarios" data-provider="scenarios" finished-at="2019-08-01T13:53:30Z">
          <params>
            <param index="0">
              <value>
                <![CDATA["Guest cannot create account with existing email address"]]>
              </value>
            </param>
            <param index="1">
              <value>
                <![CDATA["As a new user he should be able to create account with Jtv.com"]]>
              </value>
            </param>
          </params>
          <reporter-output>
            <line>
              <![CDATA[clicked on element By.cssSelector: a.nav-link[href*='jewelry/_'] ]]>
            </line>
            <line>
              <![CDATA[clicked on element By.id: checkout-now]]>
            </line>
            <line>
              <![CDATA[clicked on element By.cssSelector: div.already-new-msg + a]]>
            </line>
            <line>
              <![CDATA['Sedhu' is entered in 'By.id: firstName']]>
            </line>
            <line>
              <![CDATA['Madhavan' is entered in 'By.id: lastName']]>
            </line>
            <line>
              <![CDATA['msedhu@gmail.com' is entered in 'By.id: email']]>
            </line>
            <line>
              <![CDATA['6618037747' is entered in 'By.id: user.attributes.phoneNumber']]>
            </line>
            <line>
              <![CDATA['knoxville' is entered in 'By.id: password']]>
            </line>
            <line>
              <![CDATA['knoxville' is entered in 'By.id: password-confirm']]>
            </line>
            <line>
              <![CDATA[clicked on element By.cssSelector: input.btn.btn-primary.btn-block.btn-lg]]>
            </line>
            <line>
              <![CDATA[Driver is Closed]]>
            </line>
          </reporter-output>
        </test-method> <!-- runScenario -->
        <test-method status="PASS" signature="runScenario(cucumber.api.testng.PickleEventWrapper, cucumber.api.testng.CucumberFeatureWrapper)[pri:0, instance:runners.TestRunner@79ca92b9]" name="runScenario" duration-ms="44738" started-at="2019-08-01T13:53:30Z" description="Runs Cucumber Scenarios" data-provider="scenarios" finished-at="2019-08-01T13:54:15Z">
          <params>
            <param index="0">
              <value>
                <![CDATA["Guest cannot create account with existing email address"]]>
              </value>
            </param>
            <param index="1">
              <value>
                <![CDATA["As a new user he should be able to create account with Jtv.com"]]>
              </value>
            </param>
          </params>
          <reporter-output>
            <line>
              <![CDATA[clicked on element By.cssSelector: a.nav-link[href*='jewelry/_'] ]]>
            </line>
            <line>
              <![CDATA[clicked on element By.id: checkout-now]]>
            </line>
            <line>
              <![CDATA[clicked on element By.cssSelector: div.already-new-msg + a]]>
            </line>
            <line>
              <![CDATA['jtv' is entered in 'By.id: firstName']]>
            </line>
            <line>
              <![CDATA['user' is entered in 'By.id: lastName']]>
            </line>
            <line>
              <![CDATA['s6r4aVpvFb@gmail.com' is entered in 'By.id: email']]>
            </line>
            <line>
              <![CDATA['6618037747' is entered in 'By.id: user.attributes.phoneNumber']]>
            </line>
            <line>
              <![CDATA['knoxville' is entered in 'By.id: password']]>
            </line>
            <line>
              <![CDATA['knoxville' is entered in 'By.id: password-confirm']]>
            </line>
            <line>
              <![CDATA[clicked on element By.cssSelector: input.btn.btn-primary.btn-block.btn-lg]]>
            </line>
            <line>
              <![CDATA[Driver is Closed]]>
            </line>
          </reporter-output>
        </test-method> <!-- runScenario -->
        <test-method status="PASS" signature="runScenario(cucumber.api.testng.PickleEventWrapper, cucumber.api.testng.CucumberFeatureWrapper)[pri:0, instance:runners.TestRunner@79ca92b9]" name="runScenario" duration-ms="44335" started-at="2019-08-01T13:54:15Z" description="Runs Cucumber Scenarios" data-provider="scenarios" finished-at="2019-08-01T13:54:59Z">
          <params>
            <param index="0">
              <value>
                <![CDATA["User checkouts a product as Guest and place an order"]]>
              </value>
            </param>
            <param index="1">
              <value>
                <![CDATA["As a Guest, user should be able to checkout a product"]]>
              </value>
            </param>
          </params>
          <reporter-output>
            <line>
              <![CDATA[clicked on element By.cssSelector: a.nav-link[href*='jewelry/_'] ]]>
            </line>
            <line>
              <![CDATA[clicked on element By.id: checkout-now]]>
            </line>
            <line>
              <![CDATA[clicked on element By.xpath: //a[contains(text(),'Guest Checkout')]]]>
            </line>
            <line>
              <![CDATA['Sedhu' is entered in 'By.id: first-name']]>
            </line>
            <line>
              <![CDATA['M' is entered in 'By.id: last-name']]>
            </line>
            <line>
              <![CDATA['1234567890' is entered in 'By.id: phone']]>
            </line>
            <line>
              <![CDATA['1301 Dunwoody Gables Drive' is entered in 'By.id: address-1']]>
            </line>
            <line>
              <![CDATA['' is entered in 'By.id: address-2']]>
            </line>
            <line>
              <![CDATA['Dunwoody' is entered in 'By.id: city']]>
            </line>
            <line>
              <![CDATA[dropdown 'By.id: country' is selected]]>
            </line>
            <line>
              <![CDATA[text 'United States' is selected from the dropdown 'By.id: country']]>
            </line>
            <line>
              <![CDATA[dropdown 'By.id: state' is selected]]>
            </line>
            <line>
              <![CDATA[text 'GA' is selected from the dropdown 'By.id: state']]>
            </line>
            <line>
              <![CDATA['30338' is entered in 'By.id: zip']]>
            </line>
            <line>
              <![CDATA[clicked on element By.xpath: (//button[contains(text(),'Continue To Billing')])[1]]]>
            </line>
            <line>
              <![CDATA[clicked on element By.cssSelector: input#suggested + label]]>
            </line>
            <line>
              <![CDATA[clicked on element By.id: use-avs-address]]>
            </line>
            <line>
              <![CDATA[dropdown 'By.id: month' is selected]]>
            </line>
            <line>
              <![CDATA[text '07' is selected from the dropdown 'By.id: month']]>
            </line>
            <line>
              <![CDATA[dropdown 'By.id: year' is selected]]>
            </line>
            <line>
              <![CDATA[text '2020' is selected from the dropdown 'By.id: year']]>
            </line>
            <line>
              <![CDATA['msm@jtv.com' is entered in 'By.id: email-same-as-shipping']]>
            </line>
            <line>
              <![CDATA[clicked on element By.xpath: (//button[contains(text(),'Review Your Order')])[2]]]>
            </line>
            <line>
              <![CDATA[clicked on element By.id: method-submit]]>
            </line>
            <line>
              <![CDATA[Driver is Closed]]>
            </line>
          </reporter-output>
        </test-method> <!-- runScenario -->
        <test-method status="FAIL" signature="runScenario(cucumber.api.testng.PickleEventWrapper, cucumber.api.testng.CucumberFeatureWrapper)[pri:0, instance:runners.TestRunner@79ca92b9]" name="runScenario" duration-ms="24676" started-at="2019-08-01T13:54:59Z" description="Runs Cucumber Scenarios" data-provider="scenarios" finished-at="2019-08-01T13:55:24Z">
          <params>
            <param index="0">
              <value>
                <![CDATA["User Logins with valid username and password"]]>
              </value>
            </param>
            <param index="1">
              <value>
                <![CDATA["Jtv Login"]]>
              </value>
            </param>
          </params>
          <exception class="java.lang.NullPointerException">
            <full-stacktrace>
              <![CDATA[java.lang.NullPointerException
	at pageObjects.AccountHomePage.isAccountHomePageOpened(AccountHomePage.java:25)
	at stepDefinitions.LoginSteps.login_should_be_successful(LoginSteps.java:39)
	at ✽.login should be successful(features/login/Login.feature:13)
]]>
            </full-stacktrace>
          </exception> <!-- java.lang.NullPointerException -->
          <reporter-output>
            <line>
              <![CDATA[clicked on element By.xpath: //a[contains(text(),'Sign in to see your information')]]]>
            </line>
            <line>
              <![CDATA['sedhu.madhavan@jtv.com' is entered in 'By.id: username']]>
            </line>
            <line>
              <![CDATA['reliance' is entered in 'By.id: password']]>
            </line>
            <line>
              <![CDATA[clicked on element By.id: kc-login]]>
            </line>
            <line>
              <![CDATA[Fail: timeout error: element 'By.xpath: //a[text()='My Account']' not present]]>
            </line>
            <line>
              <![CDATA[Fail: Unable to get text 'By.cssSelector: div.account-heading h1']]>
            </line>
            <line>
              <![CDATA[Driver is Closed]]>
            </line>
          </reporter-output>
        </test-method> <!-- runScenario -->
        <test-method status="PASS" signature="runScenario(cucumber.api.testng.PickleEventWrapper, cucumber.api.testng.CucumberFeatureWrapper)[pri:0, instance:runners.TestRunner@79ca92b9]" name="runScenario" duration-ms="6693" started-at="2019-08-01T13:55:24Z" description="Runs Cucumber Scenarios" data-provider="scenarios" finished-at="2019-08-01T13:55:31Z">
          <params>
            <param index="0">
              <value>
                <![CDATA["User Logins with Invalid username and password"]]>
              </value>
            </param>
            <param index="1">
              <value>
                <![CDATA["Jtv Login"]]>
              </value>
            </param>
          </params>
          <reporter-output>
            <line>
              <![CDATA[clicked on element By.xpath: //a[contains(text(),'Sign in to see your information')]]]>
            </line>
            <line>
              <![CDATA['sedhu.madhavan@jtv.com' is entered in 'By.id: username']]>
            </line>
            <line>
              <![CDATA['reliance123' is entered in 'By.id: password']]>
            </line>
            <line>
              <![CDATA[clicked on element By.id: kc-login]]>
            </line>
            <line>
              <![CDATA[Driver is Closed]]>
            </line>
          </reporter-output>
        </test-method> <!-- runScenario -->
        <test-method status="PASS" signature="runScenario(cucumber.api.testng.PickleEventWrapper, cucumber.api.testng.CucumberFeatureWrapper)[pri:0, instance:runners.TestRunner@79ca92b9]" name="runScenario" duration-ms="18915" started-at="2019-08-01T13:55:31Z" description="Runs Cucumber Scenarios" data-provider="scenarios" finished-at="2019-08-01T13:55:49Z">
          <params>
            <param index="0">
              <value>
                <![CDATA["User should have provision to add new payment details"]]>
              </value>
            </param>
            <param index="1">
              <value>
                <![CDATA["As a Registered user, he should be able to manage payment methods with Jtv.com"]]>
              </value>
            </param>
          </params>
          <reporter-output>
            <line>
              <![CDATA[clicked on element By.xpath: //a[contains(text(),'Sign in to see your information')]]]>
            </line>
            <line>
              <![CDATA['sedhu.madhavan@jtv.com' is entered in 'By.id: username']]>
            </line>
            <line>
              <![CDATA['reliance' is entered in 'By.id: password']]>
            </line>
            <line>
              <![CDATA[clicked on element By.id: kc-login]]>
            </line>
            <line>
              <![CDATA[clicked on element By.cssSelector: a[href*='payment.jsp'][ role='menuitem']]]>
            </line>
            <line>
              <![CDATA[Driver is Closed]]>
            </line>
          </reporter-output>
        </test-method> <!-- runScenario -->
        <test-method status="PASS" signature="runScenario(cucumber.api.testng.PickleEventWrapper, cucumber.api.testng.CucumberFeatureWrapper)[pri:0, instance:runners.TestRunner@79ca92b9]" name="runScenario" duration-ms="27103" started-at="2019-08-01T13:55:49Z" description="Runs Cucumber Scenarios" data-provider="scenarios" finished-at="2019-08-01T13:56:17Z">
          <params>
            <param index="0">
              <value>
                <![CDATA["Verify the Quick Buy Page"]]>
              </value>
            </param>
            <param index="1">
              <value>
                <![CDATA["Registered Customers should be able to set up Quick Buy"]]>
              </value>
            </param>
          </params>
          <reporter-output>
            <line>
              <![CDATA[clicked on element By.xpath: //a[contains(text(),'Sign in to see your information')]]]>
            </line>
            <line>
              <![CDATA['sedhu.madhavan@jtv.com' is entered in 'By.id: username']]>
            </line>
            <line>
              <![CDATA['reliance' is entered in 'By.id: password']]>
            </line>
            <line>
              <![CDATA[clicked on element By.id: kc-login]]>
            </line>
            <line>
              <![CDATA[clicked on element By.cssSelector: a.edit-link]]>
            </line>
            <line>
              <![CDATA[clicked on element By.xpath: //a[text()='Delete This Address']]]>
            </line>
            <line>
              <![CDATA[clicked on element By.id: submit]]>
            </line>
            <line>
              <![CDATA[clicked on element By.cssSelector: div.account-section.edit-quickbuy a]]>
            </line>
            <line>
              <![CDATA[Driver is Closed]]>
            </line>
          </reporter-output>
        </test-method> <!-- runScenario -->
        <test-method status="PASS" signature="runScenario(cucumber.api.testng.PickleEventWrapper, cucumber.api.testng.CucumberFeatureWrapper)[pri:0, instance:runners.TestRunner@79ca92b9]" name="runScenario" duration-ms="24420" started-at="2019-08-01T13:56:17Z" description="Runs Cucumber Scenarios" data-provider="scenarios" finished-at="2019-08-01T13:56:41Z">
          <params>
            <param index="0">
              <value>
                <![CDATA["Verify adding New Address to Quick Buy"]]>
              </value>
            </param>
            <param index="1">
              <value>
                <![CDATA["Registered Customers should be able to set up Quick Buy"]]>
              </value>
            </param>
          </params>
          <reporter-output>
            <line>
              <![CDATA[clicked on element By.xpath: //a[contains(text(),'Sign in to see your information')]]]>
            </line>
            <line>
              <![CDATA['sedhu.madhavan@jtv.com' is entered in 'By.id: username']]>
            </line>
            <line>
              <![CDATA['reliance' is entered in 'By.id: password']]>
            </line>
            <line>
              <![CDATA[clicked on element By.id: kc-login]]>
            </line>
            <line>
              <![CDATA['Sedhu' is entered in 'By.id: qb-first']]>
            </line>
            <line>
              <![CDATA['M' is entered in 'By.id: qb-last']]>
            </line>
            <line>
              <![CDATA['1305 Dunwoody Gables Dr' is entered in 'By.id: qb-address-1']]>
            </line>
            <line>
              <![CDATA['' is entered in 'By.id: qb-address-2']]>
            </line>
            <line>
              <![CDATA['Dunwoody' is entered in 'By.id: qb-city']]>
            </line>
            <line>
              <![CDATA[dropdown 'By.id: qb-country' is selected]]>
            </line>
            <line>
              <![CDATA[text 'United States' is selected from the dropdown 'By.id: qb-country']]>
            </line>
            <line>
              <![CDATA[dropdown 'By.id: qb-state' is selected]]>
            </line>
            <line>
              <![CDATA[text 'GA - Georgia' is selected from the dropdown 'By.id: qb-state']]>
            </line>
            <line>
              <![CDATA['30338' is entered in 'By.id: qb-zip-shipping']]>
            </line>
            <line>
              <![CDATA[By.cssSelector: label[for='shipping'] Checkbox is selected]]>
            </line>
            <line>
              <![CDATA[clicked on element By.id: submit-address-form]]>
            </line>
            <line>
              <![CDATA[clicked on element By.cssSelector: input#suggested + label]]>
            </line>
            <line>
              <![CDATA[clicked on element By.id: use-avs-address]]>
            </line>
            <line>
              <![CDATA[Driver is Closed]]>
            </line>
          </reporter-output>
        </test-method> <!-- runScenario -->
        <test-method status="PASS" signature="runScenario(cucumber.api.testng.PickleEventWrapper, cucumber.api.testng.CucumberFeatureWrapper)[pri:0, instance:runners.TestRunner@79ca92b9]" name="runScenario" duration-ms="31960" started-at="2019-08-01T13:56:41Z" description="Runs Cucumber Scenarios" data-provider="scenarios" finished-at="2019-08-01T13:57:13Z">
          <params>
            <param index="0">
              <value>
                <![CDATA["Verify placing a quick buy order"]]>
              </value>
            </param>
            <param index="1">
              <value>
                <![CDATA["Registered Customers should be able to set up Quick Buy"]]>
              </value>
            </param>
          </params>
          <reporter-output>
            <line>
              <![CDATA[clicked on element By.xpath: //a[contains(text(),'Sign in to see your information')]]]>
            </line>
            <line>
              <![CDATA['msedhu@gmail.com' is entered in 'By.id: username']]>
            </line>
            <line>
              <![CDATA['reliance' is entered in 'By.id: password']]>
            </line>
            <line>
              <![CDATA[clicked on element By.id: kc-login]]>
            </line>
            <line>
              <![CDATA[clicked on element By.id: quick-buy-submit]]>
            </line>
            <line>
              <![CDATA[clicked on element By.id: method-submit]]>
            </line>
            <line>
              <![CDATA[Driver is Closed]]>
            </line>
          </reporter-output>
        </test-method> <!-- runScenario -->
        <test-method status="PASS" signature="runScenario(cucumber.api.testng.PickleEventWrapper, cucumber.api.testng.CucumberFeatureWrapper)[pri:0, instance:runners.TestRunner@79ca92b9]" name="runScenario" duration-ms="19347" started-at="2019-08-01T13:57:13Z" description="Runs Cucumber Scenarios" data-provider="scenarios" finished-at="2019-08-01T13:57:32Z">
          <params>
            <param index="0">
              <value>
                <![CDATA["User selects Shop by Type to shop Ring"]]>
              </value>
            </param>
            <param index="1">
              <value>
                <![CDATA["As a Customer user should be able to Search items"]]>
              </value>
            </param>
          </params>
          <reporter-output>
            <line>
              <![CDATA[clicked on element By.xpath: //a[contains(text(),'Sign in to see your information')]]]>
            </line>
            <line>
              <![CDATA['sedhu.madhavan@jtv.com' is entered in 'By.id: username']]>
            </line>
            <line>
              <![CDATA['reliance' is entered in 'By.id: password']]>
            </line>
            <line>
              <![CDATA[clicked on element By.id: kc-login]]>
            </line>
            <line>
              <![CDATA[Driver is Closed]]>
            </line>
          </reporter-output>
        </test-method> <!-- runScenario -->
        <test-method status="PASS" signature="runScenario(cucumber.api.testng.PickleEventWrapper, cucumber.api.testng.CucumberFeatureWrapper)[pri:0, instance:runners.TestRunner@79ca92b9]" name="runScenario" duration-ms="18998" started-at="2019-08-01T13:57:32Z" description="Runs Cucumber Scenarios" data-provider="scenarios" finished-at="2019-08-01T13:57:51Z">
          <params>
            <param index="0">
              <value>
                <![CDATA["User Search items to view the search results"]]>
              </value>
            </param>
            <param index="1">
              <value>
                <![CDATA["As a Customer user should be able to Search items"]]>
              </value>
            </param>
          </params>
          <reporter-output>
            <line>
              <![CDATA[clicked on element By.xpath: //a[contains(text(),'Sign in to see your information')]]]>
            </line>
            <line>
              <![CDATA['sedhu.madhavan@jtv.com' is entered in 'By.id: username']]>
            </line>
            <line>
              <![CDATA['reliance' is entered in 'By.id: password']]>
            </line>
            <line>
              <![CDATA[clicked on element By.id: kc-login]]>
            </line>
            <line>
              <![CDATA['Ring' is entered in 'By.id: keyword']]>
            </line>
            <line>
              <![CDATA[Fail: Error occured while waiting for element to disappear</br>[Ljava.lang.StackTraceElement;@7af7c9aa]]>
            </line>
            <line>
              <![CDATA[Driver is Closed]]>
            </line>
          </reporter-output>
        </test-method> <!-- runScenario -->
        <test-method status="PASS" signature="runScenario(cucumber.api.testng.PickleEventWrapper, cucumber.api.testng.CucumberFeatureWrapper)[pri:0, instance:runners.TestRunner@79ca92b9]" name="runScenario" duration-ms="17470" started-at="2019-08-01T13:57:51Z" description="Runs Cucumber Scenarios" data-provider="scenarios" finished-at="2019-08-01T13:58:09Z">
          <params>
            <param index="0">
              <value>
                <![CDATA["Registered User to view empty shopping bag"]]>
              </value>
            </param>
            <param index="1">
              <value>
                <![CDATA["Registered User be able to add and view shopping bag"]]>
              </value>
            </param>
          </params>
          <reporter-output>
            <line>
              <![CDATA[clicked on element By.xpath: //a[contains(text(),'Sign in to see your information')]]]>
            </line>
            <line>
              <![CDATA['sedhu.madhavan@jtv.com' is entered in 'By.id: username']]>
            </line>
            <line>
              <![CDATA['reliance' is entered in 'By.id: password']]>
            </line>
            <line>
              <![CDATA[clicked on element By.id: kc-login]]>
            </line>
            <line>
              <![CDATA[Driver is Closed]]>
            </line>
          </reporter-output>
        </test-method> <!-- runScenario -->
        <test-method status="PASS" signature="tearDownClass()[pri:0, instance:runners.TestRunner@79ca92b9]" name="tearDownClass" is-config="true" duration-ms="354" started-at="2019-08-01T13:58:09Z" finished-at="2019-08-01T13:58:09Z">
          <reporter-output>
          </reporter-output>
        </test-method> <!-- tearDownClass -->
        <test-method status="PASS" signature="generateHTMLReports()[pri:0, instance:runners.TestRunner@79ca92b9]" name="generateHTMLReports" is-config="true" duration-ms="622" started-at="2019-08-01T13:58:09Z" finished-at="2019-08-01T13:58:10Z">
          <reporter-output>
          </reporter-output>
        </test-method> <!-- generateHTMLReports -->
      </class> <!-- runners.TestRunner -->
    </test> <!-- Command line test -->
  </suite> <!-- runners.TestRunner -->
</testng-results>
