<?xml version="1.0" encoding="UTF-8"?>
<!-- Generated by org.testng.reporters.JUnitXMLReporter -->
<testsuite hostname="L4024.local" ignored="0" name="Command line test" tests="14" failures="1" timestamp="01 Aug 2019 17:58:09 GMT" time="349.151" errors="0">
  <testcase name="runScenario" time="28.089" classname="cucumber.api.testng.AbstractTestNGCucumberTests"/>
  <testcase name="runScenario" time="8.389" classname="cucumber.api.testng.AbstractTestNGCucumberTests"/>
  <testcase name="runScenario" time="33.479" classname="cucumber.api.testng.AbstractTestNGCucumberTests"/>
  <testcase name="runScenario" time="44.738" classname="cucumber.api.testng.AbstractTestNGCucumberTests"/>
  <testcase name="runScenario" time="44.335" classname="cucumber.api.testng.AbstractTestNGCucumberTests"/>
  <testcase name="runScenario" time="24.676" classname="cucumber.api.testng.AbstractTestNGCucumberTests">
    <failure type="java.lang.NullPointerException">
      <![CDATA[java.lang.NullPointerException
	at pageObjects.AccountHomePage.isAccountHomePageOpened(AccountHomePage.java:25)
	at stepDefinitions.LoginSteps.login_should_be_successful(LoginSteps.java:39)
	at ✽.login should be successful(features/login/Login.feature:13)
]]>
    </failure>
  </testcase> <!-- runScenario -->
  <testcase name="runScenario" time="6.693" classname="cucumber.api.testng.AbstractTestNGCucumberTests"/>
  <testcase name="runScenario" time="18.915" classname="cucumber.api.testng.AbstractTestNGCucumberTests"/>
  <testcase name="runScenario" time="27.103" classname="cucumber.api.testng.AbstractTestNGCucumberTests"/>
  <testcase name="runScenario" time="24.42" classname="cucumber.api.testng.AbstractTestNGCucumberTests"/>
  <testcase name="runScenario" time="31.96" classname="cucumber.api.testng.AbstractTestNGCucumberTests"/>
  <testcase name="runScenario" time="19.347" classname="cucumber.api.testng.AbstractTestNGCucumberTests"/>
  <testcase name="runScenario" time="18.998" classname="cucumber.api.testng.AbstractTestNGCucumberTests"/>
  <testcase name="runScenario" time="17.47" classname="cucumber.api.testng.AbstractTestNGCucumberTests"/>
</testsuite> <!-- Command line test -->
